#
# There is insufficient memory for the Java Runtime Environment to continue.
# Native memory allocation (malloc) failed to allocate 875696 bytes for Chunk::new
# Possible reasons:
#   The system is out of physical RAM or swap space
#   The process is running with CompressedOops enabled, and the Java Heap may be blocking the growth of the native heap
# Possible solutions:
#   Reduce memory load on the system
#   Increase physical memory or swap space
#   Check if swap backing store is full
#   Decrease Java heap size (-Xmx/-Xms)
#   Decrease number of Java threads
#   Decrease Java thread stack sizes (-Xss)
#   Set larger code cache with -XX:ReservedCodeCacheSize=
#   JVM is running with Unscaled Compressed Oops mode in which the Java heap is
#     placed in the first 4GB address space. The Java Heap base address is the
#     maximum limit for the native heap growth. Please use -XX:HeapBaseMinAddress
#     to set the Java Heap base and to place the Java Heap above 4GB virtual address.
# This output file may be truncated or incomplete.
#
#  Out of Memory Error (arena.cpp:191), pid=7028, tid=11728
#
# JRE version: OpenJDK Runtime Environment Temurin-17.0.10+7 (17.0.10+7) (build 17.0.10+7)
# Java VM: OpenJDK 64-Bit Server VM Temurin-17.0.10+7 (17.0.10+7, mixed mode, sharing, tiered, compressed oops, compressed class ptrs, g1 gc, windows-amd64)
# No core dump will be written. Minidumps are not enabled by default on client versions of Windows
#

---------------  S U M M A R Y ------------

Command Line: -XX:MaxMetaspaceSize=512m --add-opens=java.base/java.util=ALL-UNNAMED --add-opens=java.base/java.lang=ALL-UNNAMED --add-opens=java.base/java.lang.invoke=ALL-UNNAMED --add-opens=java.prefs/java.util.prefs=ALL-UNNAMED --add-opens=java.base/java.nio.charset=ALL-UNNAMED --add-opens=java.base/java.net=ALL-UNNAMED --add-opens=java.base/java.util.concurrent.atomic=ALL-UNNAMED -Xmx2048m -Dfile.encoding=windows-1252 -Duser.country=US -Duser.language=en -Duser.variant -javaagent:C:\Users\Asus\.gradle\wrapper\dists\gradle-8.3-all\6en3ugtfdg5xnpx44z4qbwgas\gradle-8.3\lib\agents\gradle-instrumentation-agent-8.3.jar org.gradle.launcher.daemon.bootstrap.GradleDaemon 8.3

Host: AMD Ryzen 5 5600H with Radeon Graphics         , 12 cores, 7G,  Windows 11 , 64 bit Build 22621 (10.0.22621.3527)
Time: Sat Jun  8 16:49:43 2024 India Standard Time elapsed time: 106.174571 seconds (0d 0h 1m 46s)

---------------  T H R E A D  ---------------

Current thread (0x00000289d89b66b0):  JavaThread "C2 CompilerThread0" daemon [_thread_in_native, id=11728, stack(0x000000ee20b00000,0x000000ee20c00000)]


Current CompileTask:
C2: 106174 10135       4       java.beans.MethodRef::set (58 bytes)

Stack: [0x000000ee20b00000,0x000000ee20c00000]
Native frames: (J=compiled Java code, j=interpreted, Vv=VM code, C=native code)
V  [jvm.dll+0x67d2c9]
V  [jvm.dll+0x834afa]
V  [jvm.dll+0x8365be]
V  [jvm.dll+0x836c23]
V  [jvm.dll+0x2477ff]
V  [jvm.dll+0xac514]
V  [jvm.dll+0xacb5c]
V  [jvm.dll+0x2aed1f]
V  [jvm.dll+0x584b67]
V  [jvm.dll+0x2228a2]
V  [jvm.dll+0x21b942]
V  [jvm.dll+0x219201]
V  [jvm.dll+0x1a502d]
V  [jvm.dll+0x2290de]
V  [jvm.dll+0x2272ac]
V  [jvm.dll+0x7e9bb7]
V  [jvm.dll+0x7e3fba]
V  [jvm.dll+0x67c1b5]
C  [ucrtbase.dll+0x29333]
C  [KERNEL32.DLL+0x1257d]
C  [ntdll.dll+0x5aa48]


---------------  P R O C E S S  ---------------

Threads class SMR info:
_java_thread_list=0x00000289fcf5a7c0, length=129, elements={
0x00000289ba0c2af0, 0x00000289d898d0b0, 0x00000289d898df30, 0x00000289d89a7990,
0x00000289d89a8460, 0x00000289d89aaf30, 0x00000289d89ad900, 0x00000289d89b66b0,
0x00000289d89c0690, 0x00000289d89e43d0, 0x00000289d8bd0e10, 0x00000289d8d0f830,
0x00000289f928d200, 0x00000289f8e55060, 0x00000289d8bcc7d0, 0x00000289f8a50c30,
0x00000289f927b6c0, 0x00000289f875f650, 0x00000289f875e720, 0x00000289f875fb60,
0x00000289f875ec30, 0x00000289f875f140, 0x00000289f8760070, 0x00000289fa3b0aa0,
0x00000289fa3b0fb0, 0x00000289fa3b14c0, 0x00000289fa3b3d40, 0x00000289fa3b0590,
0x00000289fa3b4760, 0x00000289fa3b19d0, 0x00000289fa3b5180, 0x00000289fa3b4c70,
0x00000289fa3b74f0, 0x00000289fa3b1ee0, 0x00000289fa3b3830, 0x00000289fa3b6fe0,
0x00000289fa3b2900, 0x00000289fa3b60b0, 0x00000289fa3b0080, 0x00000289fa3b3320,
0x00000289fa3b2e10, 0x00000289fa3b65c0, 0x00000289fa3b6ad0, 0x00000289fa3b7a00,
0x00000289fa6ba8c0, 0x00000289fa6b66f0, 0x00000289fa6b6c00, 0x00000289fa6b61e0,
0x00000289fa6b7620, 0x00000289fa6b7b30, 0x00000289fa6b9ea0, 0x00000289fa6b7110,
0x00000289fa6bb7f0, 0x00000289fa6badd0, 0x00000289fa6b57c0, 0x00000289fa6b8040,
0x00000289fa6ba3b0, 0x00000289fa6bb2e0, 0x00000289fa6b8550, 0x00000289fa6b8a60,
0x00000289fa6b8f70, 0x00000289fa6bbd00, 0x00000289fa6b9480, 0x00000289fa6bc210,
0x00000289fa6b5cd0, 0x00000289fa6b9990, 0x00000289fa6bc720, 0x00000289fab13910,
0x00000289fab14840, 0x00000289fab129e0, 0x00000289fab11ab0, 0x00000289fab12ef0,
0x00000289fab13400, 0x00000289fab13e20, 0x00000289fab11fc0, 0x00000289fab14330,
0x00000289fab15260, 0x00000289fab14d50, 0x00000289fab124d0, 0x00000289fb0cf6c0,
0x00000289fb0cf1b0, 0x00000289fb0ce790, 0x00000289fb0d1f40, 0x00000289fb0ceca0,
0x00000289fb0cfbd0, 0x00000289fb0d05f0, 0x00000289fb0d00e0, 0x00000289fb0d0b00,
0x00000289fb0d1010, 0x00000289fb0d1520, 0x00000289fb0d1a30, 0x00000289fb963920,
0x00000289fb965270, 0x00000289fb962f00, 0x00000289fb9661a0, 0x00000289fb964850,
0x00000289fb964d60, 0x00000289fb963e30, 0x00000289fb9629f0, 0x00000289fb963410,
0x00000289fb964340, 0x00000289fb965780, 0x00000289fb352f10, 0x00000289fb3575f0,
0x00000289fb3566c0, 0x00000289fb352a00, 0x00000289fb354860, 0x00000289fb355790,
0x00000289fb357b00, 0x00000289fb354d70, 0x00000289fb3570e0, 0x00000289fb353420,
0x00000289fb356bd0, 0x00000289fb359960, 0x00000289fb359e70, 0x00000289fb35a380,
0x00000289fb355280, 0x00000289fb358520, 0x00000289fb353930, 0x00000289fb358010,
0x00000289fb358a30, 0x00000289fb353e40, 0x00000289fb358f40, 0x00000289fb359450,
0x00000289fb354350, 0x00000289fb355ca0, 0x00000289fb3561b0, 0x00000289fc1774f0,
0x00000289fba1a5b0
}

Java Threads: ( => current thread )
  0x00000289ba0c2af0 JavaThread "main" [_thread_blocked, id=24760, stack(0x000000ee1fe00000,0x000000ee1ff00000)]
  0x00000289d898d0b0 JavaThread "Reference Handler" daemon [_thread_blocked, id=28620, stack(0x000000ee20500000,0x000000ee20600000)]
  0x00000289d898df30 JavaThread "Finalizer" daemon [_thread_blocked, id=8836, stack(0x000000ee20600000,0x000000ee20700000)]
  0x00000289d89a7990 JavaThread "Signal Dispatcher" daemon [_thread_blocked, id=11912, stack(0x000000ee20700000,0x000000ee20800000)]
  0x00000289d89a8460 JavaThread "Attach Listener" daemon [_thread_blocked, id=18736, stack(0x000000ee20800000,0x000000ee20900000)]
  0x00000289d89aaf30 JavaThread "Service Thread" daemon [_thread_blocked, id=5876, stack(0x000000ee20900000,0x000000ee20a00000)]
  0x00000289d89ad900 JavaThread "Monitor Deflation Thread" daemon [_thread_blocked, id=21660, stack(0x000000ee20a00000,0x000000ee20b00000)]
=>0x00000289d89b66b0 JavaThread "C2 CompilerThread0" daemon [_thread_in_native, id=11728, stack(0x000000ee20b00000,0x000000ee20c00000)]
  0x00000289d89c0690 JavaThread "C1 CompilerThread0" daemon [_thread_blocked, id=3360, stack(0x000000ee20c00000,0x000000ee20d00000)]
  0x00000289d89e43d0 JavaThread "Sweeper thread" daemon [_thread_blocked, id=17400, stack(0x000000ee20d00000,0x000000ee20e00000)]
  0x00000289d8bd0e10 JavaThread "Common-Cleaner" daemon [_thread_blocked, id=28972, stack(0x000000ee20e00000,0x000000ee20f00000)]
  0x00000289d8d0f830 JavaThread "Notification Thread" daemon [_thread_blocked, id=24344, stack(0x000000ee20f00000,0x000000ee21000000)]
  0x00000289f928d200 JavaThread "Daemon health stats" [_thread_blocked, id=6316, stack(0x000000ee21500000,0x000000ee21600000)]
  0x00000289f8e55060 JavaThread "Incoming local TCP Connector on port 56216" [_thread_in_native, id=8520, stack(0x000000ee21600000,0x000000ee21700000)]
  0x00000289d8bcc7d0 JavaThread "Daemon periodic checks" [_thread_blocked, id=12920, stack(0x000000ee21700000,0x000000ee21800000)]
  0x00000289f8a50c30 JavaThread "Daemon" [_thread_blocked, id=25124, stack(0x000000ee21800000,0x000000ee21900000)]
  0x00000289f927b6c0 JavaThread "Handler for socket connection from /127.0.0.1:56216 to /127.0.0.1:56217" [_thread_in_native, id=28180, stack(0x000000ee21900000,0x000000ee21a00000)]
  0x00000289f875f650 JavaThread "Cancel handler" [_thread_blocked, id=13232, stack(0x000000ee21a00000,0x000000ee21b00000)]
  0x00000289f875e720 JavaThread "Daemon worker" [_thread_in_vm, id=15968, stack(0x000000ee21b00000,0x000000ee21c00000)]
  0x00000289f875fb60 JavaThread "Asynchronous log dispatcher for DefaultDaemonConnection: socket connection from /127.0.0.1:56216 to /127.0.0.1:56217" [_thread_blocked, id=30304, stack(0x000000ee21c00000,0x000000ee21d00000)]
  0x00000289f875ec30 JavaThread "Stdin handler" [_thread_blocked, id=27292, stack(0x000000ee21d00000,0x000000ee21e00000)]
  0x00000289f875f140 JavaThread "Daemon client event forwarder" [_thread_blocked, id=9592, stack(0x000000ee21e00000,0x000000ee21f00000)]
  0x00000289f8760070 JavaThread "Cache worker for journal cache (C:\Users\Asus\.gradle\caches\journal-1)" [_thread_blocked, id=26080, stack(0x000000ee21f00000,0x000000ee22000000)]
  0x00000289fa3b0aa0 JavaThread "File lock request listener" [_thread_in_native, id=9532, stack(0x000000ee22000000,0x000000ee22100000)]
  0x00000289fa3b0fb0 JavaThread "Cache worker for file hash cache (C:\Users\Asus\.gradle\caches\8.3\fileHashes)" [_thread_blocked, id=20344, stack(0x000000ee22100000,0x000000ee22200000)]
  0x00000289fa3b14c0 JavaThread "File watcher server" daemon [_thread_in_native, id=20300, stack(0x000000ee22700000,0x000000ee22800000)]
  0x00000289fa3b3d40 JavaThread "File watcher consumer" daemon [_thread_blocked, id=27232, stack(0x000000ee22800000,0x000000ee22900000)]
  0x00000289fa3b0590 JavaThread "Cache worker for checksums cache (C:\Users\Asus\OneDrive\Documents\KisanSamuh\android\.gradle\8.3\checksums)" [_thread_blocked, id=7080, stack(0x000000ee22900000,0x000000ee22a00000)]
  0x00000289fa3b4760 JavaThread "Cache worker for file hash cache (C:\Users\Asus\OneDrive\Documents\KisanSamuh\android\.gradle\8.3\fileHashes)" [_thread_blocked, id=29888, stack(0x000000ee22a00000,0x000000ee22b00000)]
  0x00000289fa3b19d0 JavaThread "Cache worker for cache directory md-supplier (C:\Users\Asus\.gradle\caches\8.3\md-supplier)" [_thread_blocked, id=27148, stack(0x000000ee22b00000,0x000000ee22c00000)]
  0x00000289fa3b5180 JavaThread "Cache worker for file content cache (C:\Users\Asus\.gradle\caches\8.3\fileContent)" [_thread_blocked, id=5636, stack(0x000000ee22c00000,0x000000ee22d00000)]
  0x00000289fa3b4c70 JavaThread "Cache worker for cache directory md-rule (C:\Users\Asus\.gradle\caches\8.3\md-rule)" [_thread_blocked, id=5504, stack(0x000000ee22f00000,0x000000ee23000000)]
  0x00000289fa3b74f0 JavaThread "Cache worker for execution history cache (C:\Users\Asus\.gradle\caches\8.3\executionHistory)" [_thread_blocked, id=28752, stack(0x000000ee23000000,0x000000ee23100000)]
  0x00000289fa3b1ee0 JavaThread "File lock release action executor" [_thread_blocked, id=3340, stack(0x000000ee23100000,0x000000ee23200000)]
  0x00000289fa3b3830 JavaThread "jar transforms" [_thread_blocked, id=19076, stack(0x000000ee23200000,0x000000ee23300000)]
  0x00000289fa3b6fe0 JavaThread "jar transforms Thread 2" [_thread_blocked, id=12116, stack(0x000000ee23300000,0x000000ee23400000)]
  0x00000289fa3b2900 JavaThread "jar transforms Thread 3" [_thread_blocked, id=6360, stack(0x000000ee23400000,0x000000ee23500000)]
  0x00000289fa3b60b0 JavaThread "jar transforms Thread 4" [_thread_blocked, id=820, stack(0x000000ee23500000,0x000000ee23600000)]
  0x00000289fa3b0080 JavaThread "Exec process" [_thread_blocked, id=5676, stack(0x000000ee23600000,0x000000ee23700000)]
  0x00000289fa3b3320 JavaThread "Exec process Thread 2" [_thread_blocked, id=26728, stack(0x000000ee23700000,0x000000ee23800000)]
  0x00000289fa3b2e10 JavaThread "Exec process Thread 3" [_thread_blocked, id=7440, stack(0x000000ee23800000,0x000000ee23900000)]
  0x00000289fa3b65c0 JavaThread "Cache worker for kotlin-dsl (C:\Users\Asus\.gradle\caches\8.3\kotlin-dsl)" [_thread_blocked, id=27404, stack(0x000000ee23900000,0x000000ee23a00000)]
  0x00000289fa3b6ad0 JavaThread "jar transforms Thread 5" [_thread_blocked, id=30532, stack(0x000000ee23c00000,0x000000ee23d00000)]
  0x00000289fa3b7a00 JavaThread "jar transforms Thread 6" [_thread_blocked, id=13920, stack(0x000000ee23d00000,0x000000ee23e00000)]
  0x00000289fa6ba8c0 JavaThread "Unconstrained build operations" [_thread_blocked, id=2456, stack(0x000000ee23e00000,0x000000ee23f00000)]
  0x00000289fa6b66f0 JavaThread "Unconstrained build operations Thread 2" [_thread_blocked, id=24120, stack(0x000000ee23f00000,0x000000ee24000000)]
  0x00000289fa6b6c00 JavaThread "jar transforms Thread 7" [_thread_blocked, id=7412, stack(0x000000ee24000000,0x000000ee24100000)]
  0x00000289fa6b61e0 JavaThread "jar transforms Thread 8" [_thread_blocked, id=2860, stack(0x000000ee24100000,0x000000ee24200000)]
  0x00000289fa6b7620 JavaThread "jar transforms Thread 9" [_thread_blocked, id=28724, stack(0x000000ee24200000,0x000000ee24300000)]
  0x00000289fa6b7b30 JavaThread "jar transforms Thread 10" [_thread_blocked, id=8488, stack(0x000000ee24300000,0x000000ee24400000)]
  0x00000289fa6b9ea0 JavaThread "jar transforms Thread 11" [_thread_blocked, id=29132, stack(0x000000ee24400000,0x000000ee24500000)]
  0x00000289fa6b7110 JavaThread "jar transforms Thread 12" [_thread_blocked, id=22180, stack(0x000000ee24500000,0x000000ee24600000)]
  0x00000289fa6bb7f0 JavaThread "Cache worker for dependencies-accessors (C:\Users\Asus\OneDrive\Documents\KisanSamuh\android\.gradle\8.3\dependencies-accessors)" [_thread_blocked, id=25204, stack(0x000000ee24600000,0x000000ee24700000)]
  0x00000289fa6badd0 JavaThread "Cache worker for Build Output Cleanup Cache (C:\Users\Asus\OneDrive\Documents\KisanSamuh\node_modules\@react-native\gradle-plugin\.gradle\buildOutputCleanup)" [_thread_blocked, id=8320, stack(0x000000ee24700000,0x000000ee24800000)]
  0x00000289fa6b57c0 JavaThread "Unconstrained build operations Thread 3" [_thread_blocked, id=30484, stack(0x000000ee24800000,0x000000ee24900000)]
  0x00000289fa6b8040 JavaThread "Unconstrained build operations Thread 4" [_thread_blocked, id=30656, stack(0x000000ee24900000,0x000000ee24a00000)]
  0x00000289fa6ba3b0 JavaThread "Unconstrained build operations Thread 5" [_thread_blocked, id=13988, stack(0x000000ee24a00000,0x000000ee24b00000)]
  0x00000289fa6bb2e0 JavaThread "Unconstrained build operations Thread 6" [_thread_blocked, id=5804, stack(0x000000ee24b00000,0x000000ee24c00000)]
  0x00000289fa6b8550 JavaThread "Unconstrained build operations Thread 7" [_thread_blocked, id=30172, stack(0x000000ee24c00000,0x000000ee24d00000)]
  0x00000289fa6b8a60 JavaThread "Unconstrained build operations Thread 8" [_thread_blocked, id=14776, stack(0x000000ee24d00000,0x000000ee24e00000)]
  0x00000289fa6b8f70 JavaThread "Unconstrained build operations Thread 9" [_thread_blocked, id=6348, stack(0x000000ee24e00000,0x000000ee24f00000)]
  0x00000289fa6bbd00 JavaThread "Unconstrained build operations Thread 10" [_thread_blocked, id=18616, stack(0x000000ee24f00000,0x000000ee25000000)]
  0x00000289fa6b9480 JavaThread "Unconstrained build operations Thread 11" [_thread_blocked, id=19500, stack(0x000000ee25000000,0x000000ee25100000)]
  0x00000289fa6bc210 JavaThread "Unconstrained build operations Thread 12" [_thread_blocked, id=24736, stack(0x000000ee25100000,0x000000ee25200000)]
  0x00000289fa6b5cd0 JavaThread "Unconstrained build operations Thread 13" [_thread_blocked, id=29616, stack(0x000000ee25200000,0x000000ee25300000)]
  0x00000289fa6b9990 JavaThread "build event listener" [_thread_blocked, id=4200, stack(0x000000ee25300000,0x000000ee25400000)]
  0x00000289fa6bc720 JavaThread "Memory manager" [_thread_blocked, id=10680, stack(0x000000ee25400000,0x000000ee25500000)]
  0x00000289fab13910 JavaThread "Cache worker for Build Output Cleanup Cache (C:\Users\Asus\OneDrive\Documents\KisanSamuh\android\.gradle\buildOutputCleanup)" [_thread_blocked, id=12960, stack(0x000000ee25500000,0x000000ee25600000)]
  0x00000289fab14840 JavaThread "ForkJoinPool.commonPool-worker-1" daemon [_thread_blocked, id=29004, stack(0x000000ee25600000,0x000000ee25700000)]
  0x00000289fab129e0 JavaThread "ForkJoinPool.commonPool-worker-2" daemon [_thread_blocked, id=11936, stack(0x000000ee25700000,0x000000ee25800000)]
  0x00000289fab11ab0 JavaThread "ForkJoinPool.commonPool-worker-3" daemon [_thread_blocked, id=16820, stack(0x000000ee25800000,0x000000ee25900000)]
  0x00000289fab12ef0 JavaThread "ForkJoinPool.commonPool-worker-4" daemon [_thread_blocked, id=4344, stack(0x000000ee25900000,0x000000ee25a00000)]
  0x00000289fab13400 JavaThread "ForkJoinPool.commonPool-worker-5" daemon [_thread_blocked, id=5156, stack(0x000000ee25a00000,0x000000ee25b00000)]
  0x00000289fab13e20 JavaThread "ForkJoinPool.commonPool-worker-6" daemon [_thread_blocked, id=30564, stack(0x000000ee25b00000,0x000000ee25c00000)]
  0x00000289fab11fc0 JavaThread "ForkJoinPool.commonPool-worker-7" daemon [_thread_blocked, id=5304, stack(0x000000ee25c00000,0x000000ee25d00000)]
  0x00000289fab14330 JavaThread "ForkJoinPool.commonPool-worker-8" daemon [_thread_blocked, id=22836, stack(0x000000ee25d00000,0x000000ee25e00000)]
  0x00000289fab15260 JavaThread "ForkJoinPool.commonPool-worker-9" daemon [_thread_blocked, id=10120, stack(0x000000ee25e00000,0x000000ee25f00000)]
  0x00000289fab14d50 JavaThread "ForkJoinPool.commonPool-worker-10" daemon [_thread_blocked, id=3848, stack(0x000000ee25f00000,0x000000ee26000000)]
  0x00000289fab124d0 JavaThread "ForkJoinPool.commonPool-worker-11" daemon [_thread_blocked, id=29760, stack(0x000000ee26000000,0x000000ee26100000)]
  0x00000289fb0cf6c0 JavaThread "included builds" [_thread_blocked, id=24224, stack(0x000000ee26100000,0x000000ee26200000)]
  0x00000289fb0cf1b0 JavaThread "Execution worker" [_thread_blocked, id=23776, stack(0x000000ee26200000,0x000000ee26300000)]
  0x00000289fb0ce790 JavaThread "Execution worker Thread 2" [_thread_blocked, id=16068, stack(0x000000ee26300000,0x000000ee26400000)]
  0x00000289fb0d1f40 JavaThread "Execution worker Thread 3" [_thread_blocked, id=22292, stack(0x000000ee26400000,0x000000ee26500000)]
  0x00000289fb0ceca0 JavaThread "Execution worker Thread 4" [_thread_blocked, id=8740, stack(0x000000ee26500000,0x000000ee26600000)]
  0x00000289fb0cfbd0 JavaThread "Execution worker Thread 5" [_thread_blocked, id=9764, stack(0x000000ee26600000,0x000000ee26700000)]
  0x00000289fb0d05f0 JavaThread "Execution worker Thread 6" [_thread_blocked, id=26848, stack(0x000000ee26700000,0x000000ee26800000)]
  0x00000289fb0d00e0 JavaThread "Execution worker Thread 7" [_thread_blocked, id=14520, stack(0x000000ee26800000,0x000000ee26900000)]
  0x00000289fb0d0b00 JavaThread "Execution worker Thread 8" [_thread_blocked, id=25392, stack(0x000000ee26900000,0x000000ee26a00000)]
  0x00000289fb0d1010 JavaThread "Execution worker Thread 9" [_thread_blocked, id=5064, stack(0x000000ee26a00000,0x000000ee26b00000)]
  0x00000289fb0d1520 JavaThread "Execution worker Thread 10" [_thread_blocked, id=1468, stack(0x000000ee26b00000,0x000000ee26c00000)]
  0x00000289fb0d1a30 JavaThread "Execution worker Thread 11" [_thread_blocked, id=13412, stack(0x000000ee26c00000,0x000000ee26d00000)]
  0x00000289fb963920 JavaThread "Cache worker for execution history cache (C:\Users\Asus\OneDrive\Documents\KisanSamuh\node_modules\@react-native\gradle-plugin\.gradle\8.3\executionHistory)" [_thread_blocked, id=28908, stack(0x000000ee26d00000,0x000000ee26e00000)]
  0x00000289fb965270 JavaThread "Unconstrained build operations Thread 14" [_thread_blocked, id=6872, stack(0x000000ee1fb00000,0x000000ee1fc00000)]
  0x00000289fb962f00 JavaThread "Unconstrained build operations Thread 15" [_thread_blocked, id=1912, stack(0x000000ee1fc00000,0x000000ee1fd00000)]
  0x00000289fb9661a0 JavaThread "Unconstrained build operations Thread 16" [_thread_blocked, id=18092, stack(0x000000ee1fd00000,0x000000ee1fe00000)]
  0x00000289fb964850 JavaThread "Unconstrained build operations Thread 17" [_thread_blocked, id=27756, stack(0x000000ee26e00000,0x000000ee26f00000)]
  0x00000289fb964d60 JavaThread "Unconstrained build operations Thread 18" [_thread_blocked, id=13924, stack(0x000000ee26f00000,0x000000ee27000000)]
  0x00000289fb963e30 JavaThread "Unconstrained build operations Thread 19" [_thread_blocked, id=9432, stack(0x000000ee27000000,0x000000ee27100000)]
  0x00000289fb9629f0 JavaThread "Unconstrained build operations Thread 20" [_thread_blocked, id=23212, stack(0x000000ee27100000,0x000000ee27200000)]
  0x00000289fb963410 JavaThread "Unconstrained build operations Thread 21" [_thread_blocked, id=24332, stack(0x000000ee27200000,0x000000ee27300000)]
  0x00000289fb964340 JavaThread "Unconstrained build operations Thread 22" [_thread_blocked, id=17976, stack(0x000000ee27300000,0x000000ee27400000)]
  0x00000289fb965780 JavaThread "Unconstrained build operations Thread 23" [_thread_blocked, id=10176, stack(0x000000ee27400000,0x000000ee27500000)]
  0x00000289fb352f10 JavaThread "Unconstrained build operations Thread 24" [_thread_blocked, id=7316, stack(0x000000ee27500000,0x000000ee27600000)]
  0x00000289fb3575f0 JavaThread "Unconstrained build operations Thread 25" [_thread_blocked, id=24656, stack(0x000000ee27600000,0x000000ee27700000)]
  0x00000289fb3566c0 JavaThread "Unconstrained build operations Thread 26" [_thread_blocked, id=28484, stack(0x000000ee27700000,0x000000ee27800000)]
  0x00000289fb352a00 JavaThread "Unconstrained build operations Thread 27" [_thread_blocked, id=11112, stack(0x000000ee27800000,0x000000ee27900000)]
  0x00000289fb354860 JavaThread "Unconstrained build operations Thread 28" [_thread_blocked, id=9332, stack(0x000000ee27900000,0x000000ee27a00000)]
  0x00000289fb355790 JavaThread "Unconstrained build operations Thread 29" [_thread_blocked, id=4208, stack(0x000000ee27a00000,0x000000ee27b00000)]
  0x00000289fb357b00 JavaThread "Unconstrained build operations Thread 30" [_thread_blocked, id=21064, stack(0x000000ee27b00000,0x000000ee27c00000)]
  0x00000289fb354d70 JavaThread "Unconstrained build operations Thread 31" [_thread_blocked, id=30436, stack(0x000000ee27c00000,0x000000ee27d00000)]
  0x00000289fb3570e0 JavaThread "Unconstrained build operations Thread 32" [_thread_blocked, id=30352, stack(0x000000ee27d00000,0x000000ee27e00000)]
  0x00000289fb353420 JavaThread "Unconstrained build operations Thread 33" [_thread_blocked, id=8260, stack(0x000000ee27e00000,0x000000ee27f00000)]
  0x00000289fb356bd0 JavaThread "Unconstrained build operations Thread 34" [_thread_blocked, id=14828, stack(0x000000ee27f00000,0x000000ee28000000)]
  0x00000289fb359960 JavaThread "Unconstrained build operations Thread 35" [_thread_blocked, id=17496, stack(0x000000ee28000000,0x000000ee28100000)]
  0x00000289fb359e70 JavaThread "Unconstrained build operations Thread 36" [_thread_blocked, id=26748, stack(0x000000ee28100000,0x000000ee28200000)]
  0x00000289fb35a380 JavaThread "Unconstrained build operations Thread 37" [_thread_blocked, id=16504, stack(0x000000ee28200000,0x000000ee28300000)]
  0x00000289fb355280 JavaThread "Unconstrained build operations Thread 38" [_thread_blocked, id=29956, stack(0x000000ee28300000,0x000000ee28400000)]
  0x00000289fb358520 JavaThread "Unconstrained build operations Thread 39" [_thread_blocked, id=5212, stack(0x000000ee28400000,0x000000ee28500000)]
  0x00000289fb353930 JavaThread "Unconstrained build operations Thread 40" [_thread_blocked, id=22172, stack(0x000000ee28500000,0x000000ee28600000)]
  0x00000289fb358010 JavaThread "Unconstrained build operations Thread 41" [_thread_blocked, id=21688, stack(0x000000ee28600000,0x000000ee28700000)]
  0x00000289fb358a30 JavaThread "Unconstrained build operations Thread 42" [_thread_blocked, id=30232, stack(0x000000ee28700000,0x000000ee28800000)]
  0x00000289fb353e40 JavaThread "Unconstrained build operations Thread 43" [_thread_blocked, id=22776, stack(0x000000ee28800000,0x000000ee28900000)]
  0x00000289fb358f40 JavaThread "Unconstrained build operations Thread 44" [_thread_blocked, id=24264, stack(0x000000ee28900000,0x000000ee28a00000)]
  0x00000289fb359450 JavaThread "Unconstrained build operations Thread 45" [_thread_blocked, id=14648, stack(0x000000ee28a00000,0x000000ee28b00000)]
  0x00000289fb354350 JavaThread "Unconstrained build operations Thread 46" [_thread_blocked, id=8012, stack(0x000000ee28b00000,0x000000ee28c00000)]
  0x00000289fb355ca0 JavaThread "Unconstrained build operations Thread 47" [_thread_blocked, id=16228, stack(0x000000ee28c00000,0x000000ee28d00000)]
  0x00000289fb3561b0 JavaThread "Unconstrained build operations Thread 48" [_thread_blocked, id=7372, stack(0x000000ee28d00000,0x000000ee28e00000)]
  0x00000289fc1774f0 JavaThread "build event listener" [_thread_blocked, id=10984, stack(0x000000ee28e00000,0x000000ee28f00000)]
  0x00000289fba1a5b0 JavaThread "C2 CompilerThread1" daemon [_thread_in_native, id=23460, stack(0x000000ee28f00000,0x000000ee29000000)]

Other Threads:
  0x00000289d89878e0 VMThread "VM Thread" [stack: 0x000000ee20400000,0x000000ee20500000] [id=21780]
  0x00000289d8d0fd10 WatcherThread [stack: 0x000000ee21000000,0x000000ee21100000] [id=23888]
  0x00000289ba11efe0 GCTaskThread "GC Thread#0" [stack: 0x000000ee1ff00000,0x000000ee20000000] [id=9744]
  0x00000289f885e9b0 GCTaskThread "GC Thread#1" [stack: 0x000000ee21100000,0x000000ee21200000] [id=29832]
  0x00000289f881f960 GCTaskThread "GC Thread#2" [stack: 0x000000ee21200000,0x000000ee21300000] [id=13456]
  0x00000289f84727b0 GCTaskThread "GC Thread#3" [stack: 0x000000ee21300000,0x000000ee21400000] [id=23764]
  0x00000289f8472a70 GCTaskThread "GC Thread#4" [stack: 0x000000ee21400000,0x000000ee21500000] [id=17032]
  0x00000289d8eb19b0 GCTaskThread "GC Thread#5" [stack: 0x000000ee22200000,0x000000ee22300000] [id=13664]
  0x00000289d8eb1f30 GCTaskThread "GC Thread#6" [stack: 0x000000ee22300000,0x000000ee22400000] [id=28824]
  0x00000289d8eb21f0 GCTaskThread "GC Thread#7" [stack: 0x000000ee22400000,0x000000ee22500000] [id=19156]
  0x00000289d8eb24b0 GCTaskThread "GC Thread#8" [stack: 0x000000ee22500000,0x000000ee22600000] [id=26884]
  0x00000289d8eb1c70 GCTaskThread "GC Thread#9" [stack: 0x000000ee22600000,0x000000ee22700000] [id=21232]
  0x00000289ba12ff30 ConcurrentGCThread "G1 Main Marker" [stack: 0x000000ee20000000,0x000000ee20100000] [id=8044]
  0x00000289ba130950 ConcurrentGCThread "G1 Conc#0" [stack: 0x000000ee20100000,0x000000ee20200000] [id=16724]
  0x00000289f9f8f850 ConcurrentGCThread "G1 Conc#1" [stack: 0x000000ee22d00000,0x000000ee22e00000] [id=11916]
  0x00000289f9f90090 ConcurrentGCThread "G1 Conc#2" [stack: 0x000000ee22e00000,0x000000ee22f00000] [id=28400]
  0x00000289ba16eae0 ConcurrentGCThread "G1 Refine#0" [stack: 0x000000ee20200000,0x000000ee20300000] [id=25760]
  0x00000289d8848690 ConcurrentGCThread "G1 Service" [stack: 0x000000ee20300000,0x000000ee20400000] [id=21972]

Threads with active compile tasks:
C2 CompilerThread0   106346 10135       4       java.beans.MethodRef::set (58 bytes)
C2 CompilerThread1   106346 10144       4       com.sun.beans.TypeResolver::resolve (37 bytes)

VM state: not at safepoint (normal execution)

VM Mutex/Monitor currently owned by a thread: None

Heap address: 0x0000000080000000, size: 2048 MB, Compressed Oops mode: 32-bit

CDS archive(s) mapped at: [0x00000289d9000000-0x00000289d9bb0000-0x00000289d9bb0000), size 12255232, SharedBaseAddress: 0x00000289d9000000, ArchiveRelocationMode: 1.
Compressed class space mapped at: 0x00000289da000000-0x00000289f4000000, reserved size: 436207616
Narrow klass base: 0x00000289d9000000, Narrow klass shift: 0, Narrow klass range: 0x100000000

GC Precious Log:
 CPUs: 12 total, 12 available
 Memory: 7583M
 Large Page Support: Disabled
 NUMA Support: Disabled
 Compressed Oops: Enabled (32-bit)
 Heap Region Size: 1M
 Heap Min Capacity: 8M
 Heap Initial Capacity: 120M
 Heap Max Capacity: 2G
 Pre-touch: Disabled
 Parallel Workers: 10
 Concurrent Workers: 3
 Concurrent Refinement Workers: 10
 Periodic GC: Disabled

Heap:
 garbage-first heap   total 197632K, used 115914K [0x0000000080000000, 0x0000000100000000)
  region size 1024K, 26 young (26624K), 3 survivors (3072K)
 Metaspace       used 83007K, committed 83776K, reserved 557056K
  class space    used 11573K, committed 11968K, reserved 425984K

Heap Regions: E=young(eden), S=young(survivor), O=old, HS=humongous(starts), HC=humongous(continues), CS=collection set, F=free, OA=open archive, CA=closed archive, TAMS=top-at-mark-start (previous, next)
|   0|0x0000000080000000, 0x0000000080100000, 0x0000000080100000|100%|HS|  |TAMS 0x0000000080100000, 0x0000000080000000| Complete 
|   1|0x0000000080100000, 0x0000000080200000, 0x0000000080200000|100%|HC|  |TAMS 0x0000000080200000, 0x0000000080100000| Complete 
|   2|0x0000000080200000, 0x0000000080300000, 0x0000000080300000|100%|HC|  |TAMS 0x0000000080300000, 0x0000000080200000| Complete 
|   3|0x0000000080300000, 0x0000000080400000, 0x0000000080400000|100%|HC|  |TAMS 0x0000000080400000, 0x0000000080300000| Complete 
|   4|0x0000000080400000, 0x0000000080500000, 0x0000000080500000|100%| O|  |TAMS 0x0000000080500000, 0x0000000080400000| Untracked 
|   5|0x0000000080500000, 0x0000000080600000, 0x0000000080600000|100%| O|  |TAMS 0x0000000080600000, 0x0000000080500000| Untracked 
|   6|0x0000000080600000, 0x0000000080700000, 0x0000000080700000|100%| O|  |TAMS 0x0000000080700000, 0x0000000080600000| Untracked 
|   7|0x0000000080700000, 0x0000000080800000, 0x0000000080800000|100%| O|  |TAMS 0x0000000080800000, 0x0000000080700000| Untracked 
|   8|0x0000000080800000, 0x0000000080900000, 0x0000000080900000|100%| O|  |TAMS 0x0000000080900000, 0x0000000080800000| Untracked 
|   9|0x0000000080900000, 0x0000000080a00000, 0x0000000080a00000|100%| O|  |TAMS 0x0000000080a00000, 0x0000000080900000| Untracked 
|  10|0x0000000080a00000, 0x0000000080b00000, 0x0000000080b00000|100%| O|  |TAMS 0x0000000080b00000, 0x0000000080a00000| Untracked 
|  11|0x0000000080b00000, 0x0000000080c00000, 0x0000000080c00000|100%| O|  |TAMS 0x0000000080c00000, 0x0000000080b00000| Untracked 
|  12|0x0000000080c00000, 0x0000000080d00000, 0x0000000080d00000|100%| O|  |TAMS 0x0000000080d00000, 0x0000000080c00000| Untracked 
|  13|0x0000000080d00000, 0x0000000080e00000, 0x0000000080e00000|100%| O|  |TAMS 0x0000000080e00000, 0x0000000080d00000| Untracked 
|  14|0x0000000080e00000, 0x0000000080f00000, 0x0000000080f00000|100%| O|  |TAMS 0x0000000080f00000, 0x0000000080e00000| Untracked 
|  15|0x0000000080f00000, 0x0000000081000000, 0x0000000081000000|100%| O|  |TAMS 0x0000000081000000, 0x0000000080f00000| Untracked 
|  16|0x0000000081000000, 0x0000000081100000, 0x0000000081100000|100%| O|  |TAMS 0x0000000081100000, 0x0000000081000000| Untracked 
|  17|0x0000000081100000, 0x0000000081200000, 0x0000000081200000|100%| O|  |TAMS 0x0000000081200000, 0x0000000081100000| Untracked 
|  18|0x0000000081200000, 0x0000000081300000, 0x0000000081300000|100%| O|  |TAMS 0x0000000081300000, 0x0000000081200000| Untracked 
|  19|0x0000000081300000, 0x0000000081400000, 0x0000000081400000|100%| O|  |TAMS 0x0000000081400000, 0x0000000081300000| Untracked 
|  20|0x0000000081400000, 0x0000000081500000, 0x0000000081500000|100%| O|  |TAMS 0x0000000081500000, 0x0000000081400000| Untracked 
|  21|0x0000000081500000, 0x0000000081600000, 0x0000000081600000|100%| O|  |TAMS 0x0000000081600000, 0x0000000081500000| Untracked 
|  22|0x0000000081600000, 0x0000000081700000, 0x0000000081700000|100%| O|  |TAMS 0x0000000081700000, 0x0000000081600000| Untracked 
|  23|0x0000000081700000, 0x0000000081800000, 0x0000000081800000|100%| O|  |TAMS 0x0000000081800000, 0x0000000081700000| Untracked 
|  24|0x0000000081800000, 0x0000000081900000, 0x0000000081900000|100%| O|  |TAMS 0x0000000081900000, 0x0000000081800000| Untracked 
|  25|0x0000000081900000, 0x0000000081a00000, 0x0000000081a00000|100%| O|  |TAMS 0x0000000081a00000, 0x0000000081900000| Untracked 
|  26|0x0000000081a00000, 0x0000000081b00000, 0x0000000081b00000|100%| O|  |TAMS 0x0000000081b00000, 0x0000000081a00000| Untracked 
|  27|0x0000000081b00000, 0x0000000081c00000, 0x0000000081c00000|100%| O|  |TAMS 0x0000000081c00000, 0x0000000081b00000| Untracked 
|  28|0x0000000081c00000, 0x0000000081d00000, 0x0000000081d00000|100%| O|  |TAMS 0x0000000081d00000, 0x0000000081c00000| Untracked 
|  29|0x0000000081d00000, 0x0000000081e00000, 0x0000000081e00000|100%| O|  |TAMS 0x0000000081e00000, 0x0000000081d00000| Untracked 
|  30|0x0000000081e00000, 0x0000000081f00000, 0x0000000081f00000|100%|HS|  |TAMS 0x0000000081f00000, 0x0000000081e00000| Complete 
|  31|0x0000000081f00000, 0x0000000082000000, 0x0000000082000000|100%|HC|  |TAMS 0x0000000082000000, 0x0000000081f00000| Complete 
|  32|0x0000000082000000, 0x0000000082100000, 0x0000000082100000|100%| O|  |TAMS 0x0000000082100000, 0x0000000082000000| Untracked 
|  33|0x0000000082100000, 0x0000000082200000, 0x0000000082200000|100%| O|  |TAMS 0x0000000082200000, 0x0000000082100000| Untracked 
|  34|0x0000000082200000, 0x0000000082300000, 0x0000000082300000|100%| O|  |TAMS 0x0000000082300000, 0x0000000082200000| Untracked 
|  35|0x0000000082300000, 0x0000000082400000, 0x0000000082400000|100%| O|  |TAMS 0x0000000082400000, 0x0000000082300000| Untracked 
|  36|0x0000000082400000, 0x0000000082500000, 0x0000000082500000|100%| O|  |TAMS 0x0000000082500000, 0x0000000082400000| Untracked 
|  37|0x0000000082500000, 0x0000000082600000, 0x0000000082600000|100%| O|  |TAMS 0x0000000082600000, 0x0000000082500000| Untracked 
|  38|0x0000000082600000, 0x0000000082700000, 0x0000000082700000|100%| O|  |TAMS 0x0000000082700000, 0x0000000082600000| Untracked 
|  39|0x0000000082700000, 0x0000000082800000, 0x0000000082800000|100%| O|  |TAMS 0x0000000082700000, 0x0000000082700000| Untracked 
|  40|0x0000000082800000, 0x0000000082900000, 0x0000000082900000|100%|HS|  |TAMS 0x0000000082900000, 0x0000000082800000| Complete 
|  41|0x0000000082900000, 0x0000000082a00000, 0x0000000082a00000|100%|HC|  |TAMS 0x0000000082a00000, 0x0000000082900000| Complete 
|  42|0x0000000082a00000, 0x0000000082b00000, 0x0000000082b00000|100%|HS|  |TAMS 0x0000000082b00000, 0x0000000082a00000| Complete 
|  43|0x0000000082b00000, 0x0000000082c00000, 0x0000000082c00000|100%|HC|  |TAMS 0x0000000082c00000, 0x0000000082b00000| Complete 
|  44|0x0000000082c00000, 0x0000000082d00000, 0x0000000082d00000|100%|HC|  |TAMS 0x0000000082d00000, 0x0000000082c00000| Complete 
|  45|0x0000000082d00000, 0x0000000082e00000, 0x0000000082e00000|100%|HC|  |TAMS 0x0000000082e00000, 0x0000000082d00000| Complete 
|  46|0x0000000082e00000, 0x0000000082f00000, 0x0000000082f00000|100%| O|  |TAMS 0x0000000082f00000, 0x0000000082e00000| Untracked 
|  47|0x0000000082f00000, 0x0000000083000000, 0x0000000083000000|100%| O|  |TAMS 0x0000000083000000, 0x0000000082f00000| Untracked 
|  48|0x0000000083000000, 0x0000000083100000, 0x0000000083100000|100%|HS|  |TAMS 0x0000000083100000, 0x0000000083000000| Complete 
|  49|0x0000000083100000, 0x0000000083200000, 0x0000000083200000|100%|HC|  |TAMS 0x0000000083200000, 0x0000000083100000| Complete 
|  50|0x0000000083200000, 0x0000000083300000, 0x0000000083300000|100%|HC|  |TAMS 0x0000000083300000, 0x0000000083200000| Complete 
|  51|0x0000000083300000, 0x0000000083400000, 0x0000000083400000|100%|HC|  |TAMS 0x0000000083400000, 0x0000000083300000| Complete 
|  52|0x0000000083400000, 0x0000000083500000, 0x0000000083500000|100%| O|  |TAMS 0x0000000083500000, 0x0000000083400000| Untracked 
|  53|0x0000000083500000, 0x0000000083600000, 0x0000000083600000|100%| O|  |TAMS 0x0000000083600000, 0x0000000083500000| Untracked 
|  54|0x0000000083600000, 0x0000000083700000, 0x0000000083700000|100%| O|  |TAMS 0x0000000083700000, 0x0000000083600000| Untracked 
|  55|0x0000000083700000, 0x0000000083800000, 0x0000000083800000|100%| O|  |TAMS 0x0000000083800000, 0x0000000083700000| Untracked 
|  56|0x0000000083800000, 0x0000000083900000, 0x0000000083900000|100%| O|  |TAMS 0x0000000083900000, 0x0000000083800000| Untracked 
|  57|0x0000000083900000, 0x0000000083a00000, 0x0000000083a00000|100%| O|  |TAMS 0x0000000083a00000, 0x0000000083900000| Untracked 
|  58|0x0000000083a00000, 0x0000000083b00000, 0x0000000083b00000|100%| O|  |TAMS 0x0000000083b00000, 0x0000000083a00000| Untracked 
|  59|0x0000000083b00000, 0x0000000083c00000, 0x0000000083c00000|100%| O|  |TAMS 0x0000000083c00000, 0x0000000083b00000| Untracked 
|  60|0x0000000083c00000, 0x0000000083d00000, 0x0000000083d00000|100%| O|  |TAMS 0x0000000083d00000, 0x0000000083c00000| Untracked 
|  61|0x0000000083d00000, 0x0000000083e00000, 0x0000000083e00000|100%| O|  |TAMS 0x0000000083e00000, 0x0000000083d00000| Untracked 
|  62|0x0000000083e00000, 0x0000000083f00000, 0x0000000083f00000|100%| O|  |TAMS 0x0000000083f00000, 0x0000000083e00000| Untracked 
|  63|0x0000000083f00000, 0x0000000084000000, 0x0000000084000000|100%| O|  |TAMS 0x0000000084000000, 0x0000000083f00000| Untracked 
|  64|0x0000000084000000, 0x0000000084100000, 0x0000000084100000|100%| O|  |TAMS 0x0000000084100000, 0x0000000084000000| Untracked 
|  65|0x0000000084100000, 0x0000000084200000, 0x0000000084200000|100%| O|  |TAMS 0x0000000084200000, 0x0000000084100000| Untracked 
|  66|0x0000000084200000, 0x0000000084300000, 0x0000000084300000|100%| O|  |TAMS 0x0000000084300000, 0x0000000084200000| Untracked 
|  67|0x0000000084300000, 0x0000000084400000, 0x0000000084400000|100%| O|  |TAMS 0x0000000084400000, 0x0000000084300000| Untracked 
|  68|0x0000000084400000, 0x0000000084500000, 0x0000000084500000|100%| O|  |TAMS 0x0000000084500000, 0x0000000084400000| Untracked 
|  69|0x0000000084500000, 0x0000000084600000, 0x0000000084600000|100%|HS|  |TAMS 0x0000000084600000, 0x0000000084500000| Complete 
|  70|0x0000000084600000, 0x0000000084700000, 0x0000000084700000|100%|HS|  |TAMS 0x0000000084700000, 0x0000000084600000| Complete 
|  71|0x0000000084700000, 0x0000000084800000, 0x0000000084800000|100%|HS|  |TAMS 0x0000000084800000, 0x0000000084700000| Complete 
|  72|0x0000000084800000, 0x0000000084900000, 0x0000000084900000|100%| O|  |TAMS 0x0000000084900000, 0x0000000084800000| Untracked 
|  73|0x0000000084900000, 0x0000000084a00000, 0x0000000084a00000|100%|HS|  |TAMS 0x0000000084a00000, 0x0000000084900000| Complete 
|  74|0x0000000084a00000, 0x0000000084b00000, 0x0000000084b00000|100%|HS|  |TAMS 0x0000000084b00000, 0x0000000084a00000| Complete 
|  75|0x0000000084b00000, 0x0000000084c00000, 0x0000000084c00000|100%| O|  |TAMS 0x0000000084c00000, 0x0000000084b00000| Untracked 
|  76|0x0000000084c00000, 0x0000000084d00000, 0x0000000084d00000|100%| O|  |TAMS 0x0000000084d00000, 0x0000000084c00000| Untracked 
|  77|0x0000000084d00000, 0x0000000084e00000, 0x0000000084e00000|100%| O|  |TAMS 0x0000000084e00000, 0x0000000084d00000| Untracked 
|  78|0x0000000084e00000, 0x0000000084f00000, 0x0000000084f00000|100%| O|  |TAMS 0x0000000084f00000, 0x0000000084e00000| Untracked 
|  79|0x0000000084f00000, 0x0000000084f00000, 0x0000000085000000|  0%| F|  |TAMS 0x0000000084f00000, 0x0000000084f00000| Untracked 
|  80|0x0000000085000000, 0x0000000085100000, 0x0000000085100000|100%| O|  |TAMS 0x0000000085100000, 0x0000000085000000| Untracked 
|  81|0x0000000085100000, 0x0000000085200000, 0x0000000085200000|100%| O|  |TAMS 0x0000000085200000, 0x0000000085100000| Untracked 
|  82|0x0000000085200000, 0x0000000085300000, 0x0000000085300000|100%| O|  |TAMS 0x0000000085300000, 0x0000000085200000| Untracked 
|  83|0x0000000085300000, 0x0000000085400000, 0x0000000085400000|100%| O|  |TAMS 0x0000000085400000, 0x0000000085300000| Untracked 
|  84|0x0000000085400000, 0x0000000085500000, 0x0000000085500000|100%| O|  |TAMS 0x0000000085500000, 0x0000000085400000| Untracked 
|  85|0x0000000085500000, 0x0000000085600000, 0x0000000085600000|100%| O|  |TAMS 0x0000000085600000, 0x0000000085500000| Untracked 
|  86|0x0000000085600000, 0x0000000085700000, 0x0000000085700000|100%| O|  |TAMS 0x00000000856af400, 0x0000000085600000| Untracked 
|  87|0x0000000085700000, 0x0000000085800000, 0x0000000085800000|100%| O|  |TAMS 0x0000000085700000, 0x0000000085700000| Untracked 
|  88|0x0000000085800000, 0x0000000085900000, 0x0000000085900000|100%| O|  |TAMS 0x0000000085800000, 0x0000000085800000| Untracked 
|  89|0x0000000085900000, 0x0000000085976c00, 0x0000000085a00000| 46%| O|  |TAMS 0x0000000085900000, 0x0000000085900000| Untracked 
|  90|0x0000000085a00000, 0x0000000085a00000, 0x0000000085b00000|  0%| F|  |TAMS 0x0000000085a00000, 0x0000000085a00000| Untracked 
|  91|0x0000000085b00000, 0x0000000085b00000, 0x0000000085c00000|  0%| F|  |TAMS 0x0000000085b00000, 0x0000000085b00000| Untracked 
|  92|0x0000000085c00000, 0x0000000085c00000, 0x0000000085d00000|  0%| F|  |TAMS 0x0000000085c00000, 0x0000000085c00000| Untracked 
|  93|0x0000000085d00000, 0x0000000085d00000, 0x0000000085e00000|  0%| F|  |TAMS 0x0000000085d00000, 0x0000000085d00000| Untracked 
|  94|0x0000000085e00000, 0x0000000085e00000, 0x0000000085f00000|  0%| F|  |TAMS 0x0000000085e00000, 0x0000000085e00000| Untracked 
|  95|0x0000000085f00000, 0x0000000085f00000, 0x0000000086000000|  0%| F|  |TAMS 0x0000000085f00000, 0x0000000085f00000| Untracked 
|  96|0x0000000086000000, 0x0000000086000000, 0x0000000086100000|  0%| F|  |TAMS 0x0000000086000000, 0x0000000086000000| Untracked 
|  97|0x0000000086100000, 0x0000000086100000, 0x0000000086200000|  0%| F|  |TAMS 0x0000000086100000, 0x0000000086100000| Untracked 
|  98|0x0000000086200000, 0x0000000086200000, 0x0000000086300000|  0%| F|  |TAMS 0x0000000086200000, 0x0000000086200000| Untracked 
|  99|0x0000000086300000, 0x0000000086300000, 0x0000000086400000|  0%| F|  |TAMS 0x0000000086300000, 0x0000000086300000| Untracked 
| 100|0x0000000086400000, 0x0000000086400000, 0x0000000086500000|  0%| F|  |TAMS 0x0000000086400000, 0x0000000086400000| Untracked 
| 101|0x0000000086500000, 0x0000000086500000, 0x0000000086600000|  0%| F|  |TAMS 0x0000000086500000, 0x0000000086500000| Untracked 
| 102|0x0000000086600000, 0x0000000086600000, 0x0000000086700000|  0%| F|  |TAMS 0x0000000086600000, 0x0000000086600000| Untracked 
| 103|0x0000000086700000, 0x0000000086700000, 0x0000000086800000|  0%| F|  |TAMS 0x0000000086700000, 0x0000000086700000| Untracked 
| 104|0x0000000086800000, 0x0000000086800000, 0x0000000086900000|  0%| F|  |TAMS 0x0000000086800000, 0x0000000086800000| Untracked 
| 105|0x0000000086900000, 0x0000000086900000, 0x0000000086a00000|  0%| F|  |TAMS 0x0000000086900000, 0x0000000086900000| Untracked 
| 106|0x0000000086a00000, 0x0000000086a00000, 0x0000000086b00000|  0%| F|  |TAMS 0x0000000086a00000, 0x0000000086a00000| Untracked 
| 107|0x0000000086b00000, 0x0000000086b00000, 0x0000000086c00000|  0%| F|  |TAMS 0x0000000086b00000, 0x0000000086b00000| Untracked 
| 108|0x0000000086c00000, 0x0000000086c00000, 0x0000000086d00000|  0%| F|  |TAMS 0x0000000086c00000, 0x0000000086c00000| Untracked 
| 109|0x0000000086d00000, 0x0000000086d00000, 0x0000000086e00000|  0%| F|  |TAMS 0x0000000086d00000, 0x0000000086d00000| Untracked 
| 110|0x0000000086e00000, 0x0000000086e00000, 0x0000000086f00000|  0%| F|  |TAMS 0x0000000086e00000, 0x0000000086e00000| Untracked 
| 111|0x0000000086f00000, 0x0000000086f00000, 0x0000000087000000|  0%| F|  |TAMS 0x0000000086f00000, 0x0000000086f00000| Untracked 
| 112|0x0000000087000000, 0x0000000087000000, 0x0000000087100000|  0%| F|  |TAMS 0x0000000087000000, 0x0000000087000000| Untracked 
| 113|0x0000000087100000, 0x0000000087100000, 0x0000000087200000|  0%| F|  |TAMS 0x0000000087100000, 0x0000000087100000| Untracked 
| 114|0x0000000087200000, 0x00000000872bbd70, 0x0000000087300000| 73%| S|CS|TAMS 0x0000000087200000, 0x0000000087200000| Complete 
| 115|0x0000000087300000, 0x0000000087400000, 0x0000000087400000|100%| S|CS|TAMS 0x0000000087300000, 0x0000000087300000| Complete 
| 116|0x0000000087400000, 0x0000000087500000, 0x0000000087500000|100%| S|CS|TAMS 0x0000000087400000, 0x0000000087400000| Complete 
| 117|0x0000000087500000, 0x0000000087500000, 0x0000000087600000|  0%| F|  |TAMS 0x0000000087500000, 0x0000000087500000| Untracked 
| 118|0x0000000087600000, 0x0000000087600000, 0x0000000087700000|  0%| F|  |TAMS 0x0000000087600000, 0x0000000087600000| Untracked 
| 119|0x0000000087700000, 0x0000000087700000, 0x0000000087800000|  0%| F|  |TAMS 0x0000000087700000, 0x0000000087700000| Untracked 
| 120|0x0000000087800000, 0x0000000087800000, 0x0000000087900000|  0%| F|  |TAMS 0x0000000087800000, 0x0000000087800000| Untracked 
| 121|0x0000000087900000, 0x0000000087900000, 0x0000000087a00000|  0%| F|  |TAMS 0x0000000087900000, 0x0000000087900000| Untracked 
| 122|0x0000000087a00000, 0x0000000087a00000, 0x0000000087b00000|  0%| F|  |TAMS 0x0000000087a00000, 0x0000000087a00000| Untracked 
| 123|0x0000000087b00000, 0x0000000087b00000, 0x0000000087c00000|  0%| F|  |TAMS 0x0000000087b00000, 0x0000000087b00000| Untracked 
| 124|0x0000000087c00000, 0x0000000087c00000, 0x0000000087d00000|  0%| F|  |TAMS 0x0000000087c00000, 0x0000000087c00000| Untracked 
| 125|0x0000000087d00000, 0x0000000087d00000, 0x0000000087e00000|  0%| F|  |TAMS 0x0000000087d00000, 0x0000000087d00000| Untracked 
| 126|0x0000000087e00000, 0x0000000087e00000, 0x0000000087f00000|  0%| F|  |TAMS 0x0000000087e00000, 0x0000000087e00000| Untracked 
| 127|0x0000000087f00000, 0x0000000087f00000, 0x0000000088000000|  0%| F|  |TAMS 0x0000000087f00000, 0x0000000087f00000| Untracked 
| 128|0x0000000088000000, 0x0000000088000000, 0x0000000088100000|  0%| F|  |TAMS 0x0000000088000000, 0x0000000088000000| Untracked 
| 129|0x0000000088100000, 0x0000000088100000, 0x0000000088200000|  0%| F|  |TAMS 0x0000000088100000, 0x0000000088100000| Untracked 
| 130|0x0000000088200000, 0x0000000088200000, 0x0000000088300000|  0%| F|  |TAMS 0x0000000088200000, 0x0000000088200000| Untracked 
| 131|0x0000000088300000, 0x0000000088300000, 0x0000000088400000|  0%| F|  |TAMS 0x0000000088300000, 0x0000000088300000| Untracked 
| 132|0x0000000088400000, 0x0000000088400000, 0x0000000088500000|  0%| F|  |TAMS 0x0000000088400000, 0x0000000088400000| Untracked 
| 133|0x0000000088500000, 0x0000000088500000, 0x0000000088600000|  0%| F|  |TAMS 0x0000000088500000, 0x0000000088500000| Untracked 
| 134|0x0000000088600000, 0x0000000088600000, 0x0000000088700000|  0%| F|  |TAMS 0x0000000088600000, 0x0000000088600000| Untracked 
| 135|0x0000000088700000, 0x0000000088700000, 0x0000000088800000|  0%| F|  |TAMS 0x0000000088700000, 0x0000000088700000| Untracked 
| 136|0x0000000088800000, 0x0000000088800000, 0x0000000088900000|  0%| F|  |TAMS 0x0000000088800000, 0x0000000088800000| Untracked 
| 137|0x0000000088900000, 0x0000000088900000, 0x0000000088a00000|  0%| F|  |TAMS 0x0000000088900000, 0x0000000088900000| Untracked 
| 138|0x0000000088a00000, 0x0000000088a00000, 0x0000000088b00000|  0%| F|  |TAMS 0x0000000088a00000, 0x0000000088a00000| Untracked 
| 139|0x0000000088b00000, 0x0000000088b00000, 0x0000000088c00000|  0%| F|  |TAMS 0x0000000088b00000, 0x0000000088b00000| Untracked 
| 140|0x0000000088c00000, 0x0000000088c00000, 0x0000000088d00000|  0%| F|  |TAMS 0x0000000088c00000, 0x0000000088c00000| Untracked 
| 141|0x0000000088d00000, 0x0000000088d00000, 0x0000000088e00000|  0%| F|  |TAMS 0x0000000088d00000, 0x0000000088d00000| Untracked 
| 142|0x0000000088e00000, 0x0000000088e00000, 0x0000000088f00000|  0%| F|  |TAMS 0x0000000088e00000, 0x0000000088e00000| Untracked 
| 143|0x0000000088f00000, 0x0000000088f00000, 0x0000000089000000|  0%| F|  |TAMS 0x0000000088f00000, 0x0000000088f00000| Untracked 
| 144|0x0000000089000000, 0x0000000089000000, 0x0000000089100000|  0%| F|  |TAMS 0x0000000089000000, 0x0000000089000000| Untracked 
| 145|0x0000000089100000, 0x0000000089100000, 0x0000000089200000|  0%| F|  |TAMS 0x0000000089100000, 0x0000000089100000| Untracked 
| 146|0x0000000089200000, 0x0000000089200000, 0x0000000089300000|  0%| F|  |TAMS 0x0000000089200000, 0x0000000089200000| Untracked 
| 147|0x0000000089300000, 0x0000000089300000, 0x0000000089400000|  0%| F|  |TAMS 0x0000000089300000, 0x0000000089300000| Untracked 
| 148|0x0000000089400000, 0x0000000089400000, 0x0000000089500000|  0%| F|  |TAMS 0x0000000089400000, 0x0000000089400000| Untracked 
| 149|0x0000000089500000, 0x0000000089500000, 0x0000000089600000|  0%| F|  |TAMS 0x0000000089500000, 0x0000000089500000| Untracked 
| 150|0x0000000089600000, 0x0000000089600000, 0x0000000089700000|  0%| F|  |TAMS 0x0000000089600000, 0x0000000089600000| Untracked 
| 151|0x0000000089700000, 0x0000000089700000, 0x0000000089800000|  0%| F|  |TAMS 0x0000000089700000, 0x0000000089700000| Untracked 
| 152|0x0000000089800000, 0x0000000089800000, 0x0000000089900000|  0%| F|  |TAMS 0x0000000089800000, 0x0000000089800000| Untracked 
| 153|0x0000000089900000, 0x0000000089900000, 0x0000000089a00000|  0%| F|  |TAMS 0x0000000089900000, 0x0000000089900000| Untracked 
| 154|0x0000000089a00000, 0x0000000089a00000, 0x0000000089b00000|  0%| F|  |TAMS 0x0000000089a00000, 0x0000000089a00000| Untracked 
| 155|0x0000000089b00000, 0x0000000089b00000, 0x0000000089c00000|  0%| F|  |TAMS 0x0000000089b00000, 0x0000000089b00000| Untracked 
| 156|0x0000000089c00000, 0x0000000089c00000, 0x0000000089d00000|  0%| F|  |TAMS 0x0000000089c00000, 0x0000000089c00000| Untracked 
| 157|0x0000000089d00000, 0x0000000089d00000, 0x0000000089e00000|  0%| F|  |TAMS 0x0000000089d00000, 0x0000000089d00000| Untracked 
| 158|0x0000000089e00000, 0x0000000089e00000, 0x0000000089f00000|  0%| F|  |TAMS 0x0000000089e00000, 0x0000000089e00000| Untracked 
| 159|0x0000000089f00000, 0x0000000089f00000, 0x000000008a000000|  0%| F|  |TAMS 0x0000000089f00000, 0x0000000089f00000| Untracked 
| 160|0x000000008a000000, 0x000000008a000000, 0x000000008a100000|  0%| F|  |TAMS 0x000000008a000000, 0x000000008a000000| Untracked 
| 161|0x000000008a100000, 0x000000008a100000, 0x000000008a200000|  0%| F|  |TAMS 0x000000008a100000, 0x000000008a100000| Untracked 
| 162|0x000000008a200000, 0x000000008a200000, 0x000000008a300000|  0%| F|  |TAMS 0x000000008a200000, 0x000000008a200000| Untracked 
| 163|0x000000008a300000, 0x000000008a300000, 0x000000008a400000|  0%| F|  |TAMS 0x000000008a300000, 0x000000008a300000| Untracked 
| 164|0x000000008a400000, 0x000000008a400000, 0x000000008a500000|  0%| F|  |TAMS 0x000000008a400000, 0x000000008a400000| Untracked 
| 165|0x000000008a500000, 0x000000008a500000, 0x000000008a600000|  0%| F|  |TAMS 0x000000008a500000, 0x000000008a500000| Untracked 
| 166|0x000000008a600000, 0x000000008a600000, 0x000000008a700000|  0%| F|  |TAMS 0x000000008a600000, 0x000000008a600000| Untracked 
| 167|0x000000008a700000, 0x000000008a700000, 0x000000008a800000|  0%| F|  |TAMS 0x000000008a700000, 0x000000008a700000| Untracked 
| 168|0x000000008a800000, 0x000000008a800000, 0x000000008a900000|  0%| F|  |TAMS 0x000000008a800000, 0x000000008a800000| Untracked 
| 169|0x000000008a900000, 0x000000008a9050f8, 0x000000008aa00000|  1%| E|  |TAMS 0x000000008a900000, 0x000000008a900000| Complete 
| 170|0x000000008aa00000, 0x000000008ab00000, 0x000000008ab00000|100%| E|CS|TAMS 0x000000008aa00000, 0x000000008aa00000| Complete 
| 171|0x000000008ab00000, 0x000000008ac00000, 0x000000008ac00000|100%| E|CS|TAMS 0x000000008ab00000, 0x000000008ab00000| Complete 
| 172|0x000000008ac00000, 0x000000008ad00000, 0x000000008ad00000|100%| E|CS|TAMS 0x000000008ac00000, 0x000000008ac00000| Complete 
| 173|0x000000008ad00000, 0x000000008ae00000, 0x000000008ae00000|100%| E|CS|TAMS 0x000000008ad00000, 0x000000008ad00000| Complete 
| 174|0x000000008ae00000, 0x000000008af00000, 0x000000008af00000|100%| E|CS|TAMS 0x000000008ae00000, 0x000000008ae00000| Complete 
| 175|0x000000008af00000, 0x000000008b000000, 0x000000008b000000|100%| E|CS|TAMS 0x000000008af00000, 0x000000008af00000| Complete 
| 176|0x000000008b000000, 0x000000008b100000, 0x000000008b100000|100%| E|CS|TAMS 0x000000008b000000, 0x000000008b000000| Complete 
| 177|0x000000008b100000, 0x000000008b200000, 0x000000008b200000|100%| E|CS|TAMS 0x000000008b100000, 0x000000008b100000| Complete 
| 178|0x000000008b200000, 0x000000008b300000, 0x000000008b300000|100%| E|CS|TAMS 0x000000008b200000, 0x000000008b200000| Complete 
| 179|0x000000008b300000, 0x000000008b400000, 0x000000008b400000|100%| E|CS|TAMS 0x000000008b300000, 0x000000008b300000| Complete 
| 180|0x000000008b400000, 0x000000008b500000, 0x000000008b500000|100%| E|CS|TAMS 0x000000008b400000, 0x000000008b400000| Complete 
| 181|0x000000008b500000, 0x000000008b600000, 0x000000008b600000|100%| E|CS|TAMS 0x000000008b500000, 0x000000008b500000| Complete 
| 182|0x000000008b600000, 0x000000008b700000, 0x000000008b700000|100%| E|CS|TAMS 0x000000008b600000, 0x000000008b600000| Complete 
| 183|0x000000008b700000, 0x000000008b800000, 0x000000008b800000|100%| E|CS|TAMS 0x000000008b700000, 0x000000008b700000| Complete 
| 184|0x000000008b800000, 0x000000008b900000, 0x000000008b900000|100%| E|CS|TAMS 0x000000008b800000, 0x000000008b800000| Complete 
| 185|0x000000008b900000, 0x000000008ba00000, 0x000000008ba00000|100%| E|CS|TAMS 0x000000008b900000, 0x000000008b900000| Complete 
| 186|0x000000008ba00000, 0x000000008bb00000, 0x000000008bb00000|100%| E|CS|TAMS 0x000000008ba00000, 0x000000008ba00000| Complete 
| 187|0x000000008bb00000, 0x000000008bc00000, 0x000000008bc00000|100%| E|CS|TAMS 0x000000008bb00000, 0x000000008bb00000| Complete 
| 188|0x000000008bc00000, 0x000000008bd00000, 0x000000008bd00000|100%| E|CS|TAMS 0x000000008bc00000, 0x000000008bc00000| Complete 
| 189|0x000000008bd00000, 0x000000008be00000, 0x000000008be00000|100%| E|CS|TAMS 0x000000008bd00000, 0x000000008bd00000| Complete 
| 190|0x000000008be00000, 0x000000008bf00000, 0x000000008bf00000|100%| E|CS|TAMS 0x000000008be00000, 0x000000008be00000| Complete 
| 191|0x000000008bf00000, 0x000000008c000000, 0x000000008c000000|100%| E|CS|TAMS 0x000000008bf00000, 0x000000008bf00000| Complete 
| 192|0x000000008c000000, 0x000000008c100000, 0x000000008c100000|100%| E|CS|TAMS 0x000000008c000000, 0x000000008c000000| Complete 

Card table byte_map: [0x00000289d1560000,0x00000289d1960000] _byte_map_base: 0x00000289d1160000

Marking Bits (Prev, Next): (CMBitMap*) 0x00000289ba11f600, (CMBitMap*) 0x00000289ba11f640
 Prev Bits: [0x00000289d1d60000, 0x00000289d3d60000)
 Next Bits: [0x00000289d3d60000, 0x00000289d5d60000)

Polling page: 0x00000289b8020000

Metaspace:

Usage:
  Non-class:     69.76 MB used.
      Class:     11.30 MB used.
       Both:     81.07 MB used.

Virtual space:
  Non-class space:      128.00 MB reserved,      70.19 MB ( 55%) committed,  2 nodes.
      Class space:      416.00 MB reserved,      11.69 MB (  3%) committed,  1 nodes.
             Both:      544.00 MB reserved,      81.88 MB ( 15%) committed. 

Chunk freelists:
   Non-Class:  9.86 MB
       Class:  4.34 MB
        Both:  14.20 MB

MaxMetaspaceSize: 512.00 MB
CompressedClassSpaceSize: 416.00 MB
Initial GC threshold: 21.00 MB
Current GC threshold: 129.06 MB
CDS: on
MetaspaceReclaimPolicy: balanced
 - commit_granule_bytes: 65536.
 - commit_granule_words: 8192.
 - virtual_space_node_default_size: 8388608.
 - enlarge_chunks_in_place: 1.
 - new_chunks_are_fully_committed: 0.
 - uncommit_free_chunks: 1.
 - use_allocation_guard: 0.
 - handle_deallocations: 1.


Internal statistics:

num_allocs_failed_limit: 6.
num_arena_births: 988.
num_arena_deaths: 0.
num_vsnodes_births: 3.
num_vsnodes_deaths: 0.
num_space_committed: 1310.
num_space_uncommitted: 0.
num_chunks_returned_to_freelist: 6.
num_chunks_taken_from_freelist: 4476.
num_chunk_merges: 6.
num_chunk_splits: 2934.
num_chunks_enlarged: 1938.
num_inconsistent_stats: 0.

CodeHeap 'non-profiled nmethods': size=120000Kb used=4548Kb max_used=5230Kb free=115452Kb
 bounds [0x00000289c96b0000, 0x00000289c9bd0000, 0x00000289d0be0000]
CodeHeap 'profiled nmethods': size=120000Kb used=16616Kb max_used=18673Kb free=103383Kb
 bounds [0x00000289c1be0000, 0x00000289c2e20000, 0x00000289c9110000]
CodeHeap 'non-nmethods': size=5760Kb used=2386Kb max_used=2442Kb free=3373Kb
 bounds [0x00000289c9110000, 0x00000289c9380000, 0x00000289c96b0000]
 total_blobs=9527 nmethods=8608 adapters=829
 compilation: enabled
              stopped_count=0, restarted_count=0
 full_count=0

Compilation events (20 events):
Event: 105.108 Thread 0x00000289d89c0690 10132       3       groovyjarjarasm.asm.Edge::<init> (20 bytes)
Event: 105.108 Thread 0x00000289d89c0690 nmethod 10132 0x00000289c1d76f90 code [0x00000289c1d77140, 0x00000289c1d77378]
Event: 105.600 Thread 0x00000289d89b66b0 10133 %     4       org.codehaus.groovy.runtime.metaclass.MetaMethodIndex::resize @ 20 (103 bytes)
Event: 105.662 Thread 0x00000289d89b66b0 nmethod 10133% 0x00000289c9999810 code [0x00000289c99999a0, 0x00000289c9999ef8]
Event: 105.665 Thread 0x00000289d89b66b0 10134       4       org.codehaus.groovy.runtime.metaclass.MetaMethodIndex::addMethodToList (128 bytes)
Event: 105.770 Thread 0x00000289d89b66b0 nmethod 10134 0x00000289c9713490 code [0x00000289c97137a0, 0x00000289c9715190]
Event: 105.907 Thread 0x00000289d89b66b0 10135       4       java.beans.MethodRef::set (58 bytes)
Event: 105.965 Thread 0x00000289d89c0690 10137       3       jdk.proxy1.$Proxy26::<init> (6 bytes)
Event: 105.970 Thread 0x00000289d89c0690 nmethod 10137 0x00000289c1d83810 code [0x00000289c1d839e0, 0x00000289c1d83d68]
Event: 105.970 Thread 0x00000289d89c0690 10138   !   3       jdk.internal.reflect.GeneratedConstructorAccessor28::newInstance (53 bytes)
Event: 105.983 Thread 0x00000289d89c0690 nmethod 10138 0x00000289c1ed6410 code [0x00000289c1ed6640, 0x00000289c1ed6ee8]
Event: 105.983 Thread 0x00000289d89c0690 10139       3       com.sun.beans.introspect.MethodInfo::isThrow (42 bytes)
Event: 105.994 Thread 0x00000289d89c0690 nmethod 10139 0x00000289c1c49710 code [0x00000289c1c498e0, 0x00000289c1c49d48]
Event: 106.109 Thread 0x00000289d89c0690 10145       3       org.codehaus.groovy.util.ComplexKeyHashMap::resize (103 bytes)
Event: 106.110 Thread 0x00000289d89c0690 nmethod 10145 0x00000289c1fd2a10 code [0x00000289c1fd2be0, 0x00000289c1fd31b8]
Event: 106.110 Thread 0x00000289d89c0690 10146       3       groovy.lang.MetaProperty::getSetterName (23 bytes)
Event: 106.111 Thread 0x00000289d89c0690 nmethod 10146 0x00000289c2004f10 code [0x00000289c2005140, 0x00000289c20056b8]
Event: 106.132 Thread 0x00000289d89c0690 10147       3       org.apache.groovy.util.BeanUtils::capitalize (64 bytes)
Event: 106.137 Thread 0x00000289d89c0690 nmethod 10147 0x00000289c1e3a910 code [0x00000289c1e3ad00, 0x00000289c1e3c5c8]
Event: 106.150 Thread 0x00000289fba1a5b0 10144       4       com.sun.beans.TypeResolver::resolve (37 bytes)

GC Heap History (20 events):
Event: 65.355 GC heap before
{Heap before GC invocations=40 (full 0):
 garbage-first heap   total 124928K, used 102064K [0x0000000080000000, 0x0000000100000000)
  region size 1024K, 21 young (21504K), 1 survivors (1024K)
 Metaspace       used 70605K, committed 71360K, reserved 491520K
  class space    used 9984K, committed 10368K, reserved 425984K
}
Event: 65.359 GC heap after
{Heap after GC invocations=41 (full 0):
 garbage-first heap   total 124928K, used 82974K [0x0000000080000000, 0x0000000100000000)
  region size 1024K, 1 young (1024K), 1 survivors (1024K)
 Metaspace       used 70605K, committed 71360K, reserved 491520K
  class space    used 9984K, committed 10368K, reserved 425984K
}
Event: 66.099 GC heap before
{Heap before GC invocations=42 (full 0):
 garbage-first heap   total 143360K, used 104478K [0x0000000080000000, 0x0000000100000000)
  region size 1024K, 22 young (22528K), 1 survivors (1024K)
 Metaspace       used 72414K, committed 73152K, reserved 491520K
  class space    used 10171K, committed 10560K, reserved 425984K
}
Event: 66.102 GC heap after
{Heap after GC invocations=43 (full 0):
 garbage-first heap   total 143360K, used 83677K [0x0000000080000000, 0x0000000100000000)
  region size 1024K, 2 young (2048K), 2 survivors (2048K)
 Metaspace       used 72414K, committed 73152K, reserved 491520K
  class space    used 10171K, committed 10560K, reserved 425984K
}
Event: 66.321 GC heap before
{Heap before GC invocations=43 (full 0):
 garbage-first heap   total 143360K, used 88797K [0x0000000080000000, 0x0000000100000000)
  region size 1024K, 7 young (7168K), 2 survivors (2048K)
 Metaspace       used 72770K, committed 73472K, reserved 491520K
  class space    used 10220K, committed 10560K, reserved 425984K
}
Event: 66.326 GC heap after
{Heap after GC invocations=44 (full 0):
 garbage-first heap   total 143360K, used 83799K [0x0000000080000000, 0x0000000100000000)
  region size 1024K, 1 young (1024K), 1 survivors (1024K)
 Metaspace       used 72770K, committed 73472K, reserved 491520K
  class space    used 10220K, committed 10560K, reserved 425984K
}
Event: 67.080 GC heap before
{Heap before GC invocations=44 (full 0):
 garbage-first heap   total 143360K, used 91991K [0x0000000080000000, 0x0000000100000000)
  region size 1024K, 10 young (10240K), 1 survivors (1024K)
 Metaspace       used 74339K, committed 75136K, reserved 491520K
  class space    used 10397K, committed 10752K, reserved 425984K
}
Event: 67.086 GC heap after
{Heap after GC invocations=45 (full 0):
 garbage-first heap   total 143360K, used 85153K [0x0000000080000000, 0x0000000100000000)
  region size 1024K, 2 young (2048K), 2 survivors (2048K)
 Metaspace       used 74339K, committed 75136K, reserved 491520K
  class space    used 10397K, committed 10752K, reserved 425984K
}
Event: 67.959 GC heap before
{Heap before GC invocations=46 (full 0):
 garbage-first heap   total 158720K, used 123041K [0x0000000080000000, 0x0000000100000000)
  region size 1024K, 33 young (33792K), 2 survivors (2048K)
 Metaspace       used 75724K, committed 76480K, reserved 557056K
  class space    used 10589K, committed 10944K, reserved 425984K
}
Event: 67.964 GC heap after
{Heap after GC invocations=47 (full 0):
 garbage-first heap   total 158720K, used 88112K [0x0000000080000000, 0x0000000100000000)
  region size 1024K, 5 young (5120K), 5 survivors (5120K)
 Metaspace       used 75724K, committed 76480K, reserved 557056K
  class space    used 10589K, committed 10944K, reserved 425984K
}
Event: 68.086 GC heap before
{Heap before GC invocations=47 (full 0):
 garbage-first heap   total 158720K, used 90160K [0x0000000080000000, 0x0000000100000000)
  region size 1024K, 7 young (7168K), 5 survivors (5120K)
 Metaspace       used 75871K, committed 76672K, reserved 557056K
  class space    used 10608K, committed 11008K, reserved 425984K
}
Event: 68.091 GC heap after
{Heap after GC invocations=48 (full 0):
 garbage-first heap   total 158720K, used 88404K [0x0000000080000000, 0x0000000100000000)
  region size 1024K, 1 young (1024K), 1 survivors (1024K)
 Metaspace       used 75871K, committed 76672K, reserved 557056K
  class space    used 10608K, committed 11008K, reserved 425984K
}
Event: 69.295 GC heap before
{Heap before GC invocations=48 (full 0):
 garbage-first heap   total 158720K, used 125268K [0x0000000080000000, 0x0000000100000000)
  region size 1024K, 37 young (37888K), 1 survivors (1024K)
 Metaspace       used 78384K, committed 79168K, reserved 557056K
  class space    used 10943K, committed 11328K, reserved 425984K
}
Event: 69.298 GC heap after
{Heap after GC invocations=49 (full 0):
 garbage-first heap   total 158720K, used 89610K [0x0000000080000000, 0x0000000100000000)
  region size 1024K, 2 young (2048K), 2 survivors (2048K)
 Metaspace       used 78384K, committed 79168K, reserved 557056K
  class space    used 10943K, committed 11328K, reserved 425984K
}
Event: 71.339 GC heap before
{Heap before GC invocations=50 (full 0):
 garbage-first heap   total 158720K, used 127498K [0x0000000080000000, 0x0000000100000000)
  region size 1024K, 39 young (39936K), 2 survivors (2048K)
 Metaspace       used 81260K, committed 82048K, reserved 557056K
  class space    used 11328K, committed 11712K, reserved 425984K
}
Event: 71.347 GC heap after
{Heap after GC invocations=51 (full 0):
 garbage-first heap   total 158720K, used 90932K [0x0000000080000000, 0x0000000100000000)
  region size 1024K, 4 young (4096K), 4 survivors (4096K)
 Metaspace       used 81260K, committed 82048K, reserved 557056K
  class space    used 11328K, committed 11712K, reserved 425984K
}
Event: 71.551 GC heap before
{Heap before GC invocations=51 (full 0):
 garbage-first heap   total 158720K, used 94004K [0x0000000080000000, 0x0000000100000000)
  region size 1024K, 7 young (7168K), 4 survivors (4096K)
 Metaspace       used 81526K, committed 82240K, reserved 557056K
  class space    used 11368K, committed 11712K, reserved 425984K
}
Event: 71.558 GC heap after
{Heap after GC invocations=52 (full 0):
 garbage-first heap   total 158720K, used 91108K [0x0000000080000000, 0x0000000100000000)
  region size 1024K, 1 young (1024K), 1 survivors (1024K)
 Metaspace       used 81526K, committed 82240K, reserved 557056K
  class space    used 11368K, committed 11712K, reserved 425984K
}
Event: 72.816 GC heap before
{Heap before GC invocations=52 (full 0):
 garbage-first heap   total 158720K, used 128996K [0x0000000080000000, 0x0000000100000000)
  region size 1024K, 38 young (38912K), 1 survivors (1024K)
 Metaspace       used 82705K, committed 83456K, reserved 557056K
  class space    used 11538K, committed 11904K, reserved 425984K
}
Event: 72.822 GC heap after
{Heap after GC invocations=53 (full 0):
 garbage-first heap   total 197632K, used 93386K [0x0000000080000000, 0x0000000100000000)
  region size 1024K, 3 young (3072K), 3 survivors (3072K)
 Metaspace       used 82705K, committed 83456K, reserved 557056K
  class space    used 11538K, committed 11904K, reserved 425984K
}

Dll operation events (15 events):
Event: 0.051 Loaded shared library C:\Program Files\Eclipse Adoptium\jdk-17.0.10.7-hotspot\bin\java.dll
Event: 0.102 Loaded shared library C:\Program Files\Eclipse Adoptium\jdk-17.0.10.7-hotspot\bin\jsvml.dll
Event: 0.285 Loaded shared library C:\Program Files\Eclipse Adoptium\jdk-17.0.10.7-hotspot\bin\zip.dll
Event: 0.297 Loaded shared library C:\Program Files\Eclipse Adoptium\jdk-17.0.10.7-hotspot\bin\instrument.dll
Event: 0.314 Loaded shared library C:\Program Files\Eclipse Adoptium\jdk-17.0.10.7-hotspot\bin\net.dll
Event: 0.321 Loaded shared library C:\Program Files\Eclipse Adoptium\jdk-17.0.10.7-hotspot\bin\nio.dll
Event: 0.332 Loaded shared library C:\Program Files\Eclipse Adoptium\jdk-17.0.10.7-hotspot\bin\zip.dll
Event: 1.103 Loaded shared library C:\Program Files\Eclipse Adoptium\jdk-17.0.10.7-hotspot\bin\jimage.dll
Event: 1.337 Loaded shared library C:\Program Files\Eclipse Adoptium\jdk-17.0.10.7-hotspot\bin\verify.dll
Event: 2.258 Loaded shared library C:\Users\Asus\.gradle\native\68d5fa5c4cc2d200863cafc0d521ce42e7d3e7ee720ec0a83991735586a16f82\windows-amd64\native-platform.dll
Event: 2.294 Loaded shared library C:\Users\Asus\.gradle\native\e376f236ea51e6404a007f0833ffe2c6e607c4080706a723a18a27aeea778392\windows-amd64\native-platform-file-events.dll
Event: 5.610 Loaded shared library C:\Program Files\Eclipse Adoptium\jdk-17.0.10.7-hotspot\bin\management.dll
Event: 5.629 Loaded shared library C:\Program Files\Eclipse Adoptium\jdk-17.0.10.7-hotspot\bin\management_ext.dll
Event: 6.335 Loaded shared library C:\Program Files\Eclipse Adoptium\jdk-17.0.10.7-hotspot\bin\extnet.dll
Event: 7.261 Loaded shared library C:\Program Files\Eclipse Adoptium\jdk-17.0.10.7-hotspot\bin\sunmscapi.dll

Deoptimization events (20 events):
Event: 72.618 Thread 0x00000289f875e720 DEOPT PACKING pc=0x00000289c9b8bdbc sp=0x000000ee21bf4e70
Event: 72.618 Thread 0x00000289f875e720 DEOPT UNPACKING pc=0x00000289c91669a3 sp=0x000000ee21bf4d98 mode 2
Event: 73.130 Thread 0x00000289f875e720 Uncommon trap: trap_request=0xfffffff4 fr.pc=0x00000289c9aba6d0 relative=0x0000000000000530
Event: 73.130 Thread 0x00000289f875e720 Uncommon trap: reason=null_check action=make_not_entrant pc=0x00000289c9aba6d0 method=java.lang.ThreadLocal$ThreadLocalMap.expungeStaleEntry(I)I @ 51 c2
Event: 73.130 Thread 0x00000289f875e720 DEOPT PACKING pc=0x00000289c9aba6d0 sp=0x000000ee21bf36d0
Event: 73.130 Thread 0x00000289f875e720 DEOPT UNPACKING pc=0x00000289c91669a3 sp=0x000000ee21bf3670 mode 2
Event: 73.135 Thread 0x00000289f875e720 DEOPT PACKING pc=0x00000289c1c886ab sp=0x000000ee21bf2ec0
Event: 73.135 Thread 0x00000289f875e720 DEOPT UNPACKING pc=0x00000289c9167143 sp=0x000000ee21bf2460 mode 0
Event: 73.138 Thread 0x00000289f875e720 Uncommon trap: trap_request=0xffffffde fr.pc=0x00000289c9a5f6dc relative=0x000000000000029c
Event: 73.138 Thread 0x00000289f875e720 Uncommon trap: reason=class_check action=maybe_recompile pc=0x00000289c9a5f6dc method=com.google.common.collect.ComparatorOrdering.compare(Ljava/lang/Object;Ljava/lang/Object;)I @ 6 c2
Event: 73.138 Thread 0x00000289f875e720 DEOPT PACKING pc=0x00000289c9a5f6dc sp=0x000000ee21bf2d50
Event: 73.138 Thread 0x00000289f875e720 DEOPT UNPACKING pc=0x00000289c91669a3 sp=0x000000ee21bf2cc8 mode 2
Event: 73.138 Thread 0x00000289f875e720 Uncommon trap: trap_request=0xffffffde fr.pc=0x00000289c9a5f6dc relative=0x000000000000029c
Event: 73.138 Thread 0x00000289f875e720 Uncommon trap: reason=class_check action=maybe_recompile pc=0x00000289c9a5f6dc method=com.google.common.collect.ComparatorOrdering.compare(Ljava/lang/Object;Ljava/lang/Object;)I @ 6 c2
Event: 73.138 Thread 0x00000289f875e720 DEOPT PACKING pc=0x00000289c9a5f6dc sp=0x000000ee21bf2d50
Event: 73.138 Thread 0x00000289f875e720 DEOPT UNPACKING pc=0x00000289c91669a3 sp=0x000000ee21bf2cc8 mode 2
Event: 73.138 Thread 0x00000289f875e720 Uncommon trap: trap_request=0xffffffde fr.pc=0x00000289c9a5f6dc relative=0x000000000000029c
Event: 73.138 Thread 0x00000289f875e720 Uncommon trap: reason=class_check action=maybe_recompile pc=0x00000289c9a5f6dc method=com.google.common.collect.ComparatorOrdering.compare(Ljava/lang/Object;Ljava/lang/Object;)I @ 6 c2
Event: 73.138 Thread 0x00000289f875e720 DEOPT PACKING pc=0x00000289c9a5f6dc sp=0x000000ee21bf2d40
Event: 73.138 Thread 0x00000289f875e720 DEOPT UNPACKING pc=0x00000289c91669a3 sp=0x000000ee21bf2cb8 mode 2

Classes unloaded (0 events):
No events

Classes redefined (0 events):
No events

Internal exceptions (20 events):
Event: 72.951 Thread 0x00000289f875e720 Exception <a 'java/lang/ClassNotFoundException'{0x000000008b946708}: build_cszlxn6g44cpu17a4m0fof4vl$_run_closure2$_closure5Customizer> (0x000000008b946708) 
thrown [s\src\hotspot\share\classfile\systemDictionary.cpp, line 256]
Event: 72.954 Thread 0x00000289f875e720 Exception <a 'java/lang/ClassNotFoundException'{0x000000008b96d8f8}: build_cszlxn6g44cpu17a4m0fof4vl$_run_closure2BeanInfo> (0x000000008b96d8f8) 
thrown [s\src\hotspot\share\classfile\systemDictionary.cpp, line 256]
Event: 72.955 Thread 0x00000289f875e720 Exception <a 'java/lang/ClassNotFoundException'{0x000000008b97b618}: build_cszlxn6g44cpu17a4m0fof4vl$_run_closure2Customizer> (0x000000008b97b618) 
thrown [s\src\hotspot\share\classfile\systemDictionary.cpp, line 256]
Event: 73.094 Thread 0x00000289f875e720 Exception <a 'java/lang/ClassNotFoundException'{0x000000008b1212b0}: com/android/build/gradle/internal/dsl/BuildType$AgpDecorated_DecoratedBeanInfo> (0x000000008b1212b0) 
thrown [s\src\hotspot\share\classfile\systemDictionary.cpp, line 256]
Event: 73.095 Thread 0x00000289f875e720 Exception <a 'java/lang/ClassNotFoundException'{0x000000008b132538}: com/android/build/gradle/internal/dsl/BuildType$AgpDecoratedBeanInfo> (0x000000008b132538) 
thrown [s\src\hotspot\share\classfile\systemDictionary.cpp, line 256]
Event: 73.097 Thread 0x00000289f875e720 Exception <a 'java/lang/ClassNotFoundException'{0x000000008b143640}: com/android/build/gradle/internal/dsl/BuildTypeBeanInfo> (0x000000008b143640) 
thrown [s\src\hotspot\share\classfile\systemDictionary.cpp, line 256]
Event: 73.098 Thread 0x00000289f875e720 Exception <a 'java/lang/ClassNotFoundException'{0x000000008b1547b8}: com/android/builder/core/AbstractBuildTypeBeanInfo> (0x000000008b1547b8) 
thrown [s\src\hotspot\share\classfile\systemDictionary.cpp, line 256]
Event: 73.099 Thread 0x00000289f875e720 Exception <a 'java/lang/ClassNotFoundException'{0x000000008b165678}: com/android/builder/core/AbstractBuildTypeCustomizer> (0x000000008b165678) 
thrown [s\src\hotspot\share\classfile\systemDictionary.cpp, line 256]
Event: 73.101 Thread 0x00000289f875e720 Exception <a 'java/lang/ClassNotFoundException'{0x000000008b1931e8}: com/android/build/gradle/internal/dsl/BuildTypeCustomizer> (0x000000008b1931e8) 
thrown [s\src\hotspot\share\classfile\systemDictionary.cpp, line 256]
Event: 73.107 Thread 0x00000289f875e720 Exception <a 'java/lang/ClassNotFoundException'{0x000000008b0212a8}: com/android/build/gradle/internal/dsl/BuildType$AgpDecoratedCustomizer> (0x000000008b0212a8) 
thrown [s\src\hotspot\share\classfile\systemDictionary.cpp, line 256]
Event: 73.109 Thread 0x00000289f875e720 Exception <a 'java/lang/ClassNotFoundException'{0x000000008b0773b8}: com/android/build/gradle/internal/dsl/BuildType$AgpDecorated_DecoratedCustomizer> (0x000000008b0773b8) 
thrown [s\src\hotspot\share\classfile\systemDictionary.cpp, line 256]
Event: 73.121 Thread 0x00000289f875e720 Exception <a 'java/lang/ClassNotFoundException'{0x000000008af68c28}: build_cszlxn6g44cpu17a4m0fof4vl$_run_closure2$_closure6BeanInfo> (0x000000008af68c28) 
thrown [s\src\hotspot\share\classfile\systemDictionary.cpp, line 256]
Event: 73.122 Thread 0x00000289f875e720 Exception <a 'java/lang/ClassNotFoundException'{0x000000008af76a18}: build_cszlxn6g44cpu17a4m0fof4vl$_run_closure2$_closure6Customizer> (0x000000008af76a18) 
thrown [s\src\hotspot\share\classfile\systemDictionary.cpp, line 256]
Event: 73.130 Thread 0x00000289f875e720 Implicit null exception at 0x00000289c9aba25d to 0x00000289c9aba6ac
Event: 105.862 Thread 0x00000289f875e720 Exception <a 'java/lang/ClassNotFoundException'{0x000000008acec208}: org/gradle/api/DefaultTask_DecoratedBeanInfo> (0x000000008acec208) 
thrown [s\src\hotspot\share\classfile\systemDictionary.cpp, line 256]
Event: 105.871 Thread 0x00000289f875e720 Exception <a 'java/lang/ClassNotFoundException'{0x000000008ab0bc10}: org/gradle/api/DefaultTaskBeanInfo> (0x000000008ab0bc10) 
thrown [s\src\hotspot\share\classfile\systemDictionary.cpp, line 256]
Event: 105.881 Thread 0x00000289f875e720 Exception <a 'java/lang/ClassNotFoundException'{0x000000008ab27bb0}: org/gradle/api/internal/AbstractTaskBeanInfo> (0x000000008ab27bb0) 
thrown [s\src\hotspot\share\classfile\systemDictionary.cpp, line 256]
Event: 105.892 Thread 0x00000289f875e720 Exception <a 'java/lang/ClassNotFoundException'{0x000000008ab43b60}: org/gradle/api/internal/AbstractTaskCustomizer> (0x000000008ab43b60) 
thrown [s\src\hotspot\share\classfile\systemDictionary.cpp, line 256]
Event: 105.987 Thread 0x00000289f875e720 Exception <a 'java/lang/ClassNotFoundException'{0x000000008abb1e40}: org/gradle/api/DefaultTaskCustomizer> (0x000000008abb1e40) 
thrown [s\src\hotspot\share\classfile\systemDictionary.cpp, line 256]
Event: 106.051 Thread 0x00000289f875e720 Exception <a 'java/lang/ClassNotFoundException'{0x000000008aa2aaf0}: org/gradle/api/DefaultTask_DecoratedCustomizer> (0x000000008aa2aaf0) 
thrown [s\src\hotspot\share\classfile\systemDictionary.cpp, line 256]

VM Operations (20 events):
Event: 82.776 Executing VM operation: Cleanup
Event: 82.777 Executing VM operation: Cleanup done
Event: 88.787 Executing VM operation: HandshakeAllThreads
Event: 88.788 Executing VM operation: HandshakeAllThreads done
Event: 88.788 Executing VM operation: Cleanup
Event: 88.788 Executing VM operation: Cleanup done
Event: 90.808 Executing VM operation: Cleanup
Event: 90.808 Executing VM operation: Cleanup done
Event: 93.862 Executing VM operation: Cleanup
Event: 93.862 Executing VM operation: Cleanup done
Event: 95.730 Executing VM operation: HandshakeAllThreads
Event: 95.732 Executing VM operation: HandshakeAllThreads done
Event: 96.742 Executing VM operation: Cleanup
Event: 96.838 Executing VM operation: Cleanup done
Event: 103.895 Executing VM operation: Cleanup
Event: 104.068 Executing VM operation: Cleanup done
Event: 105.077 Executing VM operation: Cleanup
Event: 105.077 Executing VM operation: Cleanup done
Event: 106.087 Executing VM operation: Cleanup
Event: 106.103 Executing VM operation: Cleanup done

Events (20 events):
Event: 95.797 Thread 0x00000289d89e43d0 flushing nmethod 0x00000289c2adad10
Event: 95.798 Thread 0x00000289d89e43d0 flushing nmethod 0x00000289c2b22010
Event: 95.800 Thread 0x00000289d89e43d0 flushing nmethod 0x00000289c2b72290
Event: 95.800 Thread 0x00000289d89e43d0 flushing nmethod 0x00000289c2bc0610
Event: 95.801 Thread 0x00000289d89e43d0 flushing nmethod 0x00000289c2c0da10
Event: 95.801 Thread 0x00000289d89e43d0 flushing nmethod 0x00000289c2c0e610
Event: 95.801 Thread 0x00000289d89e43d0 flushing nmethod 0x00000289c2c1b490
Event: 95.801 Thread 0x00000289d89e43d0 flushing nmethod 0x00000289c2c1ba10
Event: 95.802 Thread 0x00000289d89e43d0 flushing nmethod 0x00000289c2c1be10
Event: 95.802 Thread 0x00000289d89e43d0 flushing nmethod 0x00000289c2c1e690
Event: 95.802 Thread 0x00000289d89e43d0 flushing nmethod 0x00000289c2c1fd90
Event: 95.802 Thread 0x00000289d89e43d0 flushing nmethod 0x00000289c2c20c10
Event: 95.802 Thread 0x00000289d89e43d0 flushing nmethod 0x00000289c2c25290
Event: 95.802 Thread 0x00000289d89e43d0 flushing nmethod 0x00000289c2c26b10
Event: 95.802 Thread 0x00000289d89e43d0 flushing nmethod 0x00000289c2c28a90
Event: 95.802 Thread 0x00000289d89e43d0 flushing nmethod 0x00000289c2c46990
Event: 95.802 Thread 0x00000289d89e43d0 flushing nmethod 0x00000289c2c52f10
Event: 95.802 Thread 0x00000289d89e43d0 flushing nmethod 0x00000289c2c61390
Event: 95.802 Thread 0x00000289d89e43d0 flushing nmethod 0x00000289c2c61b10
Event: 106.132 Thread 0x00000289fba1a5b0 Thread added: 0x00000289fba1a5b0


Dynamic libraries:
0x00007ff605de0000 - 0x00007ff605dee000 	C:\Program Files\Eclipse Adoptium\jdk-17.0.10.7-hotspot\bin\java.exe
0x00007ffbb3710000 - 0x00007ffbb3927000 	C:\WINDOWS\SYSTEM32\ntdll.dll
0x00007ffbb1ee0000 - 0x00007ffbb1fa4000 	C:\WINDOWS\System32\KERNEL32.DLL
0x00007ffbb0e50000 - 0x00007ffbb11f7000 	C:\WINDOWS\System32\KERNELBASE.dll
0x00007ffbb1320000 - 0x00007ffbb1431000 	C:\WINDOWS\System32\ucrtbase.dll
0x00007ffb9bbe0000 - 0x00007ffb9bbf7000 	C:\Program Files\Eclipse Adoptium\jdk-17.0.10.7-hotspot\bin\jli.dll
0x00007ffb8d280000 - 0x00007ffb8d29b000 	C:\Program Files\Eclipse Adoptium\jdk-17.0.10.7-hotspot\bin\VCRUNTIME140.dll
0x00007ffbb20b0000 - 0x00007ffbb225e000 	C:\WINDOWS\System32\USER32.dll
0x00007ffba35c0000 - 0x00007ffba3853000 	C:\WINDOWS\WinSxS\amd64_microsoft.windows.common-controls_6595b64144ccf1df_6.0.22621.3527_none_270e469b73872a76\COMCTL32.dll
0x00007ffbb12f0000 - 0x00007ffbb1316000 	C:\WINDOWS\System32\win32u.dll
0x00007ffbb14a0000 - 0x00007ffbb14c9000 	C:\WINDOWS\System32\GDI32.dll
0x00007ffbb0af0000 - 0x00007ffbb0c09000 	C:\WINDOWS\System32\gdi32full.dll
0x00007ffbb0c10000 - 0x00007ffbb0caa000 	C:\WINDOWS\System32\msvcp_win.dll
0x00007ffbb30e0000 - 0x00007ffbb3187000 	C:\WINDOWS\System32\msvcrt.dll
0x00007ffbb3020000 - 0x00007ffbb3051000 	C:\WINDOWS\System32\IMM32.DLL
0x00007ffb9bbd0000 - 0x00007ffb9bbdc000 	C:\Program Files\Eclipse Adoptium\jdk-17.0.10.7-hotspot\bin\vcruntime140_1.dll
0x00007ffb8d1f0000 - 0x00007ffb8d27d000 	C:\Program Files\Eclipse Adoptium\jdk-17.0.10.7-hotspot\bin\msvcp140.dll
0x00007ffb68950000 - 0x00007ffb695b2000 	C:\Program Files\Eclipse Adoptium\jdk-17.0.10.7-hotspot\bin\server\jvm.dll
0x00007ffbb1550000 - 0x00007ffbb1602000 	C:\WINDOWS\System32\ADVAPI32.dll
0x00007ffbb1a90000 - 0x00007ffbb1b38000 	C:\WINDOWS\System32\sechost.dll
0x00007ffbb0cb0000 - 0x00007ffbb0cd8000 	C:\WINDOWS\System32\bcrypt.dll
0x00007ffbb3340000 - 0x00007ffbb3455000 	C:\WINDOWS\System32\RPCRT4.dll
0x00007ffbaf870000 - 0x00007ffbaf8bd000 	C:\WINDOWS\SYSTEM32\POWRPROF.dll
0x00007ffba8ba0000 - 0x00007ffba8baa000 	C:\WINDOWS\SYSTEM32\VERSION.dll
0x00007ffbae5b0000 - 0x00007ffbae5b9000 	C:\WINDOWS\SYSTEM32\WSOCK32.dll
0x00007ffbabdb0000 - 0x00007ffbabde4000 	C:\WINDOWS\SYSTEM32\WINMM.dll
0x00007ffbb1da0000 - 0x00007ffbb1e11000 	C:\WINDOWS\System32\WS2_32.dll
0x00007ffbaf850000 - 0x00007ffbaf863000 	C:\WINDOWS\SYSTEM32\UMPDC.dll
0x00007ffbafaa0000 - 0x00007ffbafab8000 	C:\WINDOWS\SYSTEM32\kernel.appcore.dll
0x00007ffb99430000 - 0x00007ffb9943a000 	C:\Program Files\Eclipse Adoptium\jdk-17.0.10.7-hotspot\bin\jimage.dll
0x00007ffbae1f0000 - 0x00007ffbae422000 	C:\WINDOWS\SYSTEM32\DBGHELP.DLL
0x00007ffbb2c00000 - 0x00007ffbb2f88000 	C:\WINDOWS\System32\combase.dll
0x00007ffbb2ae0000 - 0x00007ffbb2bb7000 	C:\WINDOWS\System32\OLEAUT32.dll
0x00007ffba9a10000 - 0x00007ffba9a42000 	C:\WINDOWS\SYSTEM32\dbgcore.DLL
0x00007ffbb1200000 - 0x00007ffbb1279000 	C:\WINDOWS\System32\bcryptPrimitives.dll
0x00007ffba7990000 - 0x00007ffba799e000 	C:\Program Files\Eclipse Adoptium\jdk-17.0.10.7-hotspot\bin\instrument.dll
0x00007ffb83ae0000 - 0x00007ffb83b05000 	C:\Program Files\Eclipse Adoptium\jdk-17.0.10.7-hotspot\bin\java.dll
0x00007ffb7d3a0000 - 0x00007ffb7d477000 	C:\Program Files\Eclipse Adoptium\jdk-17.0.10.7-hotspot\bin\jsvml.dll
0x00007ffbb2260000 - 0x00007ffbb2abc000 	C:\WINDOWS\System32\SHELL32.dll
0x00007ffbae930000 - 0x00007ffbaf226000 	C:\WINDOWS\SYSTEM32\windows.storage.dll
0x00007ffbae7f0000 - 0x00007ffbae92e000 	C:\WINDOWS\SYSTEM32\wintypes.dll
0x00007ffbb1fb0000 - 0x00007ffbb20a5000 	C:\WINDOWS\System32\SHCORE.dll
0x00007ffbb1e80000 - 0x00007ffbb1ede000 	C:\WINDOWS\System32\shlwapi.dll
0x00007ffbb0960000 - 0x00007ffbb0981000 	C:\WINDOWS\SYSTEM32\profapi.dll
0x00007ffb835a0000 - 0x00007ffb835b8000 	C:\Program Files\Eclipse Adoptium\jdk-17.0.10.7-hotspot\bin\zip.dll
0x00007ffb85060000 - 0x00007ffb85079000 	C:\Program Files\Eclipse Adoptium\jdk-17.0.10.7-hotspot\bin\net.dll
0x00007ffbac9d0000 - 0x00007ffbacb06000 	C:\WINDOWS\SYSTEM32\WINHTTP.dll
0x00007ffbaff60000 - 0x00007ffbaffc9000 	C:\WINDOWS\system32\mswsock.dll
0x00007ffb84fc0000 - 0x00007ffb84fd6000 	C:\Program Files\Eclipse Adoptium\jdk-17.0.10.7-hotspot\bin\nio.dll
0x00007ffba79a0000 - 0x00007ffba79b0000 	C:\Program Files\Eclipse Adoptium\jdk-17.0.10.7-hotspot\bin\verify.dll
0x00007ffb7c580000 - 0x00007ffb7c5a7000 	C:\Users\Asus\.gradle\native\68d5fa5c4cc2d200863cafc0d521ce42e7d3e7ee720ec0a83991735586a16f82\windows-amd64\native-platform.dll
0x00007ffb7d980000 - 0x00007ffb7dac4000 	C:\Users\Asus\.gradle\native\e376f236ea51e6404a007f0833ffe2c6e607c4080706a723a18a27aeea778392\windows-amd64\native-platform-file-events.dll
0x00007ffb95580000 - 0x00007ffb95589000 	C:\Program Files\Eclipse Adoptium\jdk-17.0.10.7-hotspot\bin\management.dll
0x00007ffb94500000 - 0x00007ffb9450b000 	C:\Program Files\Eclipse Adoptium\jdk-17.0.10.7-hotspot\bin\management_ext.dll
0x00007ffbb2bc0000 - 0x00007ffbb2bc8000 	C:\WINDOWS\System32\PSAPI.DLL
0x00007ffbb0200000 - 0x00007ffbb021b000 	C:\WINDOWS\SYSTEM32\CRYPTSP.dll
0x00007ffbafa60000 - 0x00007ffbafa95000 	C:\WINDOWS\system32\rsaenh.dll
0x00007ffbb0000000 - 0x00007ffbb0028000 	C:\WINDOWS\SYSTEM32\USERENV.dll
0x00007ffbb0170000 - 0x00007ffbb017c000 	C:\WINDOWS\SYSTEM32\CRYPTBASE.dll
0x00007ffbaf500000 - 0x00007ffbaf52d000 	C:\WINDOWS\SYSTEM32\IPHLPAPI.DLL
0x00007ffbb1440000 - 0x00007ffbb1449000 	C:\WINDOWS\System32\NSI.dll
0x00007ffbac560000 - 0x00007ffbac579000 	C:\WINDOWS\SYSTEM32\dhcpcsvc6.DLL
0x00007ffbac440000 - 0x00007ffbac45f000 	C:\WINDOWS\SYSTEM32\dhcpcsvc.DLL
0x00007ffbaf530000 - 0x00007ffbaf628000 	C:\WINDOWS\SYSTEM32\DNSAPI.dll
0x00007ffb917b0000 - 0x00007ffb917b9000 	C:\Program Files\Eclipse Adoptium\jdk-17.0.10.7-hotspot\bin\extnet.dll
0x00007ffb93fa0000 - 0x00007ffb93fae000 	C:\Program Files\Eclipse Adoptium\jdk-17.0.10.7-hotspot\bin\sunmscapi.dll
0x00007ffbb0ce0000 - 0x00007ffbb0e48000 	C:\WINDOWS\System32\CRYPT32.dll
0x00007ffbb03d0000 - 0x00007ffbb03fe000 	C:\WINDOWS\SYSTEM32\ncrypt.dll
0x00007ffbb0390000 - 0x00007ffbb03c7000 	C:\WINDOWS\SYSTEM32\NTASN1.dll
0x00007ffb937a0000 - 0x00007ffb937a8000 	C:\WINDOWS\system32\wshunix.dll
0x00007ffba0050000 - 0x00007ffba0067000 	C:\WINDOWS\system32\napinsp.dll
0x00007ffb9ffe0000 - 0x00007ffb9fffb000 	C:\WINDOWS\system32\pnrpnsp.dll
0x00007ffb9ffc0000 - 0x00007ffb9ffd1000 	C:\WINDOWS\System32\winrnr.dll
0x00007ffb9ffa0000 - 0x00007ffb9ffb5000 	C:\WINDOWS\system32\wshbth.dll
0x00007ffb9ff70000 - 0x00007ffb9ff97000 	C:\WINDOWS\system32\nlansp_c.dll
0x00007ffbaae10000 - 0x00007ffbaae1a000 	C:\Windows\System32\rasadhlp.dll
0x00007ffbabaf0000 - 0x00007ffbabb73000 	C:\WINDOWS\System32\fwpuclnt.dll

dbghelp: loaded successfully - version: 4.0.5 - missing functions: none
symbol engine: initialized successfully - sym options: 0x614 - pdb path: .;C:\Program Files\Eclipse Adoptium\jdk-17.0.10.7-hotspot\bin;C:\WINDOWS\SYSTEM32;C:\WINDOWS\WinSxS\amd64_microsoft.windows.common-controls_6595b64144ccf1df_6.0.22621.3527_none_270e469b73872a76;C:\Program Files\Eclipse Adoptium\jdk-17.0.10.7-hotspot\bin\server;C:\Users\Asus\.gradle\native\68d5fa5c4cc2d200863cafc0d521ce42e7d3e7ee720ec0a83991735586a16f82\windows-amd64;C:\Users\Asus\.gradle\native\e376f236ea51e6404a007f0833ffe2c6e607c4080706a723a18a27aeea778392\windows-amd64

VM Arguments:
jvm_args: -XX:MaxMetaspaceSize=512m --add-opens=java.base/java.util=ALL-UNNAMED --add-opens=java.base/java.lang=ALL-UNNAMED --add-opens=java.base/java.lang.invoke=ALL-UNNAMED --add-opens=java.prefs/java.util.prefs=ALL-UNNAMED --add-opens=java.base/java.nio.charset=ALL-UNNAMED --add-opens=java.base/java.net=ALL-UNNAMED --add-opens=java.base/java.util.concurrent.atomic=ALL-UNNAMED -Xmx2048m -Dfile.encoding=windows-1252 -Duser.country=US -Duser.language=en -Duser.variant -javaagent:C:\Users\Asus\.gradle\wrapper\dists\gradle-8.3-all\6en3ugtfdg5xnpx44z4qbwgas\gradle-8.3\lib\agents\gradle-instrumentation-agent-8.3.jar 
java_command: org.gradle.launcher.daemon.bootstrap.GradleDaemon 8.3
java_class_path (initial): C:\Users\Asus\.gradle\wrapper\dists\gradle-8.3-all\6en3ugtfdg5xnpx44z4qbwgas\gradle-8.3\lib\gradle-launcher-8.3.jar
Launcher Type: SUN_STANDARD

[Global flags]
     intx CICompilerCount                          = 4                                         {product} {ergonomic}
   size_t CompressedClassSpaceSize                 = 436207616                                 {product} {ergonomic}
     uint ConcGCThreads                            = 3                                         {product} {ergonomic}
     uint G1ConcRefinementThreads                  = 10                                        {product} {ergonomic}
   size_t G1HeapRegionSize                         = 1048576                                   {product} {ergonomic}
    uintx GCDrainStackTargetSize                   = 64                                        {product} {ergonomic}
   size_t InitialHeapSize                          = 125829120                                 {product} {ergonomic}
   size_t MarkStackSize                            = 4194304                                   {product} {ergonomic}
   size_t MaxHeapSize                              = 2147483648                                {product} {command line}
   size_t MaxMetaspaceSize                         = 536870912                                 {product} {command line}
   size_t MaxNewSize                               = 1287651328                                {product} {ergonomic}
   size_t MinHeapDeltaBytes                        = 1048576                                   {product} {ergonomic}
   size_t MinHeapSize                              = 8388608                                   {product} {ergonomic}
    uintx NonNMethodCodeHeapSize                   = 5839372                                {pd product} {ergonomic}
    uintx NonProfiledCodeHeapSize                  = 122909434                              {pd product} {ergonomic}
    uintx ProfiledCodeHeapSize                     = 122909434                              {pd product} {ergonomic}
    uintx ReservedCodeCacheSize                    = 251658240                              {pd product} {ergonomic}
     bool SegmentedCodeCache                       = true                                      {product} {ergonomic}
   size_t SoftMaxHeapSize                          = 2147483648                             {manageable} {ergonomic}
     bool UseCompressedClassPointers               = true                           {product lp64_product} {ergonomic}
     bool UseCompressedOops                        = true                           {product lp64_product} {ergonomic}
     bool UseG1GC                                  = true                                      {product} {ergonomic}
     bool UseLargePagesIndividualAllocation        = false                                  {pd product} {ergonomic}

Logging:
Log output configuration:
 #0: stdout all=warning uptime,level,tags
 #1: stderr all=off uptime,level,tags

Environment Variables:
CLASSPATH=C:\Users\Asus\OneDrive\Documents\KisanSamuh\android\\gradle\wrapper\gradle-wrapper.jar
PATH=C:\Users\Asus\OneDrive\Documents\KisanSamuh\node_modules\.bin;C:\Users\Asus\OneDrive\Documents\KisanSamuh\node_modules\.bin;C:\Users\Asus\OneDrive\Documents\node_modules\.bin;C:\Users\Asus\OneDrive\node_modules\.bin;C:\Users\Asus\node_modules\.bin;C:\Users\node_modules\.bin;C:\node_modules\.bin;C:\Users\Asus\AppData\Roaming\npm\node_modules\npm\node_modules\@npmcli\run-script\lib\node-gyp-bin;C:\Users\Asus\OneDrive\Documents\KisanSamuh\node_modules\.bin;C:\Users\Asus\OneDrive\Documents\KisanSamuh\node_modules\.bin;C:\Users\Asus\OneDrive\Documents\node_modules\.bin;C:\Users\Asus\OneDrive\node_modules\.bin;C:\Users\Asus\node_modules\.bin;C:\Users\node_modules\.bin;C:\node_modules\.bin;C:\Users\Asus\AppData\Roaming\npm\node_modules\npm\node_modules\@npmcli\run-script\lib\node-gyp-bin;C:\Program Files\Eclipse Adoptium\jdk-17.0.10.7-hotspot\bin;C:\Program Files\Eclipse Adoptium\jdk-11.0.22.7-hotspot\bin;C:\WINDOWS\system32;C:\WINDOWS;C:\WINDOWS\System32\Wbem;C:\WINDOWS\System32\WindowsPowerShell\v1.0\;C:\WINDOWS\System32\OpenSSH\;C:\Program Files\Git\cmd;C:\Users\Asus\AppData\Roaming\nvm;C:\Program Files\nodejs;C:\ProgramData\chocolatey\bin;C:\Program Files\nodejs\;C:\Users\Asus\AppData\Local\Android\Sdk\platform-tools;C:\Users\Asus\AppData\Local\Microsoft\WindowsApps;C:\Users\Asus\AppData\Local\Programs\Microsoft VS Code\bin;C:\Users\Asus\AppData\Roaming\nvm;C:\Program Files\nodejs;C:\Users\Asus\AppData\Roaming\npm
USERNAME=Asus
LANG=en_US.UTF-8
OS=Windows_NT
PROCESSOR_IDENTIFIER=AMD64 Family 25 Model 80 Stepping 0, AuthenticAMD
TMP=C:\Users\Asus\AppData\Local\Temp
TEMP=C:\Users\Asus\AppData\Local\Temp



Periodic native trim disabled


---------------  S Y S T E M  ---------------

OS:
 Windows 11 , 64 bit Build 22621 (10.0.22621.3527)
OS uptime: 20 days 6:38 hours
Hyper-V role detected

CPU: total 12 (initial active 12) (12 cores per cpu, 2 threads per core) family 25 model 80 stepping 0 microcode 0x0, cx8, cmov, fxsr, ht, mmx, 3dnowpref, sse, sse2, sse3, ssse3, sse4a, sse4.1, sse4.2, popcnt, lzcnt, tsc, tscinvbit, avx, avx2, aes, erms, clmul, bmi1, bmi2, adx, sha, fma, vzeroupper, clflush, clflushopt, hv
Processor Information for all 12 processors :
  Max Mhz: 3301, Current Mhz: 1908, Mhz Limit: 3301

Memory: 4k page, system-wide physical 7583M (361M free)
TotalPageFile size 27181M (AvailPageFile size 0M)
current process WorkingSet (physical memory assigned to process): 88M, peak: 261M
current process commit charge ("private bytes"): 472M, peak: 485M

vm_info: OpenJDK 64-Bit Server VM (17.0.10+7) for windows-amd64 JRE (17.0.10+7), built on Jan 16 2024 23:25:11 by "admin" with MS VC++ 16.10 / 16.11 (VS2019)

END.
