#
# There is insufficient memory for the Java Runtime Environment to continue.
# Native memory allocation (malloc) failed to allocate 32744 bytes for ChunkPool::allocate
# Possible reasons:
#   The system is out of physical RAM or swap space
#   The process is running with CompressedOops enabled, and the Java Heap may be blocking the growth of the native heap
# Possible solutions:
#   Reduce memory load on the system
#   Increase physical memory or swap space
#   Check if swap backing store is full
#   Decrease Java heap size (-Xmx/-Xms)
#   Decrease number of Java threads
#   Decrease Java thread stack sizes (-Xss)
#   Set larger code cache with -XX:ReservedCodeCacheSize=
#   JVM is running with Unscaled Compressed Oops mode in which the Java heap is
#     placed in the first 4GB address space. The Java Heap base address is the
#     maximum limit for the native heap growth. Please use -XX:HeapBaseMinAddress
#     to set the Java Heap base and to place the Java Heap above 4GB virtual address.
# This output file may be truncated or incomplete.
#
#  Out of Memory Error (arena.cpp:79), pid=13324, tid=25224
#
# JRE version: OpenJDK Runtime Environment Temurin-17.0.10+7 (17.0.10+7) (build 17.0.10+7)
# Java VM: OpenJDK 64-Bit Server VM Temurin-17.0.10+7 (17.0.10+7, mixed mode, sharing, tiered, compressed oops, compressed class ptrs, g1 gc, windows-amd64)
# No core dump will be written. Minidumps are not enabled by default on client versions of Windows
#

---------------  S U M M A R Y ------------

Command Line: -Xmx64m -Xms64m -Dorg.gradle.appname=gradlew org.gradle.wrapper.GradleWrapperMain app:installDebug -PreactNativeDevServerPort=8081

Host: AMD Ryzen 5 5600H with Radeon Graphics         , 12 cores, 7G,  Windows 11 , 64 bit Build 22621 (10.0.22621.3527)
Time: Sat Jun  8 16:49:43 2024 India Standard Time elapsed time: 163.705231 seconds (0d 0h 2m 43s)

---------------  T H R E A D  ---------------

Current thread (0x0000026aca4e7b80):  JavaThread "C2 CompilerThread0" daemon [_thread_in_native, id=25224, stack(0x000000fbe0400000,0x000000fbe0500000)]


Current CompileTask:
C2: 163705 1767       4       org.gradle.internal.logging.text.AbstractLineChoppingStyledTextOutput$1::execute (9 bytes)

Stack: [0x000000fbe0400000,0x000000fbe0500000]
Native frames: (J=compiled Java code, j=interpreted, Vv=VM code, C=native code)
V  [jvm.dll+0x67d2c9]
V  [jvm.dll+0x834afa]
V  [jvm.dll+0x8365be]
V  [jvm.dll+0x836c23]
V  [jvm.dll+0x2477ff]
V  [jvm.dll+0xac711]
V  [jvm.dll+0xacb5c]
V  [jvm.dll+0x6088a0]
V  [jvm.dll+0x608a39]
V  [jvm.dll+0x60e607]
V  [jvm.dll+0x60f492]
V  [jvm.dll+0x60d9e4]
V  [jvm.dll+0x219d68]
V  [jvm.dll+0x219311]
V  [jvm.dll+0x1a502d]
V  [jvm.dll+0x2290de]
V  [jvm.dll+0x2272ac]
V  [jvm.dll+0x7e9bb7]
V  [jvm.dll+0x7e3fba]
V  [jvm.dll+0x67c1b5]
C  [ucrtbase.dll+0x29333]
C  [KERNEL32.DLL+0x1257d]
C  [ntdll.dll+0x5aa48]


---------------  P R O C E S S  ---------------

Threads class SMR info:
_java_thread_list=0x0000026b10886960, length=15, elements={
0x0000026ab067d7b0, 0x0000026ab072e610, 0x0000026aca4ce470, 0x0000026aca4e2d90,
0x0000026aca4e3950, 0x0000026aca4e6420, 0x0000026aca4e6de0, 0x0000026aca4e7b80,
0x0000026aca4ece60, 0x0000026aca4f7790, 0x0000026aca7480f0, 0x0000026aca74c7a0,
0x0000026b10ae3700, 0x0000026b1066e990, 0x0000026b10a44020
}

Java Threads: ( => current thread )
  0x0000026ab067d7b0 JavaThread "main" [_thread_in_native, id=1988, stack(0x000000fbdf700000,0x000000fbdf800000)]
  0x0000026ab072e610 JavaThread "Reference Handler" daemon [_thread_blocked, id=17640, stack(0x000000fbdfe00000,0x000000fbdff00000)]
  0x0000026aca4ce470 JavaThread "Finalizer" daemon [_thread_blocked, id=9864, stack(0x000000fbdff00000,0x000000fbe0000000)]
  0x0000026aca4e2d90 JavaThread "Signal Dispatcher" daemon [_thread_blocked, id=29164, stack(0x000000fbe0000000,0x000000fbe0100000)]
  0x0000026aca4e3950 JavaThread "Attach Listener" daemon [_thread_blocked, id=7180, stack(0x000000fbe0100000,0x000000fbe0200000)]
  0x0000026aca4e6420 JavaThread "Service Thread" daemon [_thread_blocked, id=5924, stack(0x000000fbe0200000,0x000000fbe0300000)]
  0x0000026aca4e6de0 JavaThread "Monitor Deflation Thread" daemon [_thread_blocked, id=2772, stack(0x000000fbe0300000,0x000000fbe0400000)]
=>0x0000026aca4e7b80 JavaThread "C2 CompilerThread0" daemon [_thread_in_native, id=25224, stack(0x000000fbe0400000,0x000000fbe0500000)]
  0x0000026aca4ece60 JavaThread "C1 CompilerThread0" daemon [_thread_blocked, id=27700, stack(0x000000fbe0500000,0x000000fbe0600000)]
  0x0000026aca4f7790 JavaThread "Sweeper thread" daemon [_thread_blocked, id=11740, stack(0x000000fbe0600000,0x000000fbe0700000)]
  0x0000026aca7480f0 JavaThread "Notification Thread" daemon [_thread_blocked, id=30316, stack(0x000000fbe0700000,0x000000fbe0800000)]
  0x0000026aca74c7a0 JavaThread "Common-Cleaner" daemon [_thread_blocked, id=15520, stack(0x000000fbe0900000,0x000000fbe0a00000)]
  0x0000026b10ae3700 JavaThread "pool-1-thread-1" [_thread_blocked, id=16416, stack(0x000000fbe0e00000,0x000000fbe0f00000)]
  0x0000026b1066e990 JavaThread "DisconnectableInputStream source reader" daemon [_thread_in_native, id=1000, stack(0x000000fbe1000000,0x000000fbe1100000)]
  0x0000026b10a44020 JavaThread "Forward input" [_thread_blocked, id=18060, stack(0x000000fbe1100000,0x000000fbe1200000)]

Other Threads:
  0x0000026ab072aa00 VMThread "VM Thread" [stack: 0x000000fbdfd00000,0x000000fbdfe00000] [id=30288]
  0x0000026ab071ace0 WatcherThread [stack: 0x000000fbe0800000,0x000000fbe0900000] [id=30088]
  0x0000026ab06a0000 GCTaskThread "GC Thread#0" [stack: 0x000000fbdf800000,0x000000fbdf900000] [id=8160]
  0x0000026b1066f4f0 GCTaskThread "GC Thread#1" [stack: 0x000000fbe0a00000,0x000000fbe0b00000] [id=21932]
  0x0000026b1059d070 GCTaskThread "GC Thread#2" [stack: 0x000000fbe0b00000,0x000000fbe0c00000] [id=8128]
  0x0000026b105bec20 GCTaskThread "GC Thread#3" [stack: 0x000000fbe0c00000,0x000000fbe0d00000] [id=27220]
  0x0000026acaa73d70 GCTaskThread "GC Thread#4" [stack: 0x000000fbe0d00000,0x000000fbe0e00000] [id=6548]
  0x0000026ab06a1750 ConcurrentGCThread "G1 Main Marker" [stack: 0x000000fbdf900000,0x000000fbdfa00000] [id=19848]
  0x0000026ab06a2910 ConcurrentGCThread "G1 Conc#0" [stack: 0x000000fbdfa00000,0x000000fbdfb00000] [id=27788]
  0x0000026ab070a5e0 ConcurrentGCThread "G1 Refine#0" [stack: 0x000000fbdfb00000,0x000000fbdfc00000] [id=29036]
  0x0000026ab070b010 ConcurrentGCThread "G1 Service" [stack: 0x000000fbdfc00000,0x000000fbdfd00000] [id=17484]

Threads with active compile tasks:
C2 CompilerThread0   163775 1767       4       org.gradle.internal.logging.text.AbstractLineChoppingStyledTextOutput$1::execute (9 bytes)

VM state: not at safepoint (normal execution)

VM Mutex/Monitor currently owned by a thread: None

Heap address: 0x00000000fc000000, size: 64 MB, Compressed Oops mode: 32-bit

CDS archive(s) mapped at: [0x0000026acb000000-0x0000026acbbb0000-0x0000026acbbb0000), size 12255232, SharedBaseAddress: 0x0000026acb000000, ArchiveRelocationMode: 1.
Compressed class space mapped at: 0x0000026acc000000-0x0000026b0c000000, reserved size: 1073741824
Narrow klass base: 0x0000026acb000000, Narrow klass shift: 0, Narrow klass range: 0x100000000

GC Precious Log:
 CPUs: 12 total, 12 available
 Memory: 7583M
 Large Page Support: Disabled
 NUMA Support: Disabled
 Compressed Oops: Enabled (32-bit)
 Heap Region Size: 1M
 Heap Min Capacity: 64M
 Heap Initial Capacity: 64M
 Heap Max Capacity: 64M
 Pre-touch: Disabled
 Parallel Workers: 10
 Concurrent Workers: 3
 Concurrent Refinement Workers: 10
 Periodic GC: Disabled

Heap:
 garbage-first heap   total 65536K, used 31012K [0x00000000fc000000, 0x0000000100000000)
  region size 1024K, 24 young (24576K), 3 survivors (3072K)
 Metaspace       used 9428K, committed 9664K, reserved 1114112K
  class space    used 1227K, committed 1344K, reserved 1048576K

Heap Regions: E=young(eden), S=young(survivor), O=old, HS=humongous(starts), HC=humongous(continues), CS=collection set, F=free, OA=open archive, CA=closed archive, TAMS=top-at-mark-start (previous, next)
|   0|0x00000000fc000000, 0x00000000fc100000, 0x00000000fc100000|100%|HS|  |TAMS 0x00000000fc000000, 0x00000000fc000000| Complete 
|   1|0x00000000fc100000, 0x00000000fc200000, 0x00000000fc200000|100%|HC|  |TAMS 0x00000000fc100000, 0x00000000fc100000| Complete 
|   2|0x00000000fc200000, 0x00000000fc300000, 0x00000000fc300000|100%|HC|  |TAMS 0x00000000fc200000, 0x00000000fc200000| Complete 
|   3|0x00000000fc300000, 0x00000000fc400000, 0x00000000fc400000|100%|HC|  |TAMS 0x00000000fc300000, 0x00000000fc300000| Complete 
|   4|0x00000000fc400000, 0x00000000fc500000, 0x00000000fc500000|100%| O|  |TAMS 0x00000000fc400000, 0x00000000fc400000| Untracked 
|   5|0x00000000fc500000, 0x00000000fc600000, 0x00000000fc600000|100%| O|  |TAMS 0x00000000fc500000, 0x00000000fc500000| Untracked 
|   6|0x00000000fc600000, 0x00000000fc700000, 0x00000000fc700000|100%| O|  |TAMS 0x00000000fc600000, 0x00000000fc600000| Untracked 
|   7|0x00000000fc700000, 0x00000000fc749200, 0x00000000fc800000| 28%| O|  |TAMS 0x00000000fc700000, 0x00000000fc700000| Untracked 
|   8|0x00000000fc800000, 0x00000000fc800000, 0x00000000fc900000|  0%| F|  |TAMS 0x00000000fc800000, 0x00000000fc800000| Untracked 
|   9|0x00000000fc900000, 0x00000000fc900000, 0x00000000fca00000|  0%| F|  |TAMS 0x00000000fc900000, 0x00000000fc900000| Untracked 
|  10|0x00000000fca00000, 0x00000000fca00000, 0x00000000fcb00000|  0%| F|  |TAMS 0x00000000fca00000, 0x00000000fca00000| Untracked 
|  11|0x00000000fcb00000, 0x00000000fcb00000, 0x00000000fcc00000|  0%| F|  |TAMS 0x00000000fcb00000, 0x00000000fcb00000| Untracked 
|  12|0x00000000fcc00000, 0x00000000fcc00000, 0x00000000fcd00000|  0%| F|  |TAMS 0x00000000fcc00000, 0x00000000fcc00000| Untracked 
|  13|0x00000000fcd00000, 0x00000000fcd00000, 0x00000000fce00000|  0%| F|  |TAMS 0x00000000fcd00000, 0x00000000fcd00000| Untracked 
|  14|0x00000000fce00000, 0x00000000fce00000, 0x00000000fcf00000|  0%| F|  |TAMS 0x00000000fce00000, 0x00000000fce00000| Untracked 
|  15|0x00000000fcf00000, 0x00000000fcf00000, 0x00000000fd000000|  0%| F|  |TAMS 0x00000000fcf00000, 0x00000000fcf00000| Untracked 
|  16|0x00000000fd000000, 0x00000000fd000000, 0x00000000fd100000|  0%| F|  |TAMS 0x00000000fd000000, 0x00000000fd000000| Untracked 
|  17|0x00000000fd100000, 0x00000000fd100000, 0x00000000fd200000|  0%| F|  |TAMS 0x00000000fd100000, 0x00000000fd100000| Untracked 
|  18|0x00000000fd200000, 0x00000000fd200000, 0x00000000fd300000|  0%| F|  |TAMS 0x00000000fd200000, 0x00000000fd200000| Untracked 
|  19|0x00000000fd300000, 0x00000000fd300000, 0x00000000fd400000|  0%| F|  |TAMS 0x00000000fd300000, 0x00000000fd300000| Untracked 
|  20|0x00000000fd400000, 0x00000000fd400000, 0x00000000fd500000|  0%| F|  |TAMS 0x00000000fd400000, 0x00000000fd400000| Untracked 
|  21|0x00000000fd500000, 0x00000000fd500000, 0x00000000fd600000|  0%| F|  |TAMS 0x00000000fd500000, 0x00000000fd500000| Untracked 
|  22|0x00000000fd600000, 0x00000000fd600000, 0x00000000fd700000|  0%| F|  |TAMS 0x00000000fd600000, 0x00000000fd600000| Untracked 
|  23|0x00000000fd700000, 0x00000000fd700000, 0x00000000fd800000|  0%| F|  |TAMS 0x00000000fd700000, 0x00000000fd700000| Untracked 
|  24|0x00000000fd800000, 0x00000000fd800000, 0x00000000fd900000|  0%| F|  |TAMS 0x00000000fd800000, 0x00000000fd800000| Untracked 
|  25|0x00000000fd900000, 0x00000000fd900000, 0x00000000fda00000|  0%| F|  |TAMS 0x00000000fd900000, 0x00000000fd900000| Untracked 
|  26|0x00000000fda00000, 0x00000000fda00000, 0x00000000fdb00000|  0%| F|  |TAMS 0x00000000fda00000, 0x00000000fda00000| Untracked 
|  27|0x00000000fdb00000, 0x00000000fdb00000, 0x00000000fdc00000|  0%| F|  |TAMS 0x00000000fdb00000, 0x00000000fdb00000| Untracked 
|  28|0x00000000fdc00000, 0x00000000fdc00000, 0x00000000fdd00000|  0%| F|  |TAMS 0x00000000fdc00000, 0x00000000fdc00000| Untracked 
|  29|0x00000000fdd00000, 0x00000000fdd00000, 0x00000000fde00000|  0%| F|  |TAMS 0x00000000fdd00000, 0x00000000fdd00000| Untracked 
|  30|0x00000000fde00000, 0x00000000fde00000, 0x00000000fdf00000|  0%| F|  |TAMS 0x00000000fde00000, 0x00000000fde00000| Untracked 
|  31|0x00000000fdf00000, 0x00000000fdf00000, 0x00000000fe000000|  0%| F|  |TAMS 0x00000000fdf00000, 0x00000000fdf00000| Untracked 
|  32|0x00000000fe000000, 0x00000000fe000000, 0x00000000fe100000|  0%| F|  |TAMS 0x00000000fe000000, 0x00000000fe000000| Untracked 
|  33|0x00000000fe100000, 0x00000000fe100000, 0x00000000fe200000|  0%| F|  |TAMS 0x00000000fe100000, 0x00000000fe100000| Untracked 
|  34|0x00000000fe200000, 0x00000000fe200000, 0x00000000fe300000|  0%| F|  |TAMS 0x00000000fe200000, 0x00000000fe200000| Untracked 
|  35|0x00000000fe300000, 0x00000000fe300000, 0x00000000fe400000|  0%| F|  |TAMS 0x00000000fe300000, 0x00000000fe300000| Untracked 
|  36|0x00000000fe400000, 0x00000000fe400000, 0x00000000fe500000|  0%| F|  |TAMS 0x00000000fe400000, 0x00000000fe400000| Untracked 
|  37|0x00000000fe500000, 0x00000000fe500000, 0x00000000fe600000|  0%| F|  |TAMS 0x00000000fe500000, 0x00000000fe500000| Untracked 
|  38|0x00000000fe600000, 0x00000000fe700000, 0x00000000fe700000|100%| S|CS|TAMS 0x00000000fe600000, 0x00000000fe600000| Complete 
|  39|0x00000000fe700000, 0x00000000fe800000, 0x00000000fe800000|100%| S|CS|TAMS 0x00000000fe700000, 0x00000000fe700000| Complete 
|  40|0x00000000fe800000, 0x00000000fe900000, 0x00000000fe900000|100%| S|CS|TAMS 0x00000000fe800000, 0x00000000fe800000| Complete 
|  41|0x00000000fe900000, 0x00000000fe900000, 0x00000000fea00000|  0%| F|  |TAMS 0x00000000fe900000, 0x00000000fe900000| Untracked 
|  42|0x00000000fea00000, 0x00000000fea00000, 0x00000000feb00000|  0%| F|  |TAMS 0x00000000fea00000, 0x00000000fea00000| Untracked 
|  43|0x00000000feb00000, 0x00000000feb71290, 0x00000000fec00000| 44%| E|  |TAMS 0x00000000feb00000, 0x00000000feb00000| Complete 
|  44|0x00000000fec00000, 0x00000000fed00000, 0x00000000fed00000|100%| E|CS|TAMS 0x00000000fec00000, 0x00000000fec00000| Complete 
|  45|0x00000000fed00000, 0x00000000fee00000, 0x00000000fee00000|100%| E|CS|TAMS 0x00000000fed00000, 0x00000000fed00000| Complete 
|  46|0x00000000fee00000, 0x00000000fef00000, 0x00000000fef00000|100%| E|CS|TAMS 0x00000000fee00000, 0x00000000fee00000| Complete 
|  47|0x00000000fef00000, 0x00000000ff000000, 0x00000000ff000000|100%| E|CS|TAMS 0x00000000fef00000, 0x00000000fef00000| Complete 
|  48|0x00000000ff000000, 0x00000000ff100000, 0x00000000ff100000|100%| E|CS|TAMS 0x00000000ff000000, 0x00000000ff000000| Complete 
|  49|0x00000000ff100000, 0x00000000ff200000, 0x00000000ff200000|100%| E|CS|TAMS 0x00000000ff100000, 0x00000000ff100000| Complete 
|  50|0x00000000ff200000, 0x00000000ff300000, 0x00000000ff300000|100%| E|CS|TAMS 0x00000000ff200000, 0x00000000ff200000| Complete 
|  51|0x00000000ff300000, 0x00000000ff400000, 0x00000000ff400000|100%| E|CS|TAMS 0x00000000ff300000, 0x00000000ff300000| Complete 
|  52|0x00000000ff400000, 0x00000000ff500000, 0x00000000ff500000|100%| E|CS|TAMS 0x00000000ff400000, 0x00000000ff400000| Complete 
|  53|0x00000000ff500000, 0x00000000ff600000, 0x00000000ff600000|100%| E|CS|TAMS 0x00000000ff500000, 0x00000000ff500000| Complete 
|  54|0x00000000ff600000, 0x00000000ff700000, 0x00000000ff700000|100%| E|CS|TAMS 0x00000000ff600000, 0x00000000ff600000| Complete 
|  55|0x00000000ff700000, 0x00000000ff800000, 0x00000000ff800000|100%| E|CS|TAMS 0x00000000ff700000, 0x00000000ff700000| Complete 
|  56|0x00000000ff800000, 0x00000000ff900000, 0x00000000ff900000|100%| E|CS|TAMS 0x00000000ff800000, 0x00000000ff800000| Complete 
|  57|0x00000000ff900000, 0x00000000ffa00000, 0x00000000ffa00000|100%| E|CS|TAMS 0x00000000ff900000, 0x00000000ff900000| Complete 
|  58|0x00000000ffa00000, 0x00000000ffb00000, 0x00000000ffb00000|100%| E|CS|TAMS 0x00000000ffa00000, 0x00000000ffa00000| Complete 
|  59|0x00000000ffb00000, 0x00000000ffc00000, 0x00000000ffc00000|100%| E|CS|TAMS 0x00000000ffb00000, 0x00000000ffb00000| Complete 
|  60|0x00000000ffc00000, 0x00000000ffd00000, 0x00000000ffd00000|100%| E|CS|TAMS 0x00000000ffc00000, 0x00000000ffc00000| Complete 
|  61|0x00000000ffd00000, 0x00000000ffe00000, 0x00000000ffe00000|100%| E|CS|TAMS 0x00000000ffd00000, 0x00000000ffd00000| Complete 
|  62|0x00000000ffe00000, 0x00000000fff00000, 0x00000000fff00000|100%| E|CS|TAMS 0x00000000ffe00000, 0x00000000ffe00000| Complete 
|  63|0x00000000fff00000, 0x0000000100000000, 0x0000000100000000|100%| E|CS|TAMS 0x00000000fff00000, 0x00000000fff00000| Complete 

Card table byte_map: [0x0000026aae650000,0x0000026aae670000] _byte_map_base: 0x0000026aade70000

Marking Bits (Prev, Next): (CMBitMap*) 0x0000026ab06a0620, (CMBitMap*) 0x0000026ab06a0660
 Prev Bits: [0x0000026ac76f0000, 0x0000026ac77f0000)
 Next Bits: [0x0000026ac77f0000, 0x0000026ac78f0000)

Polling page: 0x0000026aae600000

Metaspace:

Usage:
  Non-class:      8.01 MB used.
      Class:      1.20 MB used.
       Both:      9.21 MB used.

Virtual space:
  Non-class space:       64.00 MB reserved,       8.12 MB ( 13%) committed,  1 nodes.
      Class space:        1.00 GB reserved,       1.31 MB ( <1%) committed,  1 nodes.
             Both:        1.06 GB reserved,       9.44 MB ( <1%) committed. 

Chunk freelists:
   Non-Class:  7.70 MB
       Class:  14.61 MB
        Both:  22.31 MB

MaxMetaspaceSize: unlimited
CompressedClassSpaceSize: 1.00 GB
Initial GC threshold: 21.00 MB
Current GC threshold: 21.00 MB
CDS: on
MetaspaceReclaimPolicy: balanced
 - commit_granule_bytes: 65536.
 - commit_granule_words: 8192.
 - virtual_space_node_default_size: 8388608.
 - enlarge_chunks_in_place: 1.
 - new_chunks_are_fully_committed: 0.
 - uncommit_free_chunks: 1.
 - use_allocation_guard: 0.
 - handle_deallocations: 1.


Internal statistics:

num_allocs_failed_limit: 0.
num_arena_births: 78.
num_arena_deaths: 0.
num_vsnodes_births: 2.
num_vsnodes_deaths: 0.
num_space_committed: 151.
num_space_uncommitted: 0.
num_chunks_returned_to_freelist: 0.
num_chunks_taken_from_freelist: 321.
num_chunk_merges: 0.
num_chunk_splits: 225.
num_chunks_enlarged: 182.
num_inconsistent_stats: 0.

CodeHeap 'non-profiled nmethods': size=120000Kb used=625Kb max_used=625Kb free=119374Kb
 bounds [0x0000026abfc70000, 0x0000026abfee0000, 0x0000026ac71a0000]
CodeHeap 'profiled nmethods': size=120000Kb used=3330Kb max_used=3330Kb free=116669Kb
 bounds [0x0000026ab81a0000, 0x0000026ab84f0000, 0x0000026abf6d0000]
CodeHeap 'non-nmethods': size=5760Kb used=1170Kb max_used=1189Kb free=4589Kb
 bounds [0x0000026abf6d0000, 0x0000026abf940000, 0x0000026abfc70000]
 total_blobs=2235 nmethods=1767 adapters=381
 compilation: enabled
              stopped_count=0, restarted_count=0
 full_count=0

Compilation events (20 events):
Event: 152.992 Thread 0x0000026aca4e7b80 nmethod 1759 0x0000026abfd08c10 code [0x0000026abfd08e20, 0x0000026abfd09658]
Event: 153.281 Thread 0x0000026aca4e7b80 1760       4       java.lang.AbstractStringBuilder::insert (54 bytes)
Event: 153.317 Thread 0x0000026aca4e7b80 nmethod 1760 0x0000026abfd09e10 code [0x0000026abfd09fc0, 0x0000026abfd0a848]
Event: 153.317 Thread 0x0000026aca4e7b80 1761       4       java.lang.String::checkOffset (48 bytes)
Event: 153.318 Thread 0x0000026aca4e7b80 nmethod 1761 0x0000026abfd0ad10 code [0x0000026abfd0ae80, 0x0000026abfd0af18]
Event: 157.440 Thread 0x0000026aca4e7b80 1762       4       java.util.concurrent.locks.AbstractQueuedSynchronizer$Node::setStatusRelaxed (12 bytes)
Event: 157.446 Thread 0x0000026aca4e7b80 nmethod 1762 0x0000026abfd0b010 code [0x0000026abfd0b180, 0x0000026abfd0b1f8]
Event: 163.434 Thread 0x0000026aca4e7b80 1763       4       java.util.ArrayDeque$DeqIterator::hasNext (13 bytes)
Event: 163.436 Thread 0x0000026aca4e7b80 nmethod 1763 0x0000026abfd0b310 code [0x0000026abfd0b480, 0x0000026abfd0b518]
Event: 163.498 Thread 0x0000026aca4e7b80 1764       4       java.util.HashMap::get (19 bytes)
Event: 163.512 Thread 0x0000026aca4ece60 1770       3       org.gradle.internal.logging.console.DefaultRedrawableLabel::newLineAdjustment (14 bytes)
Event: 163.515 Thread 0x0000026aca4e7b80 nmethod 1764 0x0000026abfd0b610 code [0x0000026abfd0b7a0, 0x0000026abfd0bab8]
Event: 163.515 Thread 0x0000026aca4e7b80 1765       4       org.gradle.internal.logging.text.AbstractLineChoppingStyledTextOutput$StateContext::isCurrentCharEquals (70 bytes)
Event: 163.516 Thread 0x0000026aca4ece60 nmethod 1770 0x0000026ab84dfa90 code [0x0000026ab84dfc20, 0x0000026ab84dfd38]
Event: 163.527 Thread 0x0000026aca4ece60 1771       3       org.fusesource.jansi.Ansi::fg (17 bytes)
Event: 163.562 Thread 0x0000026aca4e7b80 nmethod 1765 0x0000026abfd0bd10 code [0x0000026abfd0bea0, 0x0000026abfd0bfe8]
Event: 163.562 Thread 0x0000026aca4e7b80 1766       4       org.gradle.internal.logging.text.AbstractLineChoppingStyledTextOutput$StateContext::hasChar (25 bytes)
Event: 163.564 Thread 0x0000026aca4e7b80 nmethod 1766 0x0000026abfd0c190 code [0x0000026abfd0c300, 0x0000026abfd0c398]
Event: 163.564 Thread 0x0000026aca4e7b80 1767       4       org.gradle.internal.logging.text.AbstractLineChoppingStyledTextOutput$1::execute (9 bytes)
Event: 163.658 Thread 0x0000026aca4ece60 nmethod 1771 0x0000026ab84dfe10 code [0x0000026ab84e0020, 0x0000026ab84e07c8]

GC Heap History (2 events):
Event: 1.534 GC heap before
{Heap before GC invocations=0 (full 0):
 garbage-first heap   total 65536K, used 26624K [0x00000000fc000000, 0x0000000100000000)
  region size 1024K, 23 young (23552K), 0 survivors (0K)
 Metaspace       used 3813K, committed 3904K, reserved 1114112K
  class space    used 466K, committed 512K, reserved 1048576K
}
Event: 1.564 GC heap after
{Heap after GC invocations=1 (full 0):
 garbage-first heap   total 65536K, used 10532K [0x00000000fc000000, 0x0000000100000000)
  region size 1024K, 3 young (3072K), 3 survivors (3072K)
 Metaspace       used 3813K, committed 3904K, reserved 1114112K
  class space    used 466K, committed 512K, reserved 1048576K
}

Dll operation events (13 events):
Event: 0.015 Loaded shared library C:\Program Files\Eclipse Adoptium\jdk-17.0.10.7-hotspot\bin\java.dll
Event: 0.052 Loaded shared library C:\Program Files\Eclipse Adoptium\jdk-17.0.10.7-hotspot\bin\jsvml.dll
Event: 0.116 Loaded shared library C:\Program Files\Eclipse Adoptium\jdk-17.0.10.7-hotspot\bin\net.dll
Event: 0.122 Loaded shared library C:\Program Files\Eclipse Adoptium\jdk-17.0.10.7-hotspot\bin\nio.dll
Event: 0.130 Loaded shared library C:\Program Files\Eclipse Adoptium\jdk-17.0.10.7-hotspot\bin\zip.dll
Event: 0.786 Loaded shared library C:\Program Files\Eclipse Adoptium\jdk-17.0.10.7-hotspot\bin\jimage.dll
Event: 0.941 Loaded shared library C:\Program Files\Eclipse Adoptium\jdk-17.0.10.7-hotspot\bin\verify.dll
Event: 1.773 Loaded shared library C:\Users\Asus\.gradle\native\68d5fa5c4cc2d200863cafc0d521ce42e7d3e7ee720ec0a83991735586a16f82\windows-amd64\native-platform.dll
Event: 1.894 Loaded shared library C:\Users\Asus\.gradle\native\jansi\1.18\windows64\jansi.dll
Event: 2.472 Loaded shared library C:\Program Files\Eclipse Adoptium\jdk-17.0.10.7-hotspot\bin\management.dll
Event: 2.481 Loaded shared library C:\Program Files\Eclipse Adoptium\jdk-17.0.10.7-hotspot\bin\management_ext.dll
Event: 3.095 Loaded shared library C:\Program Files\Eclipse Adoptium\jdk-17.0.10.7-hotspot\bin\extnet.dll
Event: 3.232 Loaded shared library C:\Program Files\Eclipse Adoptium\jdk-17.0.10.7-hotspot\bin\sunmscapi.dll

Deoptimization events (20 events):
Event: 3.142 Thread 0x0000026ab067d7b0 Uncommon trap: trap_request=0xffffff45 fr.pc=0x0000026abfcb6968 relative=0x0000000000000628
Event: 3.142 Thread 0x0000026ab067d7b0 Uncommon trap: reason=unstable_if action=reinterpret pc=0x0000026abfcb6968 method=java.lang.AbstractStringBuilder.append(Ljava/lang/String;)Ljava/lang/AbstractStringBuilder; @ 1 c2
Event: 3.142 Thread 0x0000026ab067d7b0 DEOPT PACKING pc=0x0000026abfcb6968 sp=0x000000fbdf7fc730
Event: 3.142 Thread 0x0000026ab067d7b0 DEOPT UNPACKING pc=0x0000026abf7269a3 sp=0x000000fbdf7fc718 mode 2
Event: 78.825 Thread 0x0000026ab067d7b0 Uncommon trap: trap_request=0xffffffc6 fr.pc=0x0000026abfcd3a3c relative=0x000000000000055c
Event: 78.825 Thread 0x0000026ab067d7b0 Uncommon trap: reason=bimorphic_or_optimized_type_check action=maybe_recompile pc=0x0000026abfcd3a3c method=java.util.concurrent.ConcurrentHashMap.get(Ljava/lang/Object;)Ljava/lang/Object; @ 149 c2
Event: 78.825 Thread 0x0000026ab067d7b0 DEOPT PACKING pc=0x0000026abfcd3a3c sp=0x000000fbdf7fca20
Event: 78.828 Thread 0x0000026ab067d7b0 DEOPT UNPACKING pc=0x0000026abf7269a3 sp=0x000000fbdf7fc9c0 mode 2
Event: 78.830 Thread 0x0000026ab067d7b0 Uncommon trap: trap_request=0xffffffc6 fr.pc=0x0000026abfcd3a3c relative=0x000000000000055c
Event: 78.830 Thread 0x0000026ab067d7b0 Uncommon trap: reason=bimorphic_or_optimized_type_check action=maybe_recompile pc=0x0000026abfcd3a3c method=java.util.concurrent.ConcurrentHashMap.get(Ljava/lang/Object;)Ljava/lang/Object; @ 149 c2
Event: 78.830 Thread 0x0000026ab067d7b0 DEOPT PACKING pc=0x0000026abfcd3a3c sp=0x000000fbdf7fca20
Event: 78.830 Thread 0x0000026ab067d7b0 DEOPT UNPACKING pc=0x0000026abf7269a3 sp=0x000000fbdf7fc9c0 mode 2
Event: 78.830 Thread 0x0000026ab067d7b0 Uncommon trap: trap_request=0xffffffc6 fr.pc=0x0000026abfcd3a3c relative=0x000000000000055c
Event: 78.830 Thread 0x0000026ab067d7b0 Uncommon trap: reason=bimorphic_or_optimized_type_check action=maybe_recompile pc=0x0000026abfcd3a3c method=java.util.concurrent.ConcurrentHashMap.get(Ljava/lang/Object;)Ljava/lang/Object; @ 149 c2
Event: 78.830 Thread 0x0000026ab067d7b0 DEOPT PACKING pc=0x0000026abfcd3a3c sp=0x000000fbdf7fca20
Event: 78.830 Thread 0x0000026ab067d7b0 DEOPT UNPACKING pc=0x0000026abf7269a3 sp=0x000000fbdf7fc9c0 mode 2
Event: 163.391 Thread 0x0000026ab067d7b0 Uncommon trap: trap_request=0xffffff45 fr.pc=0x0000026abfcffc30 relative=0x0000000000000510
Event: 163.392 Thread 0x0000026ab067d7b0 Uncommon trap: reason=unstable_if action=reinterpret pc=0x0000026abfcffc30 method=com.esotericsoftware.kryo.io.Input.readUtf8(I)V @ 79 c2
Event: 163.392 Thread 0x0000026ab067d7b0 DEOPT PACKING pc=0x0000026abfcffc30 sp=0x000000fbdf7fc4e0
Event: 163.398 Thread 0x0000026ab067d7b0 DEOPT UNPACKING pc=0x0000026abf7269a3 sp=0x000000fbdf7fc478 mode 2

Classes unloaded (0 events):
No events

Classes redefined (0 events):
No events

Internal exceptions (18 events):
Event: 0.366 Thread 0x0000026ab067d7b0 Exception <a 'java/lang/NoSuchMethodError'{0x00000000ffc726d8}: 'int java.lang.invoke.DirectMethodHandle$Holder.invokeStaticInit(java.lang.Object, java.lang.Object)'> (0x00000000ffc726d8) 
thrown [s\src\hotspot\share\interpreter\linkResolver.cpp, line 759]
Event: 1.449 Thread 0x0000026ab067d7b0 Exception <a 'java/lang/NoSuchMethodError'{0x00000000fe922af8}: 'void java.lang.invoke.DirectMethodHandle$Holder.invokeStatic(java.lang.Object, java.lang.Object)'> (0x00000000fe922af8) 
thrown [s\src\hotspot\share\interpreter\linkResolver.cpp, line 759]
Event: 1.514 Thread 0x0000026ab067d7b0 Exception <a 'java/lang/NoClassDefFoundError'{0x00000000fe9a9400}: org/slf4j/impl/StaticMarkerBinder> (0x00000000fe9a9400) 
thrown [s\src\hotspot\share\classfile\systemDictionary.cpp, line 245]
Event: 1.617 Thread 0x0000026ab067d7b0 Exception <a 'java/lang/NoSuchMethodError'{0x00000000fff51690}: 'java.lang.Object java.lang.invoke.DirectMethodHandle$Holder.invokeVirtual(java.lang.Object, java.lang.Object, java.lang.Object, java.lang.Object, java.lang.Object, java.lang.Object, java.lang.Object)'> (0x00000000fff51690) 
thrown [s\src\hotspot\share\interpreter\linkResolver.cpp, line 759]
Event: 1.626 Thread 0x0000026ab067d7b0 Exception <a 'java/lang/NoSuchMethodError'{0x00000000fff62c20}: 'java.lang.Object java.lang.invoke.Invokers$Holder.invoker(java.lang.Object, java.lang.Object, java.lang.Object)'> (0x00000000fff62c20) 
thrown [s\src\hotspot\share\interpreter\linkResolver.cpp, line 759]
Event: 1.650 Thread 0x0000026ab067d7b0 Exception <a 'java/lang/NoSuchMethodError'{0x00000000fff6bcf0}: 'java.lang.Object java.lang.invoke.DirectMethodHandle$Holder.invokeStatic(java.lang.Object, java.lang.Object, int)'> (0x00000000fff6bcf0) 
thrown [s\src\hotspot\share\interpreter\linkResolver.cpp, line 759]
Event: 1.659 Thread 0x0000026ab067d7b0 Exception <a 'java/lang/NoSuchMethodError'{0x00000000fffb0168}: 'void java.lang.invoke.DelegatingMethodHandle$Holder.delegate(java.lang.Object, java.lang.Object, int, java.lang.Object)'> (0x00000000fffb0168) 
thrown [s\src\hotspot\share\interpreter\linkResolver.cpp, line 759]
Event: 1.660 Thread 0x0000026ab067d7b0 Exception <a 'java/lang/NoSuchMethodError'{0x00000000fffb42b0}: 'int java.lang.invoke.DirectMethodHandle$Holder.invokeSpecial(java.lang.Object, java.lang.Object, java.lang.Object)'> (0x00000000fffb42b0) 
thrown [s\src\hotspot\share\interpreter\linkResolver.cpp, line 759]
Event: 1.665 Thread 0x0000026ab067d7b0 Exception <a 'java/lang/NoSuchMethodError'{0x00000000fffc73f8}: 'java.lang.Object java.lang.invoke.Invokers$Holder.invokeExact_MT(java.lang.Object, java.lang.Object, java.lang.Object, java.lang.Object)'> (0x00000000fffc73f8) 
thrown [s\src\hotspot\share\interpreter\linkResolver.cpp, line 759]
Event: 2.401 Thread 0x0000026ab067d7b0 Exception <a 'java/lang/NoSuchMethodError'{0x00000000ff843828}: 'void java.lang.invoke.DirectMethodHandle$Holder.invokeSpecial(java.lang.Object, java.lang.Object, java.lang.Object)'> (0x00000000ff843828) 
thrown [s\src\hotspot\share\interpreter\linkResolver.cpp, line 759]
Event: 2.422 Thread 0x0000026ab067d7b0 Implicit null exception at 0x0000026abfcc8d8c to 0x0000026abfcc92d0
Event: 2.422 Thread 0x0000026ab067d7b0 Implicit null exception at 0x0000026abfcab78c to 0x0000026abfcabce4
Event: 2.468 Thread 0x0000026ab067d7b0 Exception <a 'java/lang/NoSuchMethodError'{0x00000000ff792600}: 'java.lang.Object java.lang.invoke.DirectMethodHandle$Holder.invokeStaticInit(java.lang.Object)'> (0x00000000ff792600) 
thrown [s\src\hotspot\share\interpreter\linkResolver.cpp, line 759]
Event: 2.680 Thread 0x0000026ab067d7b0 Exception <a 'java/lang/NoSuchMethodError'{0x00000000ff34b8c0}: 'java.lang.Object java.lang.invoke.DirectMethodHandle$Holder.invokeStaticInit(java.lang.Object, int, int, int, int)'> (0x00000000ff34b8c0) 
thrown [s\src\hotspot\share\interpreter\linkResolver.cpp, line 759]
Event: 2.857 Thread 0x0000026ab067d7b0 Exception <a 'java/lang/NoSuchMethodError'{0x00000000ff3a6128}: 'java.lang.Object java.lang.invoke.DirectMethodHandle$Holder.invokeStaticInit(java.lang.Object, java.lang.Object, int, int, int, int)'> (0x00000000ff3a6128) 
thrown [s\src\hotspot\share\interpreter\linkResolver.cpp, line 759]
Event: 3.101 Thread 0x0000026ab067d7b0 Exception <a 'java/lang/NoSuchMethodError'{0x00000000ff3d3890}: 'void java.lang.invoke.DirectMethodHandle$Holder.invokeStatic(java.lang.Object, java.lang.Object, java.lang.Object)'> (0x00000000ff3d3890) 
thrown [s\src\hotspot\share\interpreter\linkResolver.cpp, line 759]
Event: 3.142 Thread 0x0000026ab067d7b0 Implicit null exception at 0x0000026abfca4a72 to 0x0000026abfca5040
Event: 3.142 Thread 0x0000026ab067d7b0 Implicit null exception at 0x0000026abfcb6372 to 0x0000026abfcb6950

VM Operations (20 events):
Event: 103.502 Executing VM operation: Cleanup
Event: 103.502 Executing VM operation: Cleanup done
Event: 112.578 Executing VM operation: Cleanup
Event: 112.579 Executing VM operation: Cleanup done
Event: 115.602 Executing VM operation: Cleanup
Event: 115.602 Executing VM operation: Cleanup done
Event: 116.612 Executing VM operation: Cleanup
Event: 116.612 Executing VM operation: Cleanup done
Event: 120.270 Executing VM operation: HandshakeAllThreads
Event: 120.271 Executing VM operation: HandshakeAllThreads done
Event: 126.335 Executing VM operation: Cleanup
Event: 126.335 Executing VM operation: Cleanup done
Event: 128.356 Executing VM operation: Cleanup
Event: 128.356 Executing VM operation: Cleanup done
Event: 132.410 Executing VM operation: Cleanup
Event: 132.410 Executing VM operation: Cleanup done
Event: 136.449 Executing VM operation: Cleanup
Event: 136.449 Executing VM operation: Cleanup done
Event: 149.583 Executing VM operation: Cleanup
Event: 149.583 Executing VM operation: Cleanup done

Events (20 events):
Event: 73.790 loading class jdk/internal/logger/LazyLoggers$LazyLoggerFactories
Event: 73.791 loading class jdk/internal/logger/LazyLoggers$LazyLoggerFactories done
Event: 73.891 loading class jdk/internal/logger/LoggerFinderLoader
Event: 73.898 loading class jdk/internal/logger/LoggerFinderLoader done
Event: 74.048 loading class jdk/internal/logger/LoggerFinderLoader$TemporaryLoggerFinder
Event: 74.048 loading class jdk/internal/logger/LoggerFinderLoader$TemporaryLoggerFinder done
Event: 74.066 loading class sun/util/logging/internal/LoggingProviderImpl$JULWrapper
Event: 74.069 loading class sun/util/logging/PlatformLogger$ConfigurableBridge$LoggerConfiguration
Event: 74.070 loading class sun/util/logging/PlatformLogger$ConfigurableBridge$LoggerConfiguration done
Event: 74.070 loading class sun/util/logging/internal/LoggingProviderImpl$JULWrapper done
Event: 74.072 loading class java/io/ObjectInputFilter
Event: 74.073 loading class java/io/ObjectInputFilter done
Event: 74.078 loading class java/io/ObjectInputFilter$Config$BuiltinFilterFactory
Event: 74.079 loading class java/io/ObjectInputFilter$Config$BuiltinFilterFactory done
Event: 74.079 loading class jdk/internal/access/JavaObjectInputFilterAccess
Event: 74.079 loading class jdk/internal/access/JavaObjectInputFilterAccess done
Event: 74.084 loading class java/lang/System$Logger$Level
Event: 74.085 loading class java/lang/System$Logger$Level done
Event: 74.086 loading class java/io/Bits
Event: 74.087 loading class java/io/Bits done


Dynamic libraries:
0x00007ff605de0000 - 0x00007ff605dee000 	C:\Program Files\Eclipse Adoptium\jdk-17.0.10.7-hotspot\bin\java.exe
0x00007ffbb3710000 - 0x00007ffbb3927000 	C:\WINDOWS\SYSTEM32\ntdll.dll
0x00007ffbb1ee0000 - 0x00007ffbb1fa4000 	C:\WINDOWS\System32\KERNEL32.DLL
0x00007ffbb0e50000 - 0x00007ffbb11f7000 	C:\WINDOWS\System32\KERNELBASE.dll
0x00007ffbb1320000 - 0x00007ffbb1431000 	C:\WINDOWS\System32\ucrtbase.dll
0x00007ffb8d280000 - 0x00007ffb8d29b000 	C:\Program Files\Eclipse Adoptium\jdk-17.0.10.7-hotspot\bin\VCRUNTIME140.dll
0x00007ffb9bbe0000 - 0x00007ffb9bbf7000 	C:\Program Files\Eclipse Adoptium\jdk-17.0.10.7-hotspot\bin\jli.dll
0x00007ffbb20b0000 - 0x00007ffbb225e000 	C:\WINDOWS\System32\USER32.dll
0x00007ffbb12f0000 - 0x00007ffbb1316000 	C:\WINDOWS\System32\win32u.dll
0x00007ffba35c0000 - 0x00007ffba3853000 	C:\WINDOWS\WinSxS\amd64_microsoft.windows.common-controls_6595b64144ccf1df_6.0.22621.3527_none_270e469b73872a76\COMCTL32.dll
0x00007ffbb14a0000 - 0x00007ffbb14c9000 	C:\WINDOWS\System32\GDI32.dll
0x00007ffbb30e0000 - 0x00007ffbb3187000 	C:\WINDOWS\System32\msvcrt.dll
0x00007ffbb0af0000 - 0x00007ffbb0c09000 	C:\WINDOWS\System32\gdi32full.dll
0x00007ffbb0c10000 - 0x00007ffbb0caa000 	C:\WINDOWS\System32\msvcp_win.dll
0x00007ffbb3020000 - 0x00007ffbb3051000 	C:\WINDOWS\System32\IMM32.DLL
0x00007ffb9bbd0000 - 0x00007ffb9bbdc000 	C:\Program Files\Eclipse Adoptium\jdk-17.0.10.7-hotspot\bin\vcruntime140_1.dll
0x00007ffb8d1f0000 - 0x00007ffb8d27d000 	C:\Program Files\Eclipse Adoptium\jdk-17.0.10.7-hotspot\bin\msvcp140.dll
0x00007ffb68950000 - 0x00007ffb695b2000 	C:\Program Files\Eclipse Adoptium\jdk-17.0.10.7-hotspot\bin\server\jvm.dll
0x00007ffbb1550000 - 0x00007ffbb1602000 	C:\WINDOWS\System32\ADVAPI32.dll
0x00007ffbb1a90000 - 0x00007ffbb1b38000 	C:\WINDOWS\System32\sechost.dll
0x00007ffbb0cb0000 - 0x00007ffbb0cd8000 	C:\WINDOWS\System32\bcrypt.dll
0x00007ffbb3340000 - 0x00007ffbb3455000 	C:\WINDOWS\System32\RPCRT4.dll
0x00007ffbaf870000 - 0x00007ffbaf8bd000 	C:\WINDOWS\SYSTEM32\POWRPROF.dll
0x00007ffbabdb0000 - 0x00007ffbabde4000 	C:\WINDOWS\SYSTEM32\WINMM.dll
0x00007ffbae5b0000 - 0x00007ffbae5b9000 	C:\WINDOWS\SYSTEM32\WSOCK32.dll
0x00007ffbb1da0000 - 0x00007ffbb1e11000 	C:\WINDOWS\System32\WS2_32.dll
0x00007ffba8ba0000 - 0x00007ffba8baa000 	C:\WINDOWS\SYSTEM32\VERSION.dll
0x00007ffbaf850000 - 0x00007ffbaf863000 	C:\WINDOWS\SYSTEM32\UMPDC.dll
0x00007ffbafaa0000 - 0x00007ffbafab8000 	C:\WINDOWS\SYSTEM32\kernel.appcore.dll
0x00007ffb99430000 - 0x00007ffb9943a000 	C:\Program Files\Eclipse Adoptium\jdk-17.0.10.7-hotspot\bin\jimage.dll
0x00007ffbae1f0000 - 0x00007ffbae422000 	C:\WINDOWS\SYSTEM32\DBGHELP.DLL
0x00007ffbb2c00000 - 0x00007ffbb2f88000 	C:\WINDOWS\System32\combase.dll
0x00007ffbb2ae0000 - 0x00007ffbb2bb7000 	C:\WINDOWS\System32\OLEAUT32.dll
0x00007ffba9a10000 - 0x00007ffba9a42000 	C:\WINDOWS\SYSTEM32\dbgcore.DLL
0x00007ffbb1200000 - 0x00007ffbb1279000 	C:\WINDOWS\System32\bcryptPrimitives.dll
0x00007ffb83ae0000 - 0x00007ffb83b05000 	C:\Program Files\Eclipse Adoptium\jdk-17.0.10.7-hotspot\bin\java.dll
0x00007ffb7d3a0000 - 0x00007ffb7d477000 	C:\Program Files\Eclipse Adoptium\jdk-17.0.10.7-hotspot\bin\jsvml.dll
0x00007ffbb2260000 - 0x00007ffbb2abc000 	C:\WINDOWS\System32\SHELL32.dll
0x00007ffbae930000 - 0x00007ffbaf226000 	C:\WINDOWS\SYSTEM32\windows.storage.dll
0x00007ffbae7f0000 - 0x00007ffbae92e000 	C:\WINDOWS\SYSTEM32\wintypes.dll
0x00007ffbb1fb0000 - 0x00007ffbb20a5000 	C:\WINDOWS\System32\SHCORE.dll
0x00007ffbb1e80000 - 0x00007ffbb1ede000 	C:\WINDOWS\System32\shlwapi.dll
0x00007ffbb0960000 - 0x00007ffbb0981000 	C:\WINDOWS\SYSTEM32\profapi.dll
0x00007ffb85060000 - 0x00007ffb85079000 	C:\Program Files\Eclipse Adoptium\jdk-17.0.10.7-hotspot\bin\net.dll
0x00007ffbac9d0000 - 0x00007ffbacb06000 	C:\WINDOWS\SYSTEM32\WINHTTP.dll
0x00007ffbaff60000 - 0x00007ffbaffc9000 	C:\WINDOWS\system32\mswsock.dll
0x00007ffb84fc0000 - 0x00007ffb84fd6000 	C:\Program Files\Eclipse Adoptium\jdk-17.0.10.7-hotspot\bin\nio.dll
0x00007ffb835a0000 - 0x00007ffb835b8000 	C:\Program Files\Eclipse Adoptium\jdk-17.0.10.7-hotspot\bin\zip.dll
0x00007ffba79a0000 - 0x00007ffba79b0000 	C:\Program Files\Eclipse Adoptium\jdk-17.0.10.7-hotspot\bin\verify.dll
0x00007ffb7c580000 - 0x00007ffb7c5a7000 	C:\Users\Asus\.gradle\native\68d5fa5c4cc2d200863cafc0d521ce42e7d3e7ee720ec0a83991735586a16f82\windows-amd64\native-platform.dll
0x00007ffba0750000 - 0x00007ffba075a000 	C:\Users\Asus\.gradle\native\jansi\1.18\windows64\jansi.dll
0x00007ffb95580000 - 0x00007ffb95589000 	C:\Program Files\Eclipse Adoptium\jdk-17.0.10.7-hotspot\bin\management.dll
0x00007ffb94500000 - 0x00007ffb9450b000 	C:\Program Files\Eclipse Adoptium\jdk-17.0.10.7-hotspot\bin\management_ext.dll
0x00007ffbb2bc0000 - 0x00007ffbb2bc8000 	C:\WINDOWS\System32\PSAPI.DLL
0x00007ffbb0200000 - 0x00007ffbb021b000 	C:\WINDOWS\SYSTEM32\CRYPTSP.dll
0x00007ffbafa60000 - 0x00007ffbafa95000 	C:\WINDOWS\system32\rsaenh.dll
0x00007ffbb0000000 - 0x00007ffbb0028000 	C:\WINDOWS\SYSTEM32\USERENV.dll
0x00007ffbb0170000 - 0x00007ffbb017c000 	C:\WINDOWS\SYSTEM32\CRYPTBASE.dll
0x00007ffbaf500000 - 0x00007ffbaf52d000 	C:\WINDOWS\SYSTEM32\IPHLPAPI.DLL
0x00007ffbb1440000 - 0x00007ffbb1449000 	C:\WINDOWS\System32\NSI.dll
0x00007ffbac560000 - 0x00007ffbac579000 	C:\WINDOWS\SYSTEM32\dhcpcsvc6.DLL
0x00007ffbac440000 - 0x00007ffbac45f000 	C:\WINDOWS\SYSTEM32\dhcpcsvc.DLL
0x00007ffbaf530000 - 0x00007ffbaf628000 	C:\WINDOWS\SYSTEM32\DNSAPI.dll
0x00007ffb917b0000 - 0x00007ffb917b9000 	C:\Program Files\Eclipse Adoptium\jdk-17.0.10.7-hotspot\bin\extnet.dll
0x00007ffb93fa0000 - 0x00007ffb93fae000 	C:\Program Files\Eclipse Adoptium\jdk-17.0.10.7-hotspot\bin\sunmscapi.dll
0x00007ffbb0ce0000 - 0x00007ffbb0e48000 	C:\WINDOWS\System32\CRYPT32.dll
0x00007ffbb03d0000 - 0x00007ffbb03fe000 	C:\WINDOWS\SYSTEM32\ncrypt.dll
0x00007ffbb0390000 - 0x00007ffbb03c7000 	C:\WINDOWS\SYSTEM32\NTASN1.dll
0x00007ffb937a0000 - 0x00007ffb937a8000 	C:\WINDOWS\system32\wshunix.dll

dbghelp: loaded successfully - version: 4.0.5 - missing functions: none
symbol engine: initialized successfully - sym options: 0x614 - pdb path: .;C:\Program Files\Eclipse Adoptium\jdk-17.0.10.7-hotspot\bin;C:\WINDOWS\SYSTEM32;C:\WINDOWS\WinSxS\amd64_microsoft.windows.common-controls_6595b64144ccf1df_6.0.22621.3527_none_270e469b73872a76;C:\Program Files\Eclipse Adoptium\jdk-17.0.10.7-hotspot\bin\server;C:\Users\Asus\.gradle\native\68d5fa5c4cc2d200863cafc0d521ce42e7d3e7ee720ec0a83991735586a16f82\windows-amd64;C:\Users\Asus\.gradle\native\jansi\1.18\windows64

VM Arguments:
jvm_args: -Xmx64m -Xms64m -Dorg.gradle.appname=gradlew 
java_command: org.gradle.wrapper.GradleWrapperMain app:installDebug -PreactNativeDevServerPort=8081
java_class_path (initial): C:\Users\Asus\OneDrive\Documents\KisanSamuh\android\\gradle\wrapper\gradle-wrapper.jar
Launcher Type: SUN_STANDARD

[Global flags]
     intx CICompilerCount                          = 4                                         {product} {ergonomic}
     uint ConcGCThreads                            = 3                                         {product} {ergonomic}
     uint G1ConcRefinementThreads                  = 10                                        {product} {ergonomic}
   size_t G1HeapRegionSize                         = 1048576                                   {product} {ergonomic}
    uintx GCDrainStackTargetSize                   = 64                                        {product} {ergonomic}
   size_t InitialHeapSize                          = 67108864                                  {product} {command line}
   size_t MarkStackSize                            = 4194304                                   {product} {ergonomic}
   size_t MaxHeapSize                              = 67108864                                  {product} {command line}
   size_t MaxNewSize                               = 39845888                                  {product} {ergonomic}
   size_t MinHeapDeltaBytes                        = 1048576                                   {product} {ergonomic}
   size_t MinHeapSize                              = 67108864                                  {product} {command line}
    uintx NonNMethodCodeHeapSize                   = 5839372                                {pd product} {ergonomic}
    uintx NonProfiledCodeHeapSize                  = 122909434                              {pd product} {ergonomic}
    uintx ProfiledCodeHeapSize                     = 122909434                              {pd product} {ergonomic}
    uintx ReservedCodeCacheSize                    = 251658240                              {pd product} {ergonomic}
     bool SegmentedCodeCache                       = true                                      {product} {ergonomic}
   size_t SoftMaxHeapSize                          = 67108864                               {manageable} {ergonomic}
     bool UseCompressedClassPointers               = true                           {product lp64_product} {ergonomic}
     bool UseCompressedOops                        = true                           {product lp64_product} {ergonomic}
     bool UseG1GC                                  = true                                      {product} {ergonomic}
     bool UseLargePagesIndividualAllocation        = false                                  {pd product} {ergonomic}

Logging:
Log output configuration:
 #0: stdout all=warning uptime,level,tags
 #1: stderr all=off uptime,level,tags

Environment Variables:
CLASSPATH=C:\Users\Asus\OneDrive\Documents\KisanSamuh\android\\gradle\wrapper\gradle-wrapper.jar
PATH=C:\Users\Asus\OneDrive\Documents\KisanSamuh\node_modules\.bin;C:\Users\Asus\OneDrive\Documents\KisanSamuh\node_modules\.bin;C:\Users\Asus\OneDrive\Documents\node_modules\.bin;C:\Users\Asus\OneDrive\node_modules\.bin;C:\Users\Asus\node_modules\.bin;C:\Users\node_modules\.bin;C:\node_modules\.bin;C:\Users\Asus\AppData\Roaming\npm\node_modules\npm\node_modules\@npmcli\run-script\lib\node-gyp-bin;C:\Program Files\Eclipse Adoptium\jdk-17.0.10.7-hotspot\bin;C:\Program Files\Eclipse Adoptium\jdk-11.0.22.7-hotspot\bin;C:\WINDOWS\system32;C:\WINDOWS;C:\WINDOWS\System32\Wbem;C:\WINDOWS\System32\WindowsPowerShell\v1.0\;C:\WINDOWS\System32\OpenSSH\;C:\Program Files\Git\cmd;C:\Users\Asus\AppData\Roaming\nvm;C:\Program Files\nodejs;C:\ProgramData\chocolatey\bin;C:\Program Files\nodejs\;C:\Users\Asus\AppData\Local\Android\Sdk\platform-tools;C:\Users\Asus\AppData\Local\Microsoft\WindowsApps;C:\Users\Asus\AppData\Local\Programs\Microsoft VS Code\bin;C:\Users\Asus\AppData\Roaming\nvm;C:\Program Files\nodejs;C:\Users\Asus\AppData\Roaming\npm
USERNAME=Asus
LANG=en_US.UTF-8
OS=Windows_NT
PROCESSOR_IDENTIFIER=AMD64 Family 25 Model 80 Stepping 0, AuthenticAMD
TMP=C:\Users\Asus\AppData\Local\Temp
TEMP=C:\Users\Asus\AppData\Local\Temp



Periodic native trim disabled


---------------  S Y S T E M  ---------------

OS:
 Windows 11 , 64 bit Build 22621 (10.0.22621.3527)
OS uptime: 20 days 6:39 hours
Hyper-V role detected

CPU: total 12 (initial active 12) (12 cores per cpu, 2 threads per core) family 25 model 80 stepping 0 microcode 0x0, cx8, cmov, fxsr, ht, mmx, 3dnowpref, sse, sse2, sse3, ssse3, sse4a, sse4.1, sse4.2, popcnt, lzcnt, tsc, tscinvbit, avx, avx2, aes, erms, clmul, bmi1, bmi2, adx, sha, fma, vzeroupper, clflush, clflushopt, hv
Processor Information for all 12 processors :
  Max Mhz: 3301, Current Mhz: 1908, Mhz Limit: 3301

Memory: 4k page, system-wide physical 7583M (387M free)
TotalPageFile size 27181M (AvailPageFile size 60M)
current process WorkingSet (physical memory assigned to process): 14M, peak: 93M
current process commit charge ("private bytes"): 167M, peak: 171M

vm_info: OpenJDK 64-Bit Server VM (17.0.10+7) for windows-amd64 JRE (17.0.10+7), built on Jan 16 2024 23:25:11 by "admin" with MS VC++ 16.10 / 16.11 (VS2019)

END.
