#
# There is insufficient memory for the Java Runtime Environment to continue.
# Native memory allocation (malloc) failed to allocate 150736 bytes for Chunk::new
# Possible reasons:
#   The system is out of physical RAM or swap space
#   The process is running with CompressedOops enabled, and the Java Heap may be blocking the growth of the native heap
# Possible solutions:
#   Reduce memory load on the system
#   Increase physical memory or swap space
#   Check if swap backing store is full
#   Decrease Java heap size (-Xmx/-Xms)
#   Decrease number of Java threads
#   Decrease Java thread stack sizes (-Xss)
#   Set larger code cache with -XX:ReservedCodeCacheSize=
#   JVM is running with Unscaled Compressed Oops mode in which the Java heap is
#     placed in the first 4GB address space. The Java Heap base address is the
#     maximum limit for the native heap growth. Please use -XX:HeapBaseMinAddress
#     to set the Java Heap base and to place the Java Heap above 4GB virtual address.
# This output file may be truncated or incomplete.
#
#  Out of Memory Error (arena.cpp:191), pid=10212, tid=19460
#
# JRE version: OpenJDK Runtime Environment Temurin-17.0.10+7 (17.0.10+7) (build 17.0.10+7)
# Java VM: OpenJDK 64-Bit Server VM Temurin-17.0.10+7 (17.0.10+7, mixed mode, sharing, tiered, compressed oops, compressed class ptrs, g1 gc, windows-amd64)
# No core dump will be written. Minidumps are not enabled by default on client versions of Windows
#

---------------  S U M M A R Y ------------

Command Line: -Xmx64m -Xms64m -Dorg.gradle.appname=gradlew org.gradle.wrapper.GradleWrapperMain app:installDebug -PreactNativeDevServerPort=8081

Host: AMD Ryzen 5 5600H with Radeon Graphics         , 12 cores, 7G,  Windows 11 , 64 bit Build 22621 (10.0.22621.3527)
Time: Fri Jun  7 09:15:16 2024 India Standard Time elapsed time: 47.265450 seconds (0d 0h 0m 47s)

---------------  T H R E A D  ---------------

Current thread (0x000001bc64fa4f00):  JavaThread "C2 CompilerThread0" daemon [_thread_in_native, id=19460, stack(0x0000000e15800000,0x0000000e15900000)]


Current CompileTask:
C2:  47265 1755       4       org.gradle.internal.logging.text.AbstractLineChoppingStyledTextOutput$1::execute (9 bytes)

Stack: [0x0000000e15800000,0x0000000e15900000]
Native frames: (J=compiled Java code, j=interpreted, Vv=VM code, C=native code)
V  [jvm.dll+0x67d2c9]
V  [jvm.dll+0x834afa]
V  [jvm.dll+0x8365be]
V  [jvm.dll+0x836c23]
V  [jvm.dll+0x2477ff]
V  [jvm.dll+0xac514]
V  [jvm.dll+0xacb5c]
V  [jvm.dll+0x2aed1f]
V  [jvm.dll+0x584b67]
V  [jvm.dll+0x2228a2]
V  [jvm.dll+0x21b942]
V  [jvm.dll+0x219201]
V  [jvm.dll+0x1a502d]
V  [jvm.dll+0x2290de]
V  [jvm.dll+0x2272ac]
V  [jvm.dll+0x7e9bb7]
V  [jvm.dll+0x7e3fba]
V  [jvm.dll+0x67c1b5]
C  [ucrtbase.dll+0x29333]
C  [KERNEL32.DLL+0x1257d]
C  [ntdll.dll+0x5aa48]


---------------  P R O C E S S  ---------------

Threads class SMR info:
_java_thread_list=0x000001bc65c898d0, length=13, elements={
0x000001bc49196c20, 0x000001bc64f775e0, 0x000001bc64f78460, 0x000001bc64f8ad30,
0x000001bc64f8b8f0, 0x000001bc64f8e2c0, 0x000001bc64f91090, 0x000001bc64fa4f00,
0x000001bc64fc6830, 0x000001bc64fc9150, 0x000001bc65202760, 0x000001bc652040b0,
0x000001bc65202c70
}

Java Threads: ( => current thread )
  0x000001bc49196c20 JavaThread "main" [_thread_in_vm, id=24508, stack(0x0000000e14b00000,0x0000000e14c00000)]
  0x000001bc64f775e0 JavaThread "Reference Handler" daemon [_thread_blocked, id=24876, stack(0x0000000e15200000,0x0000000e15300000)]
  0x000001bc64f78460 JavaThread "Finalizer" daemon [_thread_blocked, id=14488, stack(0x0000000e15300000,0x0000000e15400000)]
  0x000001bc64f8ad30 JavaThread "Signal Dispatcher" daemon [_thread_blocked, id=16952, stack(0x0000000e15400000,0x0000000e15500000)]
  0x000001bc64f8b8f0 JavaThread "Attach Listener" daemon [_thread_blocked, id=20668, stack(0x0000000e15500000,0x0000000e15600000)]
  0x000001bc64f8e2c0 JavaThread "Service Thread" daemon [_thread_blocked, id=22896, stack(0x0000000e15600000,0x0000000e15700000)]
  0x000001bc64f91090 JavaThread "Monitor Deflation Thread" daemon [_thread_blocked, id=13852, stack(0x0000000e15700000,0x0000000e15800000)]
=>0x000001bc64fa4f00 JavaThread "C2 CompilerThread0" daemon [_thread_in_native, id=19460, stack(0x0000000e15800000,0x0000000e15900000)]
  0x000001bc64fc6830 JavaThread "C1 CompilerThread0" daemon [_thread_blocked, id=14016, stack(0x0000000e15900000,0x0000000e15a00000)]
  0x000001bc64fc9150 JavaThread "Sweeper thread" daemon [_thread_blocked, id=27276, stack(0x0000000e15a00000,0x0000000e15b00000)]
  0x000001bc65202760 JavaThread "Notification Thread" daemon [_thread_blocked, id=15096, stack(0x0000000e15b00000,0x0000000e15c00000)]
  0x000001bc652040b0 JavaThread "Common-Cleaner" daemon [_thread_blocked, id=12004, stack(0x0000000e15d00000,0x0000000e15e00000)]
  0x000001bc65202c70 JavaThread "DisconnectableInputStream source reader" daemon [_thread_in_native, id=25608, stack(0x0000000e16400000,0x0000000e16500000)]

Other Threads:
  0x000001bc64f729c0 VMThread "VM Thread" [stack: 0x0000000e15100000,0x0000000e15200000] [id=30676]
  0x000001bc65206de0 WatcherThread [stack: 0x0000000e15c00000,0x0000000e15d00000] [id=29708]
  0x000001bc491b8150 GCTaskThread "GC Thread#0" [stack: 0x0000000e14c00000,0x0000000e14d00000] [id=1824]
  0x000001bc65bf6bc0 GCTaskThread "GC Thread#1" [stack: 0x0000000e15e00000,0x0000000e15f00000] [id=22432]
  0x000001bc65be0870 GCTaskThread "GC Thread#2" [stack: 0x0000000e15f00000,0x0000000e16000000] [id=9684]
  0x000001bc65a4d3b0 GCTaskThread "GC Thread#3" [stack: 0x0000000e16000000,0x0000000e16100000] [id=27616]
  0x000001bc65a4d670 GCTaskThread "GC Thread#4" [stack: 0x0000000e16100000,0x0000000e16200000] [id=16448]
  0x000001bc65c9b590 GCTaskThread "GC Thread#5" [stack: 0x0000000e16800000,0x0000000e16900000] [id=29004]
  0x000001bc65cdf8e0 GCTaskThread "GC Thread#6" [stack: 0x0000000e16900000,0x0000000e16a00000] [id=22192]
  0x000001bc65cdfba0 GCTaskThread "GC Thread#7" [stack: 0x0000000e16a00000,0x0000000e16b00000] [id=8692]
  0x000001bc491b98a0 ConcurrentGCThread "G1 Main Marker" [stack: 0x0000000e14d00000,0x0000000e14e00000] [id=23676]
  0x000001bc491ba2c0 ConcurrentGCThread "G1 Conc#0" [stack: 0x0000000e14e00000,0x0000000e14f00000] [id=14068]
  0x000001bc49226c00 ConcurrentGCThread "G1 Refine#0" [stack: 0x0000000e14f00000,0x0000000e15000000] [id=15844]
  0x000001bc49227630 ConcurrentGCThread "G1 Service" [stack: 0x0000000e15000000,0x0000000e15100000] [id=28484]

Threads with active compile tasks:
C2 CompilerThread0    47292 1755       4       org.gradle.internal.logging.text.AbstractLineChoppingStyledTextOutput$1::execute (9 bytes)

VM state: not at safepoint (normal execution)

VM Mutex/Monitor currently owned by a thread: None

Heap address: 0x00000000fc000000, size: 64 MB, Compressed Oops mode: 32-bit

CDS archive(s) mapped at: [0x000001bc00000000-0x000001bc00bb0000-0x000001bc00bb0000), size 12255232, SharedBaseAddress: 0x000001bc00000000, ArchiveRelocationMode: 1.
Compressed class space mapped at: 0x000001bc01000000-0x000001bc41000000, reserved size: 1073741824
Narrow klass base: 0x000001bc00000000, Narrow klass shift: 0, Narrow klass range: 0x100000000

GC Precious Log:
 CPUs: 12 total, 12 available
 Memory: 7583M
 Large Page Support: Disabled
 NUMA Support: Disabled
 Compressed Oops: Enabled (32-bit)
 Heap Region Size: 1M
 Heap Min Capacity: 64M
 Heap Initial Capacity: 64M
 Heap Max Capacity: 64M
 Pre-touch: Disabled
 Parallel Workers: 10
 Concurrent Workers: 3
 Concurrent Refinement Workers: 10
 Periodic GC: Disabled

Heap:
 garbage-first heap   total 65536K, used 13328K [0x00000000fc000000, 0x0000000100000000)
  region size 1024K, 4 young (4096K), 2 survivors (2048K)
 Metaspace       used 9510K, committed 9728K, reserved 1114112K
  class space    used 1247K, committed 1344K, reserved 1048576K

Heap Regions: E=young(eden), S=young(survivor), O=old, HS=humongous(starts), HC=humongous(continues), CS=collection set, F=free, OA=open archive, CA=closed archive, TAMS=top-at-mark-start (previous, next)
|   0|0x00000000fc000000, 0x00000000fc100000, 0x00000000fc100000|100%|HS|  |TAMS 0x00000000fc000000, 0x00000000fc000000| Complete 
|   1|0x00000000fc100000, 0x00000000fc200000, 0x00000000fc200000|100%|HC|  |TAMS 0x00000000fc100000, 0x00000000fc100000| Complete 
|   2|0x00000000fc200000, 0x00000000fc300000, 0x00000000fc300000|100%|HC|  |TAMS 0x00000000fc200000, 0x00000000fc200000| Complete 
|   3|0x00000000fc300000, 0x00000000fc400000, 0x00000000fc400000|100%|HC|  |TAMS 0x00000000fc300000, 0x00000000fc300000| Complete 
|   4|0x00000000fc400000, 0x00000000fc500000, 0x00000000fc500000|100%| O|  |TAMS 0x00000000fc400000, 0x00000000fc400000| Untracked 
|   5|0x00000000fc500000, 0x00000000fc600000, 0x00000000fc600000|100%| O|  |TAMS 0x00000000fc500000, 0x00000000fc500000| Untracked 
|   6|0x00000000fc600000, 0x00000000fc700000, 0x00000000fc700000|100%| O|  |TAMS 0x00000000fc600000, 0x00000000fc600000| Untracked 
|   7|0x00000000fc700000, 0x00000000fc800000, 0x00000000fc800000|100%| O|  |TAMS 0x00000000fc700000, 0x00000000fc700000| Untracked 
|   8|0x00000000fc800000, 0x00000000fc900000, 0x00000000fc900000|100%| O|  |TAMS 0x00000000fc800000, 0x00000000fc800000| Untracked 
|   9|0x00000000fc900000, 0x00000000fca00000, 0x00000000fca00000|100%| O|  |TAMS 0x00000000fc900000, 0x00000000fc900000| Untracked 
|  10|0x00000000fca00000, 0x00000000fca76c00, 0x00000000fcb00000| 46%| O|  |TAMS 0x00000000fca00000, 0x00000000fca00000| Untracked 
|  11|0x00000000fcb00000, 0x00000000fcb00000, 0x00000000fcc00000|  0%| F|  |TAMS 0x00000000fcb00000, 0x00000000fcb00000| Untracked 
|  12|0x00000000fcc00000, 0x00000000fcc00000, 0x00000000fcd00000|  0%| F|  |TAMS 0x00000000fcc00000, 0x00000000fcc00000| Untracked 
|  13|0x00000000fcd00000, 0x00000000fcd00000, 0x00000000fce00000|  0%| F|  |TAMS 0x00000000fcd00000, 0x00000000fcd00000| Untracked 
|  14|0x00000000fce00000, 0x00000000fce00000, 0x00000000fcf00000|  0%| F|  |TAMS 0x00000000fce00000, 0x00000000fce00000| Untracked 
|  15|0x00000000fcf00000, 0x00000000fcf00000, 0x00000000fd000000|  0%| F|  |TAMS 0x00000000fcf00000, 0x00000000fcf00000| Untracked 
|  16|0x00000000fd000000, 0x00000000fd000000, 0x00000000fd100000|  0%| F|  |TAMS 0x00000000fd000000, 0x00000000fd000000| Untracked 
|  17|0x00000000fd100000, 0x00000000fd100000, 0x00000000fd200000|  0%| F|  |TAMS 0x00000000fd100000, 0x00000000fd100000| Untracked 
|  18|0x00000000fd200000, 0x00000000fd200000, 0x00000000fd300000|  0%| F|  |TAMS 0x00000000fd200000, 0x00000000fd200000| Untracked 
|  19|0x00000000fd300000, 0x00000000fd300000, 0x00000000fd400000|  0%| F|  |TAMS 0x00000000fd300000, 0x00000000fd300000| Untracked 
|  20|0x00000000fd400000, 0x00000000fd400000, 0x00000000fd500000|  0%| F|  |TAMS 0x00000000fd400000, 0x00000000fd400000| Untracked 
|  21|0x00000000fd500000, 0x00000000fd500000, 0x00000000fd600000|  0%| F|  |TAMS 0x00000000fd500000, 0x00000000fd500000| Untracked 
|  22|0x00000000fd600000, 0x00000000fd600000, 0x00000000fd700000|  0%| F|  |TAMS 0x00000000fd600000, 0x00000000fd600000| Untracked 
|  23|0x00000000fd700000, 0x00000000fd700000, 0x00000000fd800000|  0%| F|  |TAMS 0x00000000fd700000, 0x00000000fd700000| Untracked 
|  24|0x00000000fd800000, 0x00000000fd800000, 0x00000000fd900000|  0%| F|  |TAMS 0x00000000fd800000, 0x00000000fd800000| Untracked 
|  25|0x00000000fd900000, 0x00000000fd900000, 0x00000000fda00000|  0%| F|  |TAMS 0x00000000fd900000, 0x00000000fd900000| Untracked 
|  26|0x00000000fda00000, 0x00000000fda00000, 0x00000000fdb00000|  0%| F|  |TAMS 0x00000000fda00000, 0x00000000fda00000| Untracked 
|  27|0x00000000fdb00000, 0x00000000fdb00000, 0x00000000fdc00000|  0%| F|  |TAMS 0x00000000fdb00000, 0x00000000fdb00000| Untracked 
|  28|0x00000000fdc00000, 0x00000000fdc00000, 0x00000000fdd00000|  0%| F|  |TAMS 0x00000000fdc00000, 0x00000000fdc00000| Untracked 
|  29|0x00000000fdd00000, 0x00000000fdd00000, 0x00000000fde00000|  0%| F|  |TAMS 0x00000000fdd00000, 0x00000000fdd00000| Untracked 
|  30|0x00000000fde00000, 0x00000000fde00000, 0x00000000fdf00000|  0%| F|  |TAMS 0x00000000fde00000, 0x00000000fde00000| Untracked 
|  31|0x00000000fdf00000, 0x00000000fdf00000, 0x00000000fe000000|  0%| F|  |TAMS 0x00000000fdf00000, 0x00000000fdf00000| Untracked 
|  32|0x00000000fe000000, 0x00000000fe000000, 0x00000000fe100000|  0%| F|  |TAMS 0x00000000fe000000, 0x00000000fe000000| Untracked 
|  33|0x00000000fe100000, 0x00000000fe100000, 0x00000000fe200000|  0%| F|  |TAMS 0x00000000fe100000, 0x00000000fe100000| Untracked 
|  34|0x00000000fe200000, 0x00000000fe200000, 0x00000000fe300000|  0%| F|  |TAMS 0x00000000fe200000, 0x00000000fe200000| Untracked 
|  35|0x00000000fe300000, 0x00000000fe300000, 0x00000000fe400000|  0%| F|  |TAMS 0x00000000fe300000, 0x00000000fe300000| Untracked 
|  36|0x00000000fe400000, 0x00000000fe400000, 0x00000000fe500000|  0%| F|  |TAMS 0x00000000fe400000, 0x00000000fe400000| Untracked 
|  37|0x00000000fe500000, 0x00000000fe58d720, 0x00000000fe600000| 55%| S|CS|TAMS 0x00000000fe500000, 0x00000000fe500000| Complete 
|  38|0x00000000fe600000, 0x00000000fe600000, 0x00000000fe700000|  0%| F|  |TAMS 0x00000000fe600000, 0x00000000fe600000| Untracked 
|  39|0x00000000fe700000, 0x00000000fe700000, 0x00000000fe800000|  0%| F|  |TAMS 0x00000000fe700000, 0x00000000fe700000| Untracked 
|  40|0x00000000fe800000, 0x00000000fe800000, 0x00000000fe900000|  0%| F|  |TAMS 0x00000000fe800000, 0x00000000fe800000| Untracked 
|  41|0x00000000fe900000, 0x00000000fea00000, 0x00000000fea00000|100%| S|CS|TAMS 0x00000000fe900000, 0x00000000fe900000| Complete 
|  42|0x00000000fea00000, 0x00000000fea00000, 0x00000000feb00000|  0%| F|  |TAMS 0x00000000fea00000, 0x00000000fea00000| Untracked 
|  43|0x00000000feb00000, 0x00000000feb00000, 0x00000000fec00000|  0%| F|  |TAMS 0x00000000feb00000, 0x00000000feb00000| Untracked 
|  44|0x00000000fec00000, 0x00000000fec00000, 0x00000000fed00000|  0%| F|  |TAMS 0x00000000fec00000, 0x00000000fec00000| Untracked 
|  45|0x00000000fed00000, 0x00000000fed00000, 0x00000000fee00000|  0%| F|  |TAMS 0x00000000fed00000, 0x00000000fed00000| Untracked 
|  46|0x00000000fee00000, 0x00000000fee00000, 0x00000000fef00000|  0%| F|  |TAMS 0x00000000fee00000, 0x00000000fee00000| Untracked 
|  47|0x00000000fef00000, 0x00000000fef00000, 0x00000000ff000000|  0%| F|  |TAMS 0x00000000fef00000, 0x00000000fef00000| Untracked 
|  48|0x00000000ff000000, 0x00000000ff000000, 0x00000000ff100000|  0%| F|  |TAMS 0x00000000ff000000, 0x00000000ff000000| Untracked 
|  49|0x00000000ff100000, 0x00000000ff100000, 0x00000000ff200000|  0%| F|  |TAMS 0x00000000ff100000, 0x00000000ff100000| Untracked 
|  50|0x00000000ff200000, 0x00000000ff200000, 0x00000000ff300000|  0%| F|  |TAMS 0x00000000ff200000, 0x00000000ff200000| Untracked 
|  51|0x00000000ff300000, 0x00000000ff300000, 0x00000000ff400000|  0%| F|  |TAMS 0x00000000ff300000, 0x00000000ff300000| Untracked 
|  52|0x00000000ff400000, 0x00000000ff400000, 0x00000000ff500000|  0%| F|  |TAMS 0x00000000ff400000, 0x00000000ff400000| Untracked 
|  53|0x00000000ff500000, 0x00000000ff500000, 0x00000000ff600000|  0%| F|  |TAMS 0x00000000ff500000, 0x00000000ff500000| Untracked 
|  54|0x00000000ff600000, 0x00000000ff600000, 0x00000000ff700000|  0%| F|  |TAMS 0x00000000ff600000, 0x00000000ff600000| Untracked 
|  55|0x00000000ff700000, 0x00000000ff700000, 0x00000000ff800000|  0%| F|  |TAMS 0x00000000ff700000, 0x00000000ff700000| Untracked 
|  56|0x00000000ff800000, 0x00000000ff800000, 0x00000000ff900000|  0%| F|  |TAMS 0x00000000ff800000, 0x00000000ff800000| Untracked 
|  57|0x00000000ff900000, 0x00000000ff900000, 0x00000000ffa00000|  0%| F|  |TAMS 0x00000000ff900000, 0x00000000ff900000| Untracked 
|  58|0x00000000ffa00000, 0x00000000ffa00000, 0x00000000ffb00000|  0%| F|  |TAMS 0x00000000ffa00000, 0x00000000ffa00000| Untracked 
|  59|0x00000000ffb00000, 0x00000000ffb00000, 0x00000000ffc00000|  0%| F|  |TAMS 0x00000000ffb00000, 0x00000000ffb00000| Untracked 
|  60|0x00000000ffc00000, 0x00000000ffc00000, 0x00000000ffd00000|  0%| F|  |TAMS 0x00000000ffc00000, 0x00000000ffc00000| Untracked 
|  61|0x00000000ffd00000, 0x00000000ffd00000, 0x00000000ffe00000|  0%| F|  |TAMS 0x00000000ffd00000, 0x00000000ffd00000| Untracked 
|  62|0x00000000ffe00000, 0x00000000fff00000, 0x00000000fff00000|100%| E|  |TAMS 0x00000000ffe00000, 0x00000000ffe00000| Complete 
|  63|0x00000000fff00000, 0x0000000100000000, 0x0000000100000000|100%| E|CS|TAMS 0x00000000fff00000, 0x00000000fff00000| Complete 

Card table byte_map: [0x000001bc49270000,0x000001bc49290000] _byte_map_base: 0x000001bc48a90000

Marking Bits (Prev, Next): (CMBitMap*) 0x000001bc491b8770, (CMBitMap*) 0x000001bc491b87b0
 Prev Bits: [0x000001bc62180000, 0x000001bc62280000)
 Next Bits: [0x000001bc62280000, 0x000001bc62380000)

Polling page: 0x000001bc48ee0000

Metaspace:

Usage:
  Non-class:      8.07 MB used.
      Class:      1.22 MB used.
       Both:      9.29 MB used.

Virtual space:
  Non-class space:       64.00 MB reserved,       8.19 MB ( 13%) committed,  1 nodes.
      Class space:        1.00 GB reserved,       1.31 MB ( <1%) committed,  1 nodes.
             Both:        1.06 GB reserved,       9.50 MB ( <1%) committed. 

Chunk freelists:
   Non-Class:  7.64 MB
       Class:  14.58 MB
        Both:  22.22 MB

MaxMetaspaceSize: unlimited
CompressedClassSpaceSize: 1.00 GB
Initial GC threshold: 21.00 MB
Current GC threshold: 21.00 MB
CDS: on
MetaspaceReclaimPolicy: balanced
 - commit_granule_bytes: 65536.
 - commit_granule_words: 8192.
 - virtual_space_node_default_size: 8388608.
 - enlarge_chunks_in_place: 1.
 - new_chunks_are_fully_committed: 0.
 - uncommit_free_chunks: 1.
 - use_allocation_guard: 0.
 - handle_deallocations: 1.


Internal statistics:

num_allocs_failed_limit: 0.
num_arena_births: 82.
num_arena_deaths: 0.
num_vsnodes_births: 2.
num_vsnodes_deaths: 0.
num_space_committed: 152.
num_space_uncommitted: 0.
num_chunks_returned_to_freelist: 0.
num_chunks_taken_from_freelist: 333.
num_chunk_merges: 0.
num_chunk_splits: 232.
num_chunks_enlarged: 191.
num_inconsistent_stats: 0.

CodeHeap 'non-profiled nmethods': size=120000Kb used=733Kb max_used=733Kb free=119266Kb
 bounds [0x000001bc59f90000, 0x000001bc5a200000, 0x000001bc614c0000]
CodeHeap 'profiled nmethods': size=120000Kb used=3267Kb max_used=3267Kb free=116733Kb
 bounds [0x000001bc524c0000, 0x000001bc52800000, 0x000001bc599f0000]
CodeHeap 'non-nmethods': size=5760Kb used=1170Kb max_used=1190Kb free=4589Kb
 bounds [0x000001bc599f0000, 0x000001bc59c60000, 0x000001bc59f90000]
 total_blobs=2229 nmethods=1761 adapters=381
 compilation: enabled
              stopped_count=0, restarted_count=0
 full_count=0

Compilation events (20 events):
Event: 47.255 Thread 0x000001bc64fc6830 1750       3       java.io.OutputStreamWriter::append (34 bytes)
Event: 47.255 Thread 0x000001bc64fc6830 nmethod 1750 0x000001bc527ead10 code [0x000001bc527eaf20, 0x000001bc527eb6a8]
Event: 47.255 Thread 0x000001bc64fc6830 1751       3       java.io.Writer::write (11 bytes)
Event: 47.255 Thread 0x000001bc64fa4f00 nmethod 1747 0x000001bc5a046810 code [0x000001bc5a0469a0, 0x000001bc5a046ae8]
Event: 47.255 Thread 0x000001bc64fa4f00 1748       4       org.gradle.internal.logging.text.AbstractLineChoppingStyledTextOutput$StateContext::hasChar (25 bytes)
Event: 47.255 Thread 0x000001bc64fc6830 nmethod 1751 0x000001bc527eb910 code [0x000001bc527ebac0, 0x000001bc527ebda8]
Event: 47.255 Thread 0x000001bc64fc6830 1754       3       java.nio.CharBuffer::hasArray (20 bytes)
Event: 47.255 Thread 0x000001bc64fc6830 nmethod 1754 0x000001bc527ebf10 code [0x000001bc527ec0a0, 0x000001bc527ec258]
Event: 47.255 Thread 0x000001bc64fc6830 1757       3       java.io.OutputStreamWriter::flush (8 bytes)
Event: 47.256 Thread 0x000001bc64fa4f00 nmethod 1748 0x000001bc5a046c90 code [0x000001bc5a046e00, 0x000001bc5a046e98]
Event: 47.256 Thread 0x000001bc64fa4f00 1755       4       org.gradle.internal.logging.text.AbstractLineChoppingStyledTextOutput$1::execute (9 bytes)
Event: 47.256 Thread 0x000001bc64fc6830 nmethod 1757 0x000001bc527ec310 code [0x000001bc527ec520, 0x000001bc527ecb48]
Event: 47.256 Thread 0x000001bc64fc6830 1758   !   3       sun.nio.cs.StreamEncoder::flush (26 bytes)
Event: 47.256 Thread 0x000001bc64fc6830 nmethod 1758 0x000001bc527ece90 code [0x000001bc527ed080, 0x000001bc527ed648]
Event: 47.256 Thread 0x000001bc64fc6830 1759       3       sun.nio.cs.StreamEncoder::implFlush (19 bytes)
Event: 47.256 Thread 0x000001bc64fc6830 nmethod 1759 0x000001bc527ed990 code [0x000001bc527edb60, 0x000001bc527ede78]
Event: 47.257 Thread 0x000001bc64fc6830 1752       3       sun.nio.cs.StreamEncoder::write (37 bytes)
Event: 47.257 Thread 0x000001bc64fc6830 nmethod 1752 0x000001bc527edf90 code [0x000001bc527ee160, 0x000001bc527ee4a8]
Event: 47.257 Thread 0x000001bc64fc6830 1753   !   3       sun.nio.cs.StreamEncoder::write (78 bytes)
Event: 47.257 Thread 0x000001bc64fc6830 nmethod 1753 0x000001bc527ee610 code [0x000001bc527ee840, 0x000001bc527eef38]

GC Heap History (4 events):
Event: 0.619 GC heap before
{Heap before GC invocations=0 (full 0):
 garbage-first heap   total 65536K, used 26624K [0x00000000fc000000, 0x0000000100000000)
  region size 1024K, 23 young (23552K), 0 survivors (0K)
 Metaspace       used 3799K, committed 3904K, reserved 1114112K
  class space    used 465K, committed 512K, reserved 1048576K
}
Event: 0.625 GC heap after
{Heap after GC invocations=1 (full 0):
 garbage-first heap   total 65536K, used 10684K [0x00000000fc000000, 0x0000000100000000)
  region size 1024K, 3 young (3072K), 3 survivors (3072K)
 Metaspace       used 3799K, committed 3904K, reserved 1114112K
  class space    used 465K, committed 512K, reserved 1048576K
}
Event: 47.168 GC heap before
{Heap before GC invocations=1 (full 0):
 garbage-first heap   total 65536K, used 33212K [0x00000000fc000000, 0x0000000100000000)
  region size 1024K, 25 young (25600K), 3 survivors (3072K)
 Metaspace       used 9407K, committed 9600K, reserved 1114112K
  class space    used 1229K, committed 1344K, reserved 1048576K
}
Event: 47.226 GC heap after
{Heap after GC invocations=2 (full 0):
 garbage-first heap   total 65536K, used 12304K [0x00000000fc000000, 0x0000000100000000)
  region size 1024K, 2 young (2048K), 2 survivors (2048K)
 Metaspace       used 9407K, committed 9600K, reserved 1114112K
  class space    used 1229K, committed 1344K, reserved 1048576K
}

Dll operation events (13 events):
Event: 0.005 Loaded shared library C:\Program Files\Eclipse Adoptium\jdk-17.0.10.7-hotspot\bin\java.dll
Event: 0.018 Loaded shared library C:\Program Files\Eclipse Adoptium\jdk-17.0.10.7-hotspot\bin\jsvml.dll
Event: 0.040 Loaded shared library C:\Program Files\Eclipse Adoptium\jdk-17.0.10.7-hotspot\bin\net.dll
Event: 0.043 Loaded shared library C:\Program Files\Eclipse Adoptium\jdk-17.0.10.7-hotspot\bin\nio.dll
Event: 0.047 Loaded shared library C:\Program Files\Eclipse Adoptium\jdk-17.0.10.7-hotspot\bin\zip.dll
Event: 0.316 Loaded shared library C:\Program Files\Eclipse Adoptium\jdk-17.0.10.7-hotspot\bin\jimage.dll
Event: 0.388 Loaded shared library C:\Program Files\Eclipse Adoptium\jdk-17.0.10.7-hotspot\bin\verify.dll
Event: 0.658 Loaded shared library C:\Users\Asus\.gradle\native\68d5fa5c4cc2d200863cafc0d521ce42e7d3e7ee720ec0a83991735586a16f82\windows-amd64\native-platform.dll
Event: 0.680 Loaded shared library C:\Users\Asus\.gradle\native\jansi\1.18\windows64\jansi.dll
Event: 0.803 Loaded shared library C:\Program Files\Eclipse Adoptium\jdk-17.0.10.7-hotspot\bin\management.dll
Event: 0.807 Loaded shared library C:\Program Files\Eclipse Adoptium\jdk-17.0.10.7-hotspot\bin\management_ext.dll
Event: 0.986 Loaded shared library C:\Program Files\Eclipse Adoptium\jdk-17.0.10.7-hotspot\bin\extnet.dll
Event: 1.021 Loaded shared library C:\Program Files\Eclipse Adoptium\jdk-17.0.10.7-hotspot\bin\sunmscapi.dll

Deoptimization events (20 events):
Event: 47.226 Thread 0x000001bc65203180 Uncommon trap: trap_request=0xffffff45 fr.pc=0x000001bc5a033f94 relative=0x0000000000000214
Event: 47.226 Thread 0x000001bc65203180 Uncommon trap: reason=unstable_if action=reinterpret pc=0x000001bc5a033f94 method=org.gradle.internal.logging.sink.GroupingProgressLogEventGenerator.onOutput(Lorg/gradle/internal/logging/events/OutputEvent;)V @ 22 c2
Event: 47.226 Thread 0x000001bc65203180 DEOPT PACKING pc=0x000001bc5a033f94 sp=0x0000000e162fec90
Event: 47.226 Thread 0x000001bc65203180 DEOPT UNPACKING pc=0x000001bc59a469a3 sp=0x0000000e162febc0 mode 2
Event: 47.244 Thread 0x000001bc49196c20 Uncommon trap: trap_request=0xffffff45 fr.pc=0x000001bc5a034cb8 relative=0x0000000000000138
Event: 47.244 Thread 0x000001bc49196c20 Uncommon trap: reason=unstable_if action=reinterpret pc=0x000001bc5a034cb8 method=java.util.concurrent.locks.ReentrantLock$NonfairSync.initialTryLock()Z @ 10 c2
Event: 47.244 Thread 0x000001bc49196c20 DEOPT PACKING pc=0x000001bc5a034cb8 sp=0x0000000e14bfc420
Event: 47.244 Thread 0x000001bc49196c20 DEOPT UNPACKING pc=0x000001bc59a469a3 sp=0x0000000e14bfc3c8 mode 2
Event: 47.244 Thread 0x000001bc49196c20 Uncommon trap: trap_request=0xffffff45 fr.pc=0x000001bc5a0345bc relative=0x00000000000000bc
Event: 47.244 Thread 0x000001bc49196c20 Uncommon trap: reason=unstable_if action=reinterpret pc=0x000001bc5a0345bc method=java.util.concurrent.locks.ReentrantLock$Sync.tryRelease(I)Z @ 26 c2
Event: 47.244 Thread 0x000001bc49196c20 DEOPT PACKING pc=0x000001bc5a0345bc sp=0x0000000e14bfc420
Event: 47.244 Thread 0x000001bc49196c20 DEOPT UNPACKING pc=0x000001bc59a469a3 sp=0x0000000e14bfc3c0 mode 2
Event: 47.253 Thread 0x000001bc49196c20 Uncommon trap: trap_request=0xffffff45 fr.pc=0x000001bc5a02db40 relative=0x0000000000000100
Event: 47.253 Thread 0x000001bc49196c20 Uncommon trap: reason=unstable_if action=reinterpret pc=0x000001bc5a02db40 method=org.gradle.internal.logging.sink.OutputEventRenderer.onOutput(Lorg/gradle/internal/logging/events/OutputEvent;)V @ 4 c2
Event: 47.253 Thread 0x000001bc49196c20 DEOPT PACKING pc=0x000001bc5a02db40 sp=0x0000000e14bfceb0
Event: 47.253 Thread 0x000001bc49196c20 DEOPT UNPACKING pc=0x000001bc59a469a3 sp=0x0000000e14bfce50 mode 2
Event: 47.253 Thread 0x000001bc49196c20 Uncommon trap: trap_request=0xffffff45 fr.pc=0x000001bc5a0288ac relative=0x0000000000000cec
Event: 47.253 Thread 0x000001bc49196c20 Uncommon trap: reason=unstable_if action=reinterpret pc=0x000001bc5a0288ac method=org.gradle.internal.logging.console.ThrottlingOutputEventListener.onOutput(Lorg/gradle/internal/logging/events/OutputEvent;)V @ 51 c2
Event: 47.253 Thread 0x000001bc49196c20 DEOPT PACKING pc=0x000001bc5a0288ac sp=0x0000000e14bfccf0
Event: 47.253 Thread 0x000001bc49196c20 DEOPT UNPACKING pc=0x000001bc59a469a3 sp=0x0000000e14bfc7e8 mode 2

Classes unloaded (0 events):
No events

Classes redefined (0 events):
No events

Internal exceptions (20 events):
Event: 0.590 Thread 0x000001bc49196c20 Exception <a 'java/lang/NoSuchMethodError'{0x00000000fe9297a0}: 'void java.lang.invoke.DirectMethodHandle$Holder.invokeStatic(java.lang.Object, java.lang.Object)'> (0x00000000fe9297a0) 
thrown [s\src\hotspot\share\interpreter\linkResolver.cpp, line 759]
Event: 0.611 Thread 0x000001bc49196c20 Exception <a 'java/lang/NoClassDefFoundError'{0x00000000fe9b0538}: org/slf4j/impl/StaticMarkerBinder> (0x00000000fe9b0538) 
thrown [s\src\hotspot\share\classfile\systemDictionary.cpp, line 245]
Event: 0.634 Thread 0x000001bc49196c20 Exception <a 'java/lang/NoSuchMethodError'{0x00000000fff58660}: 'java.lang.Object java.lang.invoke.DirectMethodHandle$Holder.invokeVirtual(java.lang.Object, java.lang.Object, java.lang.Object, java.lang.Object, java.lang.Object, java.lang.Object, java.lang.Object)'> (0x00000000fff58660) 
thrown [s\src\hotspot\share\interpreter\linkResolver.cpp, line 759]
Event: 0.636 Thread 0x000001bc49196c20 Exception <a 'java/lang/NoSuchMethodError'{0x00000000fff69bf0}: 'java.lang.Object java.lang.invoke.Invokers$Holder.invoker(java.lang.Object, java.lang.Object, java.lang.Object)'> (0x00000000fff69bf0) 
thrown [s\src\hotspot\share\interpreter\linkResolver.cpp, line 759]
Event: 0.637 Thread 0x000001bc49196c20 Exception <a 'java/lang/NoSuchMethodError'{0x00000000fffab550}: 'java.lang.Object java.lang.invoke.DirectMethodHandle$Holder.invokeStatic(java.lang.Object, java.lang.Object, int)'> (0x00000000fffab550) 
thrown [s\src\hotspot\share\interpreter\linkResolver.cpp, line 759]
Event: 0.638 Thread 0x000001bc49196c20 Exception <a 'java/lang/NoSuchMethodError'{0x00000000fffb7240}: 'void java.lang.invoke.DelegatingMethodHandle$Holder.delegate(java.lang.Object, java.lang.Object, int, java.lang.Object)'> (0x00000000fffb7240) 
thrown [s\src\hotspot\share\interpreter\linkResolver.cpp, line 759]
Event: 0.639 Thread 0x000001bc49196c20 Exception <a 'java/lang/NoSuchMethodError'{0x00000000fffbb408}: 'int java.lang.invoke.DirectMethodHandle$Holder.invokeSpecial(java.lang.Object, java.lang.Object, java.lang.Object)'> (0x00000000fffbb408) 
thrown [s\src\hotspot\share\interpreter\linkResolver.cpp, line 759]
Event: 0.641 Thread 0x000001bc49196c20 Exception <a 'java/lang/NoSuchMethodError'{0x00000000fffce550}: 'java.lang.Object java.lang.invoke.Invokers$Holder.invokeExact_MT(java.lang.Object, java.lang.Object, java.lang.Object, java.lang.Object)'> (0x00000000fffce550) 
thrown [s\src\hotspot\share\interpreter\linkResolver.cpp, line 759]
Event: 0.776 Thread 0x000001bc49196c20 Exception <a 'java/lang/NoSuchMethodError'{0x00000000ff9fb9e8}: 'void java.lang.invoke.DirectMethodHandle$Holder.invokeSpecial(java.lang.Object, java.lang.Object, java.lang.Object)'> (0x00000000ff9fb9e8) 
thrown [s\src\hotspot\share\interpreter\linkResolver.cpp, line 759]
Event: 0.785 Thread 0x000001bc49196c20 Implicit null exception at 0x000001bc59fe820c to 0x000001bc59fe8750
Event: 0.785 Thread 0x000001bc49196c20 Implicit null exception at 0x000001bc59fce28c to 0x000001bc59fce7e4
Event: 0.801 Thread 0x000001bc49196c20 Exception <a 'java/lang/NoSuchMethodError'{0x00000000ff7498b0}: 'java.lang.Object java.lang.invoke.DirectMethodHandle$Holder.invokeStaticInit(java.lang.Object)'> (0x00000000ff7498b0) 
thrown [s\src\hotspot\share\interpreter\linkResolver.cpp, line 759]
Event: 0.871 Thread 0x000001bc49196c20 Exception <a 'java/lang/NoSuchMethodError'{0x00000000ff33e438}: 'java.lang.Object java.lang.invoke.DirectMethodHandle$Holder.invokeStaticInit(java.lang.Object, int, int, int, int)'> (0x00000000ff33e438) 
thrown [s\src\hotspot\share\interpreter\linkResolver.cpp, line 759]
Event: 0.917 Thread 0x000001bc49196c20 Exception <a 'java/lang/NoSuchMethodError'{0x00000000ff396db0}: 'java.lang.Object java.lang.invoke.DirectMethodHandle$Holder.invokeStaticInit(java.lang.Object, java.lang.Object, int, int, int, int)'> (0x00000000ff396db0) 
thrown [s\src\hotspot\share\interpreter\linkResolver.cpp, line 759]
Event: 0.988 Thread 0x000001bc49196c20 Exception <a 'java/lang/NoSuchMethodError'{0x00000000ff3c4518}: 'void java.lang.invoke.DirectMethodHandle$Holder.invokeStatic(java.lang.Object, java.lang.Object, java.lang.Object)'> (0x00000000ff3c4518) 
thrown [s\src\hotspot\share\interpreter\linkResolver.cpp, line 759]
Event: 1.001 Thread 0x000001bc49196c20 Implicit null exception at 0x000001bc59fc96f2 to 0x000001bc59fc9cc0
Event: 1.002 Thread 0x000001bc49196c20 Implicit null exception at 0x000001bc59fca372 to 0x000001bc59fca950
Event: 47.148 Thread 0x000001bc49196c20 Exception <a 'sun/net/ConnectionResetException'{0x00000000fea80ae8}: Connection reset> (0x00000000fea80ae8) 
thrown [s\src\hotspot\share\prims\jni.cpp, line 535]
Event: 47.233 Thread 0x000001bc49196c20 Exception <a 'java/lang/NoSuchMethodError'{0x00000000fffad470}: 'int java.lang.invoke.DirectMethodHandle$Holder.invokeVirtual(java.lang.Object, java.lang.Object)'> (0x00000000fffad470) 
thrown [s\src\hotspot\share\interpreter\linkResolver.cpp, line 759]
Event: 47.245 Thread 0x000001bc65200e10 Exception <a 'java/io/IOException'{0x00000000ffe000a0}: Connection reset by peer> (0x00000000ffe000a0) 
thrown [s\src\hotspot\share\prims\jni.cpp, line 535]

VM Operations (20 events):
Event: 30.941 Executing VM operation: Cleanup
Event: 30.941 Executing VM operation: Cleanup done
Event: 35.991 Executing VM operation: Cleanup
Event: 35.991 Executing VM operation: Cleanup done
Event: 38.014 Executing VM operation: Cleanup
Event: 38.014 Executing VM operation: Cleanup done
Event: 39.025 Executing VM operation: Cleanup
Event: 39.025 Executing VM operation: Cleanup done
Event: 40.031 Executing VM operation: Cleanup
Event: 40.031 Executing VM operation: Cleanup done
Event: 44.048 Executing VM operation: Cleanup
Event: 44.048 Executing VM operation: Cleanup done
Event: 45.050 Executing VM operation: Cleanup
Event: 45.050 Executing VM operation: Cleanup done
Event: 46.053 Executing VM operation: Cleanup
Event: 46.053 Executing VM operation: Cleanup done
Event: 47.168 Executing VM operation: G1CollectForAllocation
Event: 47.226 Executing VM operation: G1CollectForAllocation done
Event: 47.244 Executing VM operation: HandshakeAllThreads
Event: 47.244 Executing VM operation: HandshakeAllThreads done

Events (20 events):
Event: 43.126 loading class sun/util/logging/PlatformLogger$ConfigurableBridge$LoggerConfiguration
Event: 43.126 loading class sun/util/logging/PlatformLogger$ConfigurableBridge$LoggerConfiguration done
Event: 43.126 loading class sun/util/logging/internal/LoggingProviderImpl$JULWrapper done
Event: 43.126 loading class java/io/ObjectInputFilter
Event: 43.127 loading class java/io/ObjectInputFilter done
Event: 43.127 loading class java/io/ObjectInputFilter$Config$BuiltinFilterFactory
Event: 43.127 loading class java/io/ObjectInputFilter$Config$BuiltinFilterFactory done
Event: 43.127 loading class jdk/internal/access/JavaObjectInputFilterAccess
Event: 43.127 loading class jdk/internal/access/JavaObjectInputFilterAccess done
Event: 43.128 loading class java/lang/System$Logger$Level
Event: 43.129 loading class java/lang/System$Logger$Level done
Event: 43.129 loading class java/io/Bits
Event: 43.129 loading class java/io/Bits done
Event: 47.146 loading class sun/net/ConnectionResetException
Event: 47.146 loading class sun/net/ConnectionResetException done
Event: 47.239 loading class java/util/concurrent/locks/AbstractQueuedSynchronizer$ExclusiveNode
Event: 47.239 loading class java/util/concurrent/locks/AbstractQueuedSynchronizer$ExclusiveNode done
Event: 47.250 Thread 0x000001bc65200e10 Thread exited: 0x000001bc65200e10
Event: 47.251 loading class java/util/concurrent/ConcurrentLinkedQueue$Itr
Event: 47.252 loading class java/util/concurrent/ConcurrentLinkedQueue$Itr done


Dynamic libraries:
0x00007ff605de0000 - 0x00007ff605dee000 	C:\Program Files\Eclipse Adoptium\jdk-17.0.10.7-hotspot\bin\java.exe
0x00007ffbb3710000 - 0x00007ffbb3927000 	C:\WINDOWS\SYSTEM32\ntdll.dll
0x00007ffbb1ee0000 - 0x00007ffbb1fa4000 	C:\WINDOWS\System32\KERNEL32.DLL
0x00007ffbb0e50000 - 0x00007ffbb11f7000 	C:\WINDOWS\System32\KERNELBASE.dll
0x00007ffbb1320000 - 0x00007ffbb1431000 	C:\WINDOWS\System32\ucrtbase.dll
0x00007ffb9bbe0000 - 0x00007ffb9bbf7000 	C:\Program Files\Eclipse Adoptium\jdk-17.0.10.7-hotspot\bin\jli.dll
0x00007ffb8d280000 - 0x00007ffb8d29b000 	C:\Program Files\Eclipse Adoptium\jdk-17.0.10.7-hotspot\bin\VCRUNTIME140.dll
0x00007ffbb20b0000 - 0x00007ffbb225e000 	C:\WINDOWS\System32\USER32.dll
0x00007ffbb12f0000 - 0x00007ffbb1316000 	C:\WINDOWS\System32\win32u.dll
0x00007ffba35c0000 - 0x00007ffba3853000 	C:\WINDOWS\WinSxS\amd64_microsoft.windows.common-controls_6595b64144ccf1df_6.0.22621.3527_none_270e469b73872a76\COMCTL32.dll
0x00007ffbb14a0000 - 0x00007ffbb14c9000 	C:\WINDOWS\System32\GDI32.dll
0x00007ffbb0af0000 - 0x00007ffbb0c09000 	C:\WINDOWS\System32\gdi32full.dll
0x00007ffbb30e0000 - 0x00007ffbb3187000 	C:\WINDOWS\System32\msvcrt.dll
0x00007ffbb0c10000 - 0x00007ffbb0caa000 	C:\WINDOWS\System32\msvcp_win.dll
0x00007ffbb3020000 - 0x00007ffbb3051000 	C:\WINDOWS\System32\IMM32.DLL
0x00007ffb9bbd0000 - 0x00007ffb9bbdc000 	C:\Program Files\Eclipse Adoptium\jdk-17.0.10.7-hotspot\bin\vcruntime140_1.dll
0x00007ffb8d1f0000 - 0x00007ffb8d27d000 	C:\Program Files\Eclipse Adoptium\jdk-17.0.10.7-hotspot\bin\msvcp140.dll
0x00007ffb68950000 - 0x00007ffb695b2000 	C:\Program Files\Eclipse Adoptium\jdk-17.0.10.7-hotspot\bin\server\jvm.dll
0x00007ffbb1550000 - 0x00007ffbb1602000 	C:\WINDOWS\System32\ADVAPI32.dll
0x00007ffbb1a90000 - 0x00007ffbb1b38000 	C:\WINDOWS\System32\sechost.dll
0x00007ffbb0cb0000 - 0x00007ffbb0cd8000 	C:\WINDOWS\System32\bcrypt.dll
0x00007ffbb3340000 - 0x00007ffbb3455000 	C:\WINDOWS\System32\RPCRT4.dll
0x00007ffbaf870000 - 0x00007ffbaf8bd000 	C:\WINDOWS\SYSTEM32\POWRPROF.dll
0x00007ffbae5b0000 - 0x00007ffbae5b9000 	C:\WINDOWS\SYSTEM32\WSOCK32.dll
0x00007ffbabdb0000 - 0x00007ffbabde4000 	C:\WINDOWS\SYSTEM32\WINMM.dll
0x00007ffbb1da0000 - 0x00007ffbb1e11000 	C:\WINDOWS\System32\WS2_32.dll
0x00007ffba8ba0000 - 0x00007ffba8baa000 	C:\WINDOWS\SYSTEM32\VERSION.dll
0x00007ffbaf850000 - 0x00007ffbaf863000 	C:\WINDOWS\SYSTEM32\UMPDC.dll
0x00007ffbafaa0000 - 0x00007ffbafab8000 	C:\WINDOWS\SYSTEM32\kernel.appcore.dll
0x00007ffb99430000 - 0x00007ffb9943a000 	C:\Program Files\Eclipse Adoptium\jdk-17.0.10.7-hotspot\bin\jimage.dll
0x00007ffbae1f0000 - 0x00007ffbae422000 	C:\WINDOWS\SYSTEM32\DBGHELP.DLL
0x00007ffbb2c00000 - 0x00007ffbb2f88000 	C:\WINDOWS\System32\combase.dll
0x00007ffbb2ae0000 - 0x00007ffbb2bb7000 	C:\WINDOWS\System32\OLEAUT32.dll
0x00007ffba9a10000 - 0x00007ffba9a42000 	C:\WINDOWS\SYSTEM32\dbgcore.DLL
0x00007ffbb1200000 - 0x00007ffbb1279000 	C:\WINDOWS\System32\bcryptPrimitives.dll
0x00007ffb83ae0000 - 0x00007ffb83b05000 	C:\Program Files\Eclipse Adoptium\jdk-17.0.10.7-hotspot\bin\java.dll
0x00007ffb7d3a0000 - 0x00007ffb7d477000 	C:\Program Files\Eclipse Adoptium\jdk-17.0.10.7-hotspot\bin\jsvml.dll
0x00007ffbb2260000 - 0x00007ffbb2abc000 	C:\WINDOWS\System32\SHELL32.dll
0x00007ffbae930000 - 0x00007ffbaf226000 	C:\WINDOWS\SYSTEM32\windows.storage.dll
0x00007ffbae7f0000 - 0x00007ffbae92e000 	C:\WINDOWS\SYSTEM32\wintypes.dll
0x00007ffbb1fb0000 - 0x00007ffbb20a5000 	C:\WINDOWS\System32\SHCORE.dll
0x00007ffbb1e80000 - 0x00007ffbb1ede000 	C:\WINDOWS\System32\shlwapi.dll
0x00007ffbb0960000 - 0x00007ffbb0981000 	C:\WINDOWS\SYSTEM32\profapi.dll
0x00007ffb85060000 - 0x00007ffb85079000 	C:\Program Files\Eclipse Adoptium\jdk-17.0.10.7-hotspot\bin\net.dll
0x00007ffbac9d0000 - 0x00007ffbacb06000 	C:\WINDOWS\SYSTEM32\WINHTTP.dll
0x00007ffbaff60000 - 0x00007ffbaffc9000 	C:\WINDOWS\system32\mswsock.dll
0x00007ffb84fc0000 - 0x00007ffb84fd6000 	C:\Program Files\Eclipse Adoptium\jdk-17.0.10.7-hotspot\bin\nio.dll
0x00007ffb835a0000 - 0x00007ffb835b8000 	C:\Program Files\Eclipse Adoptium\jdk-17.0.10.7-hotspot\bin\zip.dll
0x00007ffbaaa20000 - 0x00007ffbaaa30000 	C:\Program Files\Eclipse Adoptium\jdk-17.0.10.7-hotspot\bin\verify.dll
0x00007ffb7c580000 - 0x00007ffb7c5a7000 	C:\Users\Asus\.gradle\native\68d5fa5c4cc2d200863cafc0d521ce42e7d3e7ee720ec0a83991735586a16f82\windows-amd64\native-platform.dll
0x00007ffbaccc0000 - 0x00007ffbaccca000 	C:\Users\Asus\.gradle\native\jansi\1.18\windows64\jansi.dll
0x00007ffb95580000 - 0x00007ffb95589000 	C:\Program Files\Eclipse Adoptium\jdk-17.0.10.7-hotspot\bin\management.dll
0x00007ffb94500000 - 0x00007ffb9450b000 	C:\Program Files\Eclipse Adoptium\jdk-17.0.10.7-hotspot\bin\management_ext.dll
0x00007ffbb2bc0000 - 0x00007ffbb2bc8000 	C:\WINDOWS\System32\PSAPI.DLL
0x00007ffbb0200000 - 0x00007ffbb021b000 	C:\WINDOWS\SYSTEM32\CRYPTSP.dll
0x00007ffbafa60000 - 0x00007ffbafa95000 	C:\WINDOWS\system32\rsaenh.dll
0x00007ffbb0000000 - 0x00007ffbb0028000 	C:\WINDOWS\SYSTEM32\USERENV.dll
0x00007ffbb0170000 - 0x00007ffbb017c000 	C:\WINDOWS\SYSTEM32\CRYPTBASE.dll
0x00007ffbaf500000 - 0x00007ffbaf52d000 	C:\WINDOWS\SYSTEM32\IPHLPAPI.DLL
0x00007ffbb1440000 - 0x00007ffbb1449000 	C:\WINDOWS\System32\NSI.dll
0x00007ffbac560000 - 0x00007ffbac579000 	C:\WINDOWS\SYSTEM32\dhcpcsvc6.DLL
0x00007ffbac440000 - 0x00007ffbac45f000 	C:\WINDOWS\SYSTEM32\dhcpcsvc.DLL
0x00007ffbaf530000 - 0x00007ffbaf628000 	C:\WINDOWS\SYSTEM32\DNSAPI.dll
0x00007ffb917b0000 - 0x00007ffb917b9000 	C:\Program Files\Eclipse Adoptium\jdk-17.0.10.7-hotspot\bin\extnet.dll
0x00007ffb93fa0000 - 0x00007ffb93fae000 	C:\Program Files\Eclipse Adoptium\jdk-17.0.10.7-hotspot\bin\sunmscapi.dll
0x00007ffbb0ce0000 - 0x00007ffbb0e48000 	C:\WINDOWS\System32\CRYPT32.dll
0x00007ffbb03d0000 - 0x00007ffbb03fe000 	C:\WINDOWS\SYSTEM32\ncrypt.dll
0x00007ffbb0390000 - 0x00007ffbb03c7000 	C:\WINDOWS\SYSTEM32\NTASN1.dll
0x00007ffb937a0000 - 0x00007ffb937a8000 	C:\WINDOWS\system32\wshunix.dll

dbghelp: loaded successfully - version: 4.0.5 - missing functions: none
symbol engine: initialized successfully - sym options: 0x614 - pdb path: .;C:\Program Files\Eclipse Adoptium\jdk-17.0.10.7-hotspot\bin;C:\WINDOWS\SYSTEM32;C:\WINDOWS\WinSxS\amd64_microsoft.windows.common-controls_6595b64144ccf1df_6.0.22621.3527_none_270e469b73872a76;C:\Program Files\Eclipse Adoptium\jdk-17.0.10.7-hotspot\bin\server;C:\Users\Asus\.gradle\native\68d5fa5c4cc2d200863cafc0d521ce42e7d3e7ee720ec0a83991735586a16f82\windows-amd64;C:\Users\Asus\.gradle\native\jansi\1.18\windows64

VM Arguments:
jvm_args: -Xmx64m -Xms64m -Dorg.gradle.appname=gradlew 
java_command: org.gradle.wrapper.GradleWrapperMain app:installDebug -PreactNativeDevServerPort=8081
java_class_path (initial): C:\Users\Asus\OneDrive\Documents\KisanSamuh\android\\gradle\wrapper\gradle-wrapper.jar
Launcher Type: SUN_STANDARD

[Global flags]
     intx CICompilerCount                          = 4                                         {product} {ergonomic}
     uint ConcGCThreads                            = 3                                         {product} {ergonomic}
     uint G1ConcRefinementThreads                  = 10                                        {product} {ergonomic}
   size_t G1HeapRegionSize                         = 1048576                                   {product} {ergonomic}
    uintx GCDrainStackTargetSize                   = 64                                        {product} {ergonomic}
   size_t InitialHeapSize                          = 67108864                                  {product} {command line}
   size_t MarkStackSize                            = 4194304                                   {product} {ergonomic}
   size_t MaxHeapSize                              = 67108864                                  {product} {command line}
   size_t MaxNewSize                               = 39845888                                  {product} {ergonomic}
   size_t MinHeapDeltaBytes                        = 1048576                                   {product} {ergonomic}
   size_t MinHeapSize                              = 67108864                                  {product} {command line}
    uintx NonNMethodCodeHeapSize                   = 5839372                                {pd product} {ergonomic}
    uintx NonProfiledCodeHeapSize                  = 122909434                              {pd product} {ergonomic}
    uintx ProfiledCodeHeapSize                     = 122909434                              {pd product} {ergonomic}
    uintx ReservedCodeCacheSize                    = 251658240                              {pd product} {ergonomic}
     bool SegmentedCodeCache                       = true                                      {product} {ergonomic}
   size_t SoftMaxHeapSize                          = 67108864                               {manageable} {ergonomic}
     bool UseCompressedClassPointers               = true                           {product lp64_product} {ergonomic}
     bool UseCompressedOops                        = true                           {product lp64_product} {ergonomic}
     bool UseG1GC                                  = true                                      {product} {ergonomic}
     bool UseLargePagesIndividualAllocation        = false                                  {pd product} {ergonomic}

Logging:
Log output configuration:
 #0: stdout all=warning uptime,level,tags
 #1: stderr all=off uptime,level,tags

Environment Variables:
CLASSPATH=C:\Users\Asus\OneDrive\Documents\KisanSamuh\android\\gradle\wrapper\gradle-wrapper.jar
PATH=C:\Users\Asus\OneDrive\Documents\KisanSamuh\node_modules\.bin;C:\Users\Asus\OneDrive\Documents\KisanSamuh\node_modules\.bin;C:\Users\Asus\OneDrive\Documents\node_modules\.bin;C:\Users\Asus\OneDrive\node_modules\.bin;C:\Users\Asus\node_modules\.bin;C:\Users\node_modules\.bin;C:\node_modules\.bin;C:\Users\Asus\AppData\Roaming\npm\node_modules\npm\node_modules\@npmcli\run-script\lib\node-gyp-bin;C:\Program Files\Eclipse Adoptium\jdk-17.0.10.7-hotspot\bin;C:\Program Files\Eclipse Adoptium\jdk-11.0.22.7-hotspot\bin;C:\WINDOWS\system32;C:\WINDOWS;C:\WINDOWS\System32\Wbem;C:\WINDOWS\System32\WindowsPowerShell\v1.0\;C:\WINDOWS\System32\OpenSSH\;C:\Program Files\Git\cmd;C:\Users\Asus\AppData\Roaming\nvm;C:\Program Files\nodejs;C:\ProgramData\chocolatey\bin;C:\Program Files\nodejs\;C:\Users\Asus\AppData\Local\Android\Sdk\platform-tools;C:\Users\Asus\AppData\Local\Microsoft\WindowsApps;C:\Users\Asus\AppData\Local\Programs\Microsoft VS Code\bin;C:\Users\Asus\AppData\Roaming\nvm;C:\Program Files\nodejs;C:\Users\Asus\AppData\Roaming\npm
USERNAME=Asus
LANG=en_US.UTF-8
OS=Windows_NT
PROCESSOR_IDENTIFIER=AMD64 Family 25 Model 80 Stepping 0, AuthenticAMD
TMP=C:\Users\Asus\AppData\Local\Temp
TEMP=C:\Users\Asus\AppData\Local\Temp



Periodic native trim disabled


---------------  S Y S T E M  ---------------

OS:
 Windows 11 , 64 bit Build 22621 (10.0.22621.3527)
OS uptime: 18 days 23:04 hours
Hyper-V role detected

CPU: total 12 (initial active 12) (12 cores per cpu, 2 threads per core) family 25 model 80 stepping 0 microcode 0x0, cx8, cmov, fxsr, ht, mmx, 3dnowpref, sse, sse2, sse3, ssse3, sse4a, sse4.1, sse4.2, popcnt, lzcnt, tsc, tscinvbit, avx, avx2, aes, erms, clmul, bmi1, bmi2, adx, sha, fma, vzeroupper, clflush, clflushopt, hv
Processor Information for all 12 processors :
  Max Mhz: 3301, Current Mhz: 3301, Mhz Limit: 3301

Memory: 4k page, system-wide physical 7583M (489M free)
TotalPageFile size 27181M (AvailPageFile size 604M)
current process WorkingSet (physical memory assigned to process): 72M, peak: 93M
current process commit charge ("private bytes"): 168M, peak: 170M

vm_info: OpenJDK 64-Bit Server VM (17.0.10+7) for windows-amd64 JRE (17.0.10+7), built on Jan 16 2024 23:25:11 by "admin" with MS VC++ 16.10 / 16.11 (VS2019)

END.
